This file contains any messages produced by compilers while
running configure, to aid debugging if configure makes a mistake.

It was created by libdecnumber configure  , which was
generated by GNU Autoconf 2.64.  Invocation command line was

  $ /mnt/petrelfs/sunluoyi/autoacd/code/CLAP_distribute/src/laion_clap/evaluate/gdb-7.10.1/libdecnumber/configure --srcdir=.././libdecnumber --cache-file=./config.cache --prefix=/mnt/petrelfs/sunluoyi/gdb --program-transform-name=s,y,y, --disable-option-checking --build=x86_64-unknown-linux-gnu --host=x86_64-unknown-linux-gnu --target=x86_64-unknown-linux-gnu

## --------- ##
## Platform. ##
## --------- ##

hostname = SH-IDC1-10-140-0-31
uname -m = x86_64
uname -r = 3.10.0-957.el7.x86_64
uname -s = Linux
uname -v = #1 SMP Thu Nov 8 23:39:32 UTC 2018

/usr/bin/uname -p = x86_64
/bin/uname -X     = unknown

/bin/arch              = x86_64
/usr/bin/arch -k       = unknown
/usr/convex/getsysinfo = unknown
/usr/bin/hostinfo      = unknown
/bin/machine           = unknown
/usr/bin/oslevel       = unknown
/bin/universe          = unknown

PATH: /mnt/petrelfs/sunluoyi/anaconda3/envs/clap/bin
PATH: /mnt/petrelfs/sunluoyi/anaconda3/bin
PATH: /usr/local/sbin
PATH: /usr/local/bin
PATH: /usr/sbin
PATH: /usr/bin
PATH: /root/bin
PATH: /usr/local/fping/sbin
PATH: /usr/local/fping/sbin
PATH: /mnt/petrelfs/sunluoyi/.local/bin
PATH: /mnt/petrelfs/sunluoyi/bin


## ----------- ##
## Core tests. ##
## ----------- ##

configure:2140: loading cache ./config.cache
configure:2251: checking whether make sets $(MAKE)
configure:2273: result: yes
configure:2290: checking for x86_64-unknown-linux-gnu-gcc
configure:2317: result: gcc
configure:2586: checking for C compiler version
configure:2595: gcc --version >&5
gcc (GCC) 4.8.5 20150623 (Red Hat 4.8.5-44)
Copyright (C) 2015 Free Software Foundation, Inc.
This is free software; see the source for copying conditions.  There is NO
warranty; not even for MERCHANTABILITY or FITNESS FOR A PARTICULAR PURPOSE.

configure:2606: $? = 0
configure:2595: gcc -v >&5
Using built-in specs.
COLLECT_GCC=gcc
COLLECT_LTO_WRAPPER=/usr/libexec/gcc/x86_64-redhat-linux/4.8.5/lto-wrapper
Target: x86_64-redhat-linux
Configured with: ../configure --prefix=/usr --mandir=/usr/share/man --infodir=/usr/share/info --with-bugurl=http://bugzilla.redhat.com/bugzilla --enable-bootstrap --enable-shared --enable-threads=posix --enable-checking=release --with-system-zlib --enable-__cxa_atexit --disable-libunwind-exceptions --enable-gnu-unique-object --enable-linker-build-id --with-linker-hash-style=gnu --enable-languages=c,c++,objc,obj-c++,java,fortran,ada,go,lto --enable-plugin --enable-initfini-array --disable-libgcj --with-isl=/builddir/build/BUILD/gcc-4.8.5-20150702/obj-x86_64-redhat-linux/isl-install --with-cloog=/builddir/build/BUILD/gcc-4.8.5-20150702/obj-x86_64-redhat-linux/cloog-install --enable-gnu-indirect-function --with-tune=generic --with-arch_32=x86-64 --build=x86_64-redhat-linux
Thread model: posix
gcc version 4.8.5 20150623 (Red Hat 4.8.5-44) (GCC) 
configure:2606: $? = 0
configure:2595: gcc -V >&5
gcc: error: unrecognized command line option '-V'
gcc: fatal error: no input files
compilation terminated.
configure:2606: $? = 4
configure:2595: gcc -qversion >&5
gcc: error: unrecognized command line option '-qversion'
gcc: fatal error: no input files
compilation terminated.
configure:2606: $? = 4
configure:2626: checking for C compiler default output file name
configure:2648: gcc -g -O2    conftest.c  >&5
configure:2652: $? = 0
configure:2689: result: a.out
configure:2705: checking whether the C compiler works
configure:2714: ./a.out
configure:2718: $? = 0
configure:2733: result: yes
configure:2740: checking whether we are cross compiling
configure:2742: result: no
configure:2745: checking for suffix of executables
configure:2752: gcc -o conftest -g -O2    conftest.c  >&5
configure:2756: $? = 0
configure:2778: result: 
configure:2784: checking for suffix of object files
configure:2831: result: o
configure:2835: checking whether we are using the GNU C compiler
configure:2863: result: yes
configure:2872: checking whether gcc accepts -g
configure:2933: result: yes
configure:2950: checking for gcc option to accept ISO C89
configure:3027: result: none needed
configure:3050: checking for x86_64-unknown-linux-gnu-ranlib
configure:3077: result: ranlib
configure:3145: checking for aclocal
configure:3172: result: aclocal
configure:3188: checking for autoconf
configure:3215: result: autoconf
configure:3231: checking for autoheader
configure:3258: result: autoheader
configure:3288: checking whether gcc supports -W
configure:3314: result: yes
configure:3288: checking whether gcc supports -Wall
configure:3314: result: yes
configure:3288: checking whether gcc supports -Wwrite-strings
configure:3314: result: yes
configure:3288: checking whether gcc supports -Wstrict-prototypes
configure:3314: result: yes
configure:3288: checking whether gcc supports -Wmissing-prototypes
configure:3314: result: yes
configure:3288: checking whether gcc supports -Wold-style-definition
configure:3314: result: yes
configure:3288: checking whether gcc supports -Wmissing-format-attribute
configure:3314: result: yes
configure:3288: checking whether gcc supports -Wcast-qual
configure:3314: result: yes
configure:3326: checking whether gcc supports -pedantic -Wlong-long
configure:3352: result: yes
configure:3383: checking how to run the C preprocessor
configure:3453: result: gcc -E
configure:3473: gcc -E  conftest.c
configure:3473: $? = 0
configure:3487: gcc -E  conftest.c
conftest.c:9:28: fatal error: ac_nonexistent.h: No such file or directory
 #include <ac_nonexistent.h>
                            ^
compilation terminated.
configure:3487: $? = 1
configure: failed program was:
| /* confdefs.h */
| #define PACKAGE_NAME "libdecnumber"
| #define PACKAGE_TARNAME "libdecnumber"
| #define PACKAGE_VERSION " "
| #define PACKAGE_STRING "libdecnumber  "
| #define PACKAGE_BUGREPORT "gcc-bugs@gcc.gnu.org"
| #define PACKAGE_URL ""
| /* end confdefs.h.  */
| #include <ac_nonexistent.h>
configure:3516: checking for grep that handles long lines and -e
configure:3574: result: /usr/bin/grep
configure:3579: checking for egrep
configure:3641: result: /usr/bin/grep -E
configure:3646: checking for ANSI C header files
configure:3750: result: yes
configure:3763: checking for sys/types.h
configure:3763: result: yes
configure:3763: checking for sys/stat.h
configure:3763: result: yes
configure:3763: checking for stdlib.h
configure:3763: result: yes
configure:3763: checking for string.h
configure:3763: result: yes
configure:3763: checking for memory.h
configure:3763: result: yes
configure:3763: checking for strings.h
configure:3763: result: yes
configure:3763: checking for inttypes.h
configure:3763: result: yes
configure:3763: checking for stdint.h
configure:3763: result: yes
configure:3763: checking for unistd.h
configure:3763: result: yes
configure:3779: checking for ctype.h
configure:3779: result: yes
configure:3779: checking for stddef.h
configure:3779: result: yes
configure:3779: checking for string.h
configure:3779: result: yes
configure:3779: checking for stdio.h
configure:3779: result: yes
configure:3803: checking for uintmax_t
configure:3803: gcc -c -g -O2  conftest.c >&5
configure:3803: $? = 0
configure:3803: gcc -c -g -O2  conftest.c >&5
conftest.c: In function 'main':
conftest.c:29:24: error: expected expression before ')' token
 if (sizeof ((uintmax_t)))
                        ^
configure:3803: $? = 1
configure: failed program was:
| /* confdefs.h */
| #define PACKAGE_NAME "libdecnumber"
| #define PACKAGE_TARNAME "libdecnumber"
| #define PACKAGE_VERSION " "
| #define PACKAGE_STRING "libdecnumber  "
| #define PACKAGE_BUGREPORT "gcc-bugs@gcc.gnu.org"
| #define PACKAGE_URL ""
| #define STDC_HEADERS 1
| #define HAVE_SYS_TYPES_H 1
| #define HAVE_SYS_STAT_H 1
| #define HAVE_STDLIB_H 1
| #define HAVE_STRING_H 1
| #define HAVE_MEMORY_H 1
| #define HAVE_STRINGS_H 1
| #define HAVE_INTTYPES_H 1
| #define HAVE_STDINT_H 1
| #define HAVE_UNISTD_H 1
| #define HAVE_CTYPE_H 1
| #define HAVE_STDDEF_H 1
| #define HAVE_STRING_H 1
| #define HAVE_STDIO_H 1
| /* end confdefs.h.  */
| #include <sys/types.h>
| #include <stdint.h>
| 
| int
| main ()
| {
| if (sizeof ((uintmax_t)))
| 	    return 0;
|   ;
|   return 0;
| }
configure:3803: result: yes
configure:3812: checking for uintptr_t
configure:3812: gcc -c -g -O2  conftest.c >&5
configure:3812: $? = 0
configure:3812: gcc -c -g -O2  conftest.c >&5
conftest.c: In function 'main':
conftest.c:29:24: error: expected expression before ')' token
 if (sizeof ((uintptr_t)))
                        ^
configure:3812: $? = 1
configure: failed program was:
| /* confdefs.h */
| #define PACKAGE_NAME "libdecnumber"
| #define PACKAGE_TARNAME "libdecnumber"
| #define PACKAGE_VERSION " "
| #define PACKAGE_STRING "libdecnumber  "
| #define PACKAGE_BUGREPORT "gcc-bugs@gcc.gnu.org"
| #define PACKAGE_URL ""
| #define STDC_HEADERS 1
| #define HAVE_SYS_TYPES_H 1
| #define HAVE_SYS_STAT_H 1
| #define HAVE_STDLIB_H 1
| #define HAVE_STRING_H 1
| #define HAVE_MEMORY_H 1
| #define HAVE_STRINGS_H 1
| #define HAVE_INTTYPES_H 1
| #define HAVE_STDINT_H 1
| #define HAVE_UNISTD_H 1
| #define HAVE_CTYPE_H 1
| #define HAVE_STDDEF_H 1
| #define HAVE_STRING_H 1
| #define HAVE_STDIO_H 1
| /* end confdefs.h.  */
| #include <sys/types.h>
| #include <stdint.h>
| 
| int
| main ()
| {
| if (sizeof ((uintptr_t)))
| 	    return 0;
|   ;
|   return 0;
| }
configure:3812: result: yes
configure:3821: checking for int_least32_t
configure:3821: gcc -c -g -O2  conftest.c >&5
configure:3821: $? = 0
configure:3821: gcc -c -g -O2  conftest.c >&5
conftest.c: In function 'main':
conftest.c:29:28: error: expected expression before ')' token
 if (sizeof ((int_least32_t)))
                            ^
configure:3821: $? = 1
configure: failed program was:
| /* confdefs.h */
| #define PACKAGE_NAME "libdecnumber"
| #define PACKAGE_TARNAME "libdecnumber"
| #define PACKAGE_VERSION " "
| #define PACKAGE_STRING "libdecnumber  "
| #define PACKAGE_BUGREPORT "gcc-bugs@gcc.gnu.org"
| #define PACKAGE_URL ""
| #define STDC_HEADERS 1
| #define HAVE_SYS_TYPES_H 1
| #define HAVE_SYS_STAT_H 1
| #define HAVE_STDLIB_H 1
| #define HAVE_STRING_H 1
| #define HAVE_MEMORY_H 1
| #define HAVE_STRINGS_H 1
| #define HAVE_INTTYPES_H 1
| #define HAVE_STDINT_H 1
| #define HAVE_UNISTD_H 1
| #define HAVE_CTYPE_H 1
| #define HAVE_STDDEF_H 1
| #define HAVE_STRING_H 1
| #define HAVE_STDIO_H 1
| /* end confdefs.h.  */
| #include <sys/types.h>
| #include <stdint.h>
| 
| int
| main ()
| {
| if (sizeof ((int_least32_t)))
| 	    return 0;
|   ;
|   return 0;
| }
configure:3821: result: yes
configure:3830: checking for int_fast32_t
configure:3830: gcc -c -g -O2  conftest.c >&5
configure:3830: $? = 0
configure:3830: gcc -c -g -O2  conftest.c >&5
conftest.c: In function 'main':
conftest.c:29:27: error: expected expression before ')' token
 if (sizeof ((int_fast32_t)))
                           ^
configure:3830: $? = 1
configure: failed program was:
| /* confdefs.h */
| #define PACKAGE_NAME "libdecnumber"
| #define PACKAGE_TARNAME "libdecnumber"
| #define PACKAGE_VERSION " "
| #define PACKAGE_STRING "libdecnumber  "
| #define PACKAGE_BUGREPORT "gcc-bugs@gcc.gnu.org"
| #define PACKAGE_URL ""
| #define STDC_HEADERS 1
| #define HAVE_SYS_TYPES_H 1
| #define HAVE_SYS_STAT_H 1
| #define HAVE_STDLIB_H 1
| #define HAVE_STRING_H 1
| #define HAVE_MEMORY_H 1
| #define HAVE_STRINGS_H 1
| #define HAVE_INTTYPES_H 1
| #define HAVE_STDINT_H 1
| #define HAVE_UNISTD_H 1
| #define HAVE_CTYPE_H 1
| #define HAVE_STDDEF_H 1
| #define HAVE_STRING_H 1
| #define HAVE_STDIO_H 1
| /* end confdefs.h.  */
| #include <sys/types.h>
| #include <stdint.h>
| 
| int
| main ()
| {
| if (sizeof ((int_fast32_t)))
| 	    return 0;
|   ;
|   return 0;
| }
configure:3830: result: yes
configure:3839: checking for uint64_t
configure:3839: gcc -c -g -O2  conftest.c >&5
configure:3839: $? = 0
configure:3839: gcc -c -g -O2  conftest.c >&5
conftest.c: In function 'main':
conftest.c:29:23: error: expected expression before ')' token
 if (sizeof ((uint64_t)))
                       ^
configure:3839: $? = 1
configure: failed program was:
| /* confdefs.h */
| #define PACKAGE_NAME "libdecnumber"
| #define PACKAGE_TARNAME "libdecnumber"
| #define PACKAGE_VERSION " "
| #define PACKAGE_STRING "libdecnumber  "
| #define PACKAGE_BUGREPORT "gcc-bugs@gcc.gnu.org"
| #define PACKAGE_URL ""
| #define STDC_HEADERS 1
| #define HAVE_SYS_TYPES_H 1
| #define HAVE_SYS_STAT_H 1
| #define HAVE_STDLIB_H 1
| #define HAVE_STRING_H 1
| #define HAVE_MEMORY_H 1
| #define HAVE_STRINGS_H 1
| #define HAVE_INTTYPES_H 1
| #define HAVE_STDINT_H 1
| #define HAVE_UNISTD_H 1
| #define HAVE_CTYPE_H 1
| #define HAVE_STDDEF_H 1
| #define HAVE_STRING_H 1
| #define HAVE_STDIO_H 1
| /* end confdefs.h.  */
| #include <sys/types.h>
| #include <stdint.h>
| 
| int
| main ()
| {
| if (sizeof ((uint64_t)))
| 	    return 0;
|   ;
|   return 0;
| }
configure:3839: result: yes
configure:3920: checking what to include in gstdint.h
configure:3948: result: stdint.h (already complete)
configure:4198: checking for an ANSI C-conforming const
configure:4270: result: yes
configure:4278: checking for off_t
configure:4278: result: yes
configure:4293: checking size of int
configure:4313: result: 4
configure:4327: checking size of long
configure:4347: result: 8
configure:4359: checking for ANSI C header files
configure:4463: result: yes
configure:4491: checking build system type
configure:4505: result: x86_64-unknown-linux-gnu
configure:4525: checking host system type
configure:4538: result: x86_64-unknown-linux-gnu
configure:4558: checking target system type
configure:4571: result: x86_64-unknown-linux-gnu
configure:4600: checking for decimal floating point
configure:4665: result: bid
configure:4670: checking whether byte ordering is bigendian
configure:4876: result: no
configure:5014: creating ./config.status

## ---------------------- ##
## Running config.status. ##
## ---------------------- ##

This file was extended by libdecnumber config.status  , which was
generated by GNU Autoconf 2.64.  Invocation command line was

  CONFIG_FILES    = 
  CONFIG_HEADERS  = 
  CONFIG_LINKS    = 
  CONFIG_COMMANDS = 
  $ ./config.status 

on SH-IDC1-10-140-0-31

config.status:855: creating Makefile
config.status:855: creating config.h
config.status:1016: config.h is unchanged
config.status:1030: executing gstdint.h commands

## ---------------- ##
## Cache variables. ##
## ---------------- ##

ac_cv_build=x86_64-unknown-linux-gnu
ac_cv_c_bigendian=no
ac_cv_c_compiler_gnu=yes
ac_cv_c_const=yes
ac_cv_env_CC_set=set
ac_cv_env_CC_value=gcc
ac_cv_env_CFLAGS_set=set
ac_cv_env_CFLAGS_value='-g -O2'
ac_cv_env_CPPFLAGS_set=
ac_cv_env_CPPFLAGS_value=
ac_cv_env_CPP_set=
ac_cv_env_CPP_value=
ac_cv_env_LDFLAGS_set=set
ac_cv_env_LDFLAGS_value=' '
ac_cv_env_LIBS_set=
ac_cv_env_LIBS_value=
ac_cv_env_build_alias_set=set
ac_cv_env_build_alias_value=x86_64-unknown-linux-gnu
ac_cv_env_host_alias_set=set
ac_cv_env_host_alias_value=x86_64-unknown-linux-gnu
ac_cv_env_target_alias_set=set
ac_cv_env_target_alias_value=x86_64-unknown-linux-gnu
ac_cv_header_ctype_h=yes
ac_cv_header_inttypes_h=yes
ac_cv_header_memory_h=yes
ac_cv_header_stdc=yes
ac_cv_header_stddef_h=yes
ac_cv_header_stdint_h=yes
ac_cv_header_stdio_h=yes
ac_cv_header_stdlib_h=yes
ac_cv_header_string_h=yes
ac_cv_header_strings_h=yes
ac_cv_header_sys_stat_h=yes
ac_cv_header_sys_types_h=yes
ac_cv_header_unistd_h=yes
ac_cv_host=x86_64-unknown-linux-gnu
ac_cv_objext=o
ac_cv_path_EGREP='/usr/bin/grep -E'
ac_cv_path_GREP=/usr/bin/grep
ac_cv_prog_ACLOCAL=aclocal
ac_cv_prog_AUTOCONF=autoconf
ac_cv_prog_AUTOHEADER=autoheader
ac_cv_prog_CC=gcc
ac_cv_prog_CPP='gcc -E'
ac_cv_prog_RANLIB=ranlib
ac_cv_prog_cc_c89=
ac_cv_prog_cc_g=yes
ac_cv_prog_make_make_set=yes
ac_cv_sizeof_int=4
ac_cv_sizeof_long=8
ac_cv_target=x86_64-unknown-linux-gnu
ac_cv_type_int_fast32_t=yes
ac_cv_type_int_least32_t=yes
ac_cv_type_off_t=yes
ac_cv_type_u_int64_t=no
ac_cv_type_uint64_t=yes
ac_cv_type_uintmax_t=yes
ac_cv_type_uintptr_t=yes
acx_cv_header_stdint=stdint.h
acx_cv_header_stdint_kind='(already complete)'
acx_cv_prog_cc_pedantic__Wlong_long=yes
acx_cv_prog_cc_warning__W=yes
acx_cv_prog_cc_warning__Wall=yes
acx_cv_prog_cc_warning__Wcast_qual=yes
acx_cv_prog_cc_warning__Wmissing_format_attribute=yes
acx_cv_prog_cc_warning__Wmissing_prototypes=yes
acx_cv_prog_cc_warning__Wold_style_definition=yes
acx_cv_prog_cc_warning__Wstrict_prototypes=yes
acx_cv_prog_cc_warning__Wwrite_strings=yes

## ----------------- ##
## Output variables. ##
## ----------------- ##

ACLOCAL='aclocal'
ADDITIONAL_OBJS=' $(bid_OBJS)'
AUTOCONF='autoconf'
AUTOHEADER='autoheader'
CC='gcc'
CFLAGS='-g -O2'
CPP='gcc -E'
CPPFLAGS=''
DEFS='-DHAVE_CONFIG_H'
ECHO_C=''
ECHO_N='-n'
ECHO_T=''
EGREP='/usr/bin/grep -E'
EXEEXT=''
GREP='/usr/bin/grep'
LDFLAGS=' '
LIBOBJS=''
LIBS=''
LTLIBOBJS=''
MAINT='#'
OBJEXT='o'
PACKAGE_BUGREPORT='gcc-bugs@gcc.gnu.org'
PACKAGE_NAME='libdecnumber'
PACKAGE_STRING='libdecnumber  '
PACKAGE_TARNAME='libdecnumber'
PACKAGE_URL=''
PACKAGE_VERSION=' '
PATH_SEPARATOR=':'
PICFLAG=''
RANLIB='ranlib'
SET_MAKE=''
SHELL='/bin/sh'
WARN_CFLAGS='-W -Wall -Wwrite-strings -Wstrict-prototypes -Wmissing-prototypes -Wold-style-definition -Wmissing-format-attribute -Wcast-qual'
WARN_PEDANTIC='-pedantic -Wno-long-long'
WERROR=''
ac_ct_CC=''
bindir='${exec_prefix}/bin'
build='x86_64-unknown-linux-gnu'
build_alias='x86_64-unknown-linux-gnu'
build_cpu='x86_64'
build_os='linux-gnu'
build_vendor='unknown'
datadir='${datarootdir}'
datarootdir='${prefix}/share'
docdir='${datarootdir}/doc/${PACKAGE_TARNAME}'
dvidir='${docdir}'
enable_decimal_float='bid'
exec_prefix='${prefix}'
host='x86_64-unknown-linux-gnu'
host_alias='x86_64-unknown-linux-gnu'
host_cpu='x86_64'
host_os='linux-gnu'
host_vendor='unknown'
htmldir='${docdir}'
includedir='${prefix}/include'
infodir='${datarootdir}/info'
libdir='${exec_prefix}/lib'
libexecdir='${exec_prefix}/libexec'
localedir='${datarootdir}/locale'
localstatedir='${prefix}/var'
mandir='${datarootdir}/man'
oldincludedir='/usr/include'
pdfdir='${docdir}'
prefix='/mnt/petrelfs/sunluoyi/gdb'
program_transform_name='s,y,y,'
psdir='${docdir}'
sbindir='${exec_prefix}/sbin'
sharedstatedir='${prefix}/com'
sysconfdir='${prefix}/etc'
target='x86_64-unknown-linux-gnu'
target_alias='x86_64-unknown-linux-gnu'
target_cpu='x86_64'
target_os='linux-gnu'
target_vendor='unknown'

## ----------- ##
## confdefs.h. ##
## ----------- ##

/* confdefs.h */
#define PACKAGE_NAME "libdecnumber"
#define PACKAGE_TARNAME "libdecnumber"
#define PACKAGE_VERSION " "
#define PACKAGE_STRING "libdecnumber  "
#define PACKAGE_BUGREPORT "gcc-bugs@gcc.gnu.org"
#define PACKAGE_URL ""
#define STDC_HEADERS 1
#define HAVE_SYS_TYPES_H 1
#define HAVE_SYS_STAT_H 1
#define HAVE_STDLIB_H 1
#define HAVE_STRING_H 1
#define HAVE_MEMORY_H 1
#define HAVE_STRINGS_H 1
#define HAVE_INTTYPES_H 1
#define HAVE_STDINT_H 1
#define HAVE_UNISTD_H 1
#define HAVE_CTYPE_H 1
#define HAVE_STDDEF_H 1
#define HAVE_STRING_H 1
#define HAVE_STDIO_H 1
#define SIZEOF_INT 4
#define SIZEOF_LONG 8
#define STDC_HEADERS 1

configure: exit 0
