This file contains any messages produced by compilers while
running configure, to aid debugging if configure makes a mistake.

It was created by configure, which was
generated by GNU Autoconf 2.64.  Invocation command line was

  $ ./configure --disable-option-checking --prefix=/mnt/petrelfs/sunluoyi/gdb --program-transform-name=s,y,y, --build=x86_64-unknown-linux-gnu --host=x86_64-unknown-linux-gnu --target=x86_64-unknown-linux-gnu build_alias=x86_64-unknown-linux-gnu host_alias=x86_64-unknown-linux-gnu target_alias=x86_64-unknown-linux-gnu CC=gcc CFLAGS=-g -O2 LDFLAGS=  CXX=g++ CXXFLAGS=-g -O2 MAKEINFO=makeinfo --split-size=5000000 YACC=bison -y --cache-file=.././config.cache --srcdir=.

## --------- ##
## Platform. ##
## --------- ##

hostname = SH-IDC1-10-140-0-31
uname -m = x86_64
uname -r = 3.10.0-957.el7.x86_64
uname -s = Linux
uname -v = #1 SMP Thu Nov 8 23:39:32 UTC 2018

/usr/bin/uname -p = x86_64
/bin/uname -X     = unknown

/bin/arch              = x86_64
/usr/bin/arch -k       = unknown
/usr/convex/getsysinfo = unknown
/usr/bin/hostinfo      = unknown
/bin/machine           = unknown
/usr/bin/oslevel       = unknown
/bin/universe          = unknown

PATH: /mnt/petrelfs/sunluoyi/anaconda3/envs/clap/bin
PATH: /mnt/petrelfs/sunluoyi/anaconda3/bin
PATH: /usr/local/sbin
PATH: /usr/local/bin
PATH: /usr/sbin
PATH: /usr/bin
PATH: /root/bin
PATH: /usr/local/fping/sbin
PATH: /usr/local/fping/sbin
PATH: /mnt/petrelfs/sunluoyi/.local/bin
PATH: /mnt/petrelfs/sunluoyi/bin


## ----------- ##
## Core tests. ##
## ----------- ##

configure:2439: loading cache .././config.cache
configure:2527: checking whether to enable maintainer-specific portions of Makefiles
configure:2536: result: no
configure:2558: checking for x86_64-unknown-linux-gnu-gcc
configure:2585: result: gcc
configure:2854: checking for C compiler version
configure:2863: gcc --version >&5
gcc (GCC) 4.8.5 20150623 (Red Hat 4.8.5-44)
Copyright (C) 2015 Free Software Foundation, Inc.
This is free software; see the source for copying conditions.  There is NO
warranty; not even for MERCHANTABILITY or FITNESS FOR A PARTICULAR PURPOSE.

configure:2874: $? = 0
configure:2863: gcc -v >&5
Using built-in specs.
COLLECT_GCC=gcc
COLLECT_LTO_WRAPPER=/usr/libexec/gcc/x86_64-redhat-linux/4.8.5/lto-wrapper
Target: x86_64-redhat-linux
Configured with: ../configure --prefix=/usr --mandir=/usr/share/man --infodir=/usr/share/info --with-bugurl=http://bugzilla.redhat.com/bugzilla --enable-bootstrap --enable-shared --enable-threads=posix --enable-checking=release --with-system-zlib --enable-__cxa_atexit --disable-libunwind-exceptions --enable-gnu-unique-object --enable-linker-build-id --with-linker-hash-style=gnu --enable-languages=c,c++,objc,obj-c++,java,fortran,ada,go,lto --enable-plugin --enable-initfini-array --disable-libgcj --with-isl=/builddir/build/BUILD/gcc-4.8.5-20150702/obj-x86_64-redhat-linux/isl-install --with-cloog=/builddir/build/BUILD/gcc-4.8.5-20150702/obj-x86_64-redhat-linux/cloog-install --enable-gnu-indirect-function --with-tune=generic --with-arch_32=x86-64 --build=x86_64-redhat-linux
Thread model: posix
gcc version 4.8.5 20150623 (Red Hat 4.8.5-44) (GCC) 
configure:2874: $? = 0
configure:2863: gcc -V >&5
gcc: error: unrecognized command line option '-V'
gcc: fatal error: no input files
compilation terminated.
configure:2874: $? = 4
configure:2863: gcc -qversion >&5
gcc: error: unrecognized command line option '-qversion'
gcc: fatal error: no input files
compilation terminated.
configure:2874: $? = 4
configure:2894: checking for C compiler default output file name
configure:2916: gcc -g -O2    conftest.c  >&5
configure:2920: $? = 0
configure:2957: result: a.out
configure:2973: checking whether the C compiler works
configure:2982: ./a.out
configure:2986: $? = 0
configure:3001: result: yes
configure:3008: checking whether we are cross compiling
configure:3010: result: no
configure:3013: checking for suffix of executables
configure:3020: gcc -o conftest -g -O2    conftest.c  >&5
configure:3024: $? = 0
configure:3046: result: 
configure:3052: checking for suffix of object files
configure:3099: result: o
configure:3103: checking whether we are using the GNU C compiler
configure:3131: result: yes
configure:3140: checking whether gcc accepts -g
configure:3201: result: yes
configure:3218: checking for gcc option to accept ISO C89
configure:3295: result: none needed
configure:3427: checking for C++ compiler version
configure:3436: g++ --version >&5
g++ (GCC) 4.8.5 20150623 (Red Hat 4.8.5-44)
Copyright (C) 2015 Free Software Foundation, Inc.
This is free software; see the source for copying conditions.  There is NO
warranty; not even for MERCHANTABILITY or FITNESS FOR A PARTICULAR PURPOSE.

configure:3447: $? = 0
configure:3436: g++ -v >&5
Using built-in specs.
COLLECT_GCC=g++
COLLECT_LTO_WRAPPER=/usr/libexec/gcc/x86_64-redhat-linux/4.8.5/lto-wrapper
Target: x86_64-redhat-linux
Configured with: ../configure --prefix=/usr --mandir=/usr/share/man --infodir=/usr/share/info --with-bugurl=http://bugzilla.redhat.com/bugzilla --enable-bootstrap --enable-shared --enable-threads=posix --enable-checking=release --with-system-zlib --enable-__cxa_atexit --disable-libunwind-exceptions --enable-gnu-unique-object --enable-linker-build-id --with-linker-hash-style=gnu --enable-languages=c,c++,objc,obj-c++,java,fortran,ada,go,lto --enable-plugin --enable-initfini-array --disable-libgcj --with-isl=/builddir/build/BUILD/gcc-4.8.5-20150702/obj-x86_64-redhat-linux/isl-install --with-cloog=/builddir/build/BUILD/gcc-4.8.5-20150702/obj-x86_64-redhat-linux/cloog-install --enable-gnu-indirect-function --with-tune=generic --with-arch_32=x86-64 --build=x86_64-redhat-linux
Thread model: posix
gcc version 4.8.5 20150623 (Red Hat 4.8.5-44) (GCC) 
configure:3447: $? = 0
configure:3436: g++ -V >&5
g++: error: unrecognized command line option '-V'
g++: fatal error: no input files
compilation terminated.
configure:3447: $? = 4
configure:3436: g++ -qversion >&5
g++: error: unrecognized command line option '-qversion'
g++: fatal error: no input files
compilation terminated.
configure:3447: $? = 4
configure:3451: checking whether we are using the GNU C++ compiler
configure:3479: result: yes
configure:3488: checking whether g++ accepts -g
configure:3549: result: yes
configure:3578: checking how to run the C preprocessor
configure:3648: result: gcc -E
configure:3668: gcc -E  conftest.c
configure:3668: $? = 0
configure:3682: gcc -E  conftest.c
conftest.c:9:28: fatal error: ac_nonexistent.h: No such file or directory
 #include <ac_nonexistent.h>
                            ^
compilation terminated.
configure:3682: $? = 1
configure: failed program was:
| /* confdefs.h */
| #define PACKAGE_NAME ""
| #define PACKAGE_TARNAME ""
| #define PACKAGE_VERSION ""
| #define PACKAGE_STRING ""
| #define PACKAGE_BUGREPORT ""
| #define PACKAGE_URL ""
| /* end confdefs.h.  */
| #include <ac_nonexistent.h>
configure:3711: checking for grep that handles long lines and -e
configure:3769: result: /usr/bin/grep
configure:3774: checking for egrep
configure:3836: result: /usr/bin/grep -E
configure:3841: checking for ANSI C header files
configure:3945: result: yes
configure:3958: checking for sys/types.h
configure:3958: result: yes
configure:3958: checking for sys/stat.h
configure:3958: result: yes
configure:3958: checking for stdlib.h
configure:3958: result: yes
configure:3958: checking for string.h
configure:3958: result: yes
configure:3958: checking for memory.h
configure:3958: result: yes
configure:3958: checking for strings.h
configure:3958: result: yes
configure:3958: checking for inttypes.h
configure:3958: result: yes
configure:3958: checking for stdint.h
configure:3958: result: yes
configure:3958: checking for unistd.h
configure:3958: result: yes
configure:3972: checking for minix/config.h
configure:3972: result: no
configure:3993: checking whether it is safe to define __EXTENSIONS__
configure:4018: result: yes
configure:4040: checking for special C compiler options needed for large files
configure:4085: result: no
configure:4091: checking for _FILE_OFFSET_BITS value needed for large files
configure:4148: result: no
configure:4259: checking build system type
configure:4273: result: x86_64-unknown-linux-gnu
configure:4293: checking host system type
configure:4306: result: x86_64-unknown-linux-gnu
configure:4326: checking target system type
configure:4339: result: x86_64-unknown-linux-gnu
configure:4381: checking for a BSD-compatible install
configure:4449: result: /usr/bin/install -c
configure:4463: checking for x86_64-unknown-linux-gnu-ar
configure:4490: result: ar
configure:4555: checking for x86_64-unknown-linux-gnu-ranlib
configure:4582: result: ranlib
configure:4656: checking for ANSI C header files
configure:4760: result: yes
configure:4899: checking dependency style of gcc
configure:4984: result: gcc3
configure:4998: checking for make
configure:5025: result: make
configure:5050: checking whether make sets $(MAKE)
configure:5072: result: yes
configure:5159: === configuring in build-gnulib-gdbserver (/mnt/petrelfs/sunluoyi/autoacd/code/CLAP_distribute/src/laion_clap/evaluate/gdb-7.10.1/gdb/gdbserver/build-gnulib-gdbserver)
configure:5186: running /bin/sh .././../gnulib/configure --disable-option-checking '--prefix=/mnt/petrelfs/sunluoyi/gdb'  '--program-transform-name=s,y,y,' '--build=x86_64-unknown-linux-gnu' '--host=x86_64-unknown-linux-gnu' '--target=x86_64-unknown-linux-gnu' 'build_alias=x86_64-unknown-linux-gnu' 'host_alias=x86_64-unknown-linux-gnu' 'target_alias=x86_64-unknown-linux-gnu' 'CC=gcc' 'CFLAGS=-g -O2' 'LDFLAGS= ' 'CXX=g++' 'CXXFLAGS=-g -O2' 'MAKEINFO=makeinfo --split-size=5000000' 'YACC=bison -y' --cache-file=.././config.cache --srcdir=.././../gnulib
configure:5262: === configuring in build-libiberty-gdbserver (/mnt/petrelfs/sunluoyi/autoacd/code/CLAP_distribute/src/laion_clap/evaluate/gdb-7.10.1/gdb/gdbserver/build-libiberty-gdbserver)
configure:5289: running /bin/sh .././../../libiberty/configure --disable-option-checking '--prefix=/mnt/petrelfs/sunluoyi/gdb'  '--program-transform-name=s,y,y,' '--build=x86_64-unknown-linux-gnu' '--host=x86_64-unknown-linux-gnu' '--target=x86_64-unknown-linux-gnu' 'build_alias=x86_64-unknown-linux-gnu' 'host_alias=x86_64-unknown-linux-gnu' 'target_alias=x86_64-unknown-linux-gnu' 'CC=gcc' 'CFLAGS=-g -O2' 'LDFLAGS= ' 'CXX=g++' 'CXXFLAGS=-g -O2' 'MAKEINFO=makeinfo --split-size=5000000' 'YACC=bison -y' --cache-file=.././config.cache --srcdir=.././../../libiberty
configure:5302: checking for sgtty.h
configure:5302: result: yes
configure:5302: checking for termio.h
configure:5302: result: yes
configure:5302: checking for termios.h
configure:5302: result: yes
configure:5302: checking for sys/reg.h
configure:5302: result: yes
configure:5302: checking for string.h
configure:5302: result: yes
configure:5302: checking for proc_service.h
configure:5302: result: no
configure:5302: checking for sys/procfs.h
configure:5302: result: yes
configure:5302: checking for linux/elf.h
configure:5302: result: yes
configure:5302: checking for fcntl.h
configure:5302: result: yes
configure:5302: checking for signal.h
configure:5302: result: yes
configure:5302: checking for sys/file.h
configure:5302: result: yes
configure:5302: checking for sys/ioctl.h
configure:5302: result: yes
configure:5302: checking for netinet/in.h
configure:5302: result: yes
configure:5302: checking for sys/socket.h
configure:5302: result: yes
configure:5302: checking for netdb.h
configure:5302: result: yes
configure:5302: checking for netinet/tcp.h
configure:5302: result: yes
configure:5302: checking for arpa/inet.h
configure:5302: result: yes
configure:5316: checking for getauxval
configure:5316: result: yes
configure:5316: checking for pread
configure:5316: result: yes
configure:5316: checking for pwrite
configure:5316: result: yes
configure:5316: checking for pread64
configure:5316: result: yes
configure:5316: checking for setns
configure:5316: result: yes
configure:5328: checking for ANSI C header files
configure:5432: result: yes
configure:5442: checking for working alloca.h
configure:5467: result: yes
configure:5475: checking for alloca
configure:5520: result: yes
configure:5632: checking for nl_langinfo and CODESET
configure:5657: result: yes
configure:5669: checking for linux/perf_event.h
configure:5669: result: yes
configure:5669: checking for locale.h
configure:5669: result: yes
configure:5669: checking for memory.h
configure:5669: result: yes
configure:5669: checking for signal.h
configure:5669: result: yes
configure:5669: checking for sys/resource.h
configure:5669: result: yes
configure:5669: checking for sys/socket.h
configure:5669: result: yes
configure:5669: checking for sys/syscall.h
configure:5669: result: yes
configure:5669: checking for sys/un.h
configure:5669: result: yes
configure:5669: checking for sys/wait.h
configure:5669: result: yes
configure:5669: checking for thread_db.h
configure:5669: result: yes
configure:5669: checking for wait.h
configure:5669: result: yes
configure:5684: checking for fdwalk
configure:5684: result: no
configure:5684: checking for getrlimit
configure:5684: result: yes
configure:5684: checking for pipe
configure:5684: result: yes
configure:5684: checking for pipe2
configure:5684: result: yes
configure:5684: checking for socketpair
configure:5684: result: yes
configure:5695: checking whether strerror is declared
configure:5695: result: yes
configure:5705: checking whether strstr is declared
configure:5705: result: yes
configure:5717: checking for sigsetjmp
configure:5742: result: yes
configure:5798: checking for ust
configure:5814: gcc -c -g -O2   conftest.c >&5
conftest.c:70:21: fatal error: ust/ust.h: No such file or directory
 #include <ust/ust.h>
                     ^
compilation terminated.
configure:5814: $? = 1
configure: failed program was:
| /* confdefs.h */
| #define PACKAGE_NAME ""
| #define PACKAGE_TARNAME ""
| #define PACKAGE_VERSION ""
| #define PACKAGE_STRING ""
| #define PACKAGE_BUGREPORT ""
| #define PACKAGE_URL ""
| #define STDC_HEADERS 1
| #define HAVE_SYS_TYPES_H 1
| #define HAVE_SYS_STAT_H 1
| #define HAVE_STDLIB_H 1
| #define HAVE_STRING_H 1
| #define HAVE_MEMORY_H 1
| #define HAVE_STRINGS_H 1
| #define HAVE_INTTYPES_H 1
| #define HAVE_STDINT_H 1
| #define HAVE_UNISTD_H 1
| #define __EXTENSIONS__ 1
| #define _ALL_SOURCE 1
| #define _GNU_SOURCE 1
| #define _POSIX_PTHREAD_SEMANTICS 1
| #define _TANDEM_SOURCE 1
| #define STDC_HEADERS 1
| #define HAVE_SGTTY_H 1
| #define HAVE_TERMIO_H 1
| #define HAVE_TERMIOS_H 1
| #define HAVE_SYS_REG_H 1
| #define HAVE_STRING_H 1
| #define HAVE_SYS_PROCFS_H 1
| #define HAVE_LINUX_ELF_H 1
| #define HAVE_FCNTL_H 1
| #define HAVE_SIGNAL_H 1
| #define HAVE_SYS_FILE_H 1
| #define HAVE_SYS_IOCTL_H 1
| #define HAVE_NETINET_IN_H 1
| #define HAVE_SYS_SOCKET_H 1
| #define HAVE_NETDB_H 1
| #define HAVE_NETINET_TCP_H 1
| #define HAVE_ARPA_INET_H 1
| #define HAVE_GETAUXVAL 1
| #define HAVE_PREAD 1
| #define HAVE_PWRITE 1
| #define HAVE_PREAD64 1
| #define HAVE_SETNS 1
| #define STDC_HEADERS 1
| #define HAVE_ALLOCA_H 1
| #define HAVE_ALLOCA 1
| #define HAVE_LANGINFO_CODESET 1
| #define HAVE_LINUX_PERF_EVENT_H 1
| #define HAVE_LOCALE_H 1
| #define HAVE_MEMORY_H 1
| #define HAVE_SIGNAL_H 1
| #define HAVE_SYS_RESOURCE_H 1
| #define HAVE_SYS_SOCKET_H 1
| #define HAVE_SYS_SYSCALL_H 1
| #define HAVE_SYS_UN_H 1
| #define HAVE_SYS_WAIT_H 1
| #define HAVE_THREAD_DB_H 1
| #define HAVE_WAIT_H 1
| #define HAVE_GETRLIMIT 1
| #define HAVE_PIPE 1
| #define HAVE_PIPE2 1
| #define HAVE_SOCKETPAIR 1
| #define HAVE_DECL_STRERROR 1
| #define HAVE_DECL_STRSTR 1
| #define HAVE_SIGSETJMP 1
| /* end confdefs.h.  */
| 
| #define CONFIG_UST_GDB_INTEGRATION
| #include <ust/ust.h>
| 
| int
| main ()
| {
| 
|   ;
|   return 0;
| }
configure:5820: result: no
configure:5879: checking compiler warning flags
configure:5904: gcc -c -g -O2 -Wall  conftest.c >&5
configure:5904: $? = 0
configure:5904: gcc -c -g -O2 -Wpointer-arith  conftest.c >&5
configure:5904: $? = 0
configure:5904: gcc -c -g -O2 -Wformat-nonliteral  conftest.c >&5
cc1: warning: -Wformat-nonliteral ignored without -Wformat [-Wformat-nonliteral]
configure:5904: $? = 0
configure:5904: gcc -c -g -O2 -Wno-char-subscripts  conftest.c >&5
configure:5904: $? = 0
configure:5904: gcc -c -g -O2 -Wempty-body  conftest.c >&5
configure:5904: $? = 0
configure:5904: gcc -c -g -O2 -Wdeclaration-after-statement  conftest.c >&5
configure:5904: $? = 0
configure:5912: result:  -Wall -Wpointer-arith -Wformat-nonliteral -Wno-char-subscripts -Wempty-body -Wdeclaration-after-statement 
configure:5931: checking for dladdr
configure:5931: result: yes
configure:5944: checking for long long
configure:5944: result: yes
configure:5955: checking size of long long
configure:5975: result: 8
configure:5988: checking whether basename is declared
configure:5988: result: yes
configure:5998: checking whether ffs is declared
configure:5998: result: yes
configure:6008: checking whether asprintf is declared
configure:6008: result: yes
configure:6018: checking whether vasprintf is declared
configure:6018: result: yes
configure:6028: checking whether snprintf is declared
configure:6028: result: yes
configure:6038: checking whether vsnprintf is declared
configure:6038: result: yes
configure:6049: checking whether strtol is declared
configure:6049: result: yes
configure:6059: checking whether strtoul is declared
configure:6059: result: yes
configure:6069: checking whether strtoll is declared
configure:6069: result: yes
configure:6079: checking whether strtoull is declared
configure:6079: result: yes
configure:6090: checking whether strverscmp is declared
configure:6090: result: yes
configure:6103: checking whether strerror is declared
configure:6103: result: yes
configure:6113: checking whether perror is declared
configure:6113: result: yes
configure:6123: checking whether vasprintf is declared
configure:6123: result: yes
configure:6133: checking whether vsnprintf is declared
configure:6133: result: yes
configure:6145: checking for struct stat.st_blocks
configure:6145: result: yes
configure:6154: checking for struct stat.st_blksize
configure:6154: result: yes
configure:6165: checking for socklen_t
configure:6165: result: yes
configure:6179: checking for Elf32_auxv_t
configure:6179: result: yes
configure:6190: checking for Elf64_auxv_t
configure:6190: result: yes
configure:6355: checking for PTRACE_GETREGS
configure:6379: result: yes
configure:6387: checking for PTRACE_GETFPXREGS
configure:6411: result: yes
configure:6427: checking for lwpid_t in sys/procfs.h
configure:6461: result: yes
configure:6464: checking for psaddr_t in sys/procfs.h
configure:6498: result: yes
configure:6501: checking for prgregset_t in sys/procfs.h
configure:6535: result: yes
configure:6538: checking for prfpregset_t in sys/procfs.h
configure:6572: result: yes
configure:6575: checking for elf_fpregset_t in sys/procfs.h
configure:6609: result: yes
configure:6689: checking for dlopen in -ldl
configure:6723: result: yes
configure:6742: checking for the dynamic export flag
configure:6760: gcc -o conftest -g -O2    -Wl,--dynamic-list=./proc-service.list conftest.c  >&5
configure:6760: $? = 0
configure:6790: result: -Wl,--dynamic-list
configure:6800: checking for TD_VERSION
configure:6823: result: yes
configure:6863: checking whether the target supports __sync_*_compare_and_swap
configure:6888: result: yes
configure:6909: gcc -c -g -O2 -fvisibility=hidden  conftest.c >&5
configure:6909: $? = 0
configure:6917: checking whether ADDR_NO_RANDOMIZE is declared
configure:6917: result: yes
configure:6975: gcc -o conftest -g -O2    conftest.c  >&5
configure:6975: $? = 0
configure:6975: ./conftest
configure:6975: $? = 0
configure:7154: creating ./config.status

## ---------------------- ##
## Running config.status. ##
## ---------------------- ##

This file was extended by config.status, which was
generated by GNU Autoconf 2.64.  Invocation command line was

  CONFIG_FILES    = 
  CONFIG_HEADERS  = 
  CONFIG_LINKS    = 
  CONFIG_COMMANDS = 
  $ ./config.status 

on SH-IDC1-10-140-0-31

config.status:957: creating Makefile
config.status:957: creating config.h
config.status:1123: config.h is unchanged
config.status:1137: executing depdir commands
config.status:1137: executing default commands

## ---------------- ##
## Cache variables. ##
## ---------------- ##

ac_cv_build=x86_64-unknown-linux-gnu
ac_cv_c_bigendian=no
ac_cv_c_compiler_gnu=yes
ac_cv_c_const=yes
ac_cv_c_inline=inline
ac_cv_cxx_compiler_gnu=yes
ac_cv_env_CCC_set=
ac_cv_env_CCC_value=
ac_cv_env_CC_set=set
ac_cv_env_CC_value=gcc
ac_cv_env_CFLAGS_set=set
ac_cv_env_CFLAGS_value='-g -O2'
ac_cv_env_CPPFLAGS_set=
ac_cv_env_CPPFLAGS_value=
ac_cv_env_CPP_set=
ac_cv_env_CPP_value=
ac_cv_env_CXXFLAGS_set=set
ac_cv_env_CXXFLAGS_value='-g -O2'
ac_cv_env_CXX_set=set
ac_cv_env_CXX_value=g++
ac_cv_env_LDFLAGS_set=set
ac_cv_env_LDFLAGS_value=' '
ac_cv_env_LIBS_set=
ac_cv_env_LIBS_value=
ac_cv_env_MAKEINFOFLAGS_set=
ac_cv_env_MAKEINFOFLAGS_value=
ac_cv_env_MAKEINFO_set=set
ac_cv_env_MAKEINFO_value='makeinfo --split-size=5000000'
ac_cv_env_XMKMF_set=
ac_cv_env_XMKMF_value=
ac_cv_env_YACC_set=set
ac_cv_env_YACC_value='bison -y'
ac_cv_env_YFLAGS_set=
ac_cv_env_YFLAGS_value=
ac_cv_env_build_alias_set=set
ac_cv_env_build_alias_value=x86_64-unknown-linux-gnu
ac_cv_env_host_alias_set=set
ac_cv_env_host_alias_value=x86_64-unknown-linux-gnu
ac_cv_env_target_alias_set=set
ac_cv_env_target_alias_value=x86_64-unknown-linux-gnu
ac_cv_func_XML_StopParser=yes
ac_cv_func__mcleanup=yes
ac_cv_func_alloca_works=yes
ac_cv_func_btowc=yes
ac_cv_func_dladdr=yes
ac_cv_func_fdwalk=no
ac_cv_func_fork=yes
ac_cv_func_fork_works=yes
ac_cv_func_getauxval=yes
ac_cv_func_getgid=yes
ac_cv_func_getpagesize=yes
ac_cv_func_getrlimit=yes
ac_cv_func_getrusage=yes
ac_cv_func_getuid=yes
ac_cv_func_iconvlist=no
ac_cv_func_libiconvlist=no
ac_cv_func_mkdtemp=yes
ac_cv_func_mmap_fixed_mapped=yes
ac_cv_func_monstartup=yes
ac_cv_func_pipe2=yes
ac_cv_func_pipe=yes
ac_cv_func_poll=yes
ac_cv_func_posix_madvise=yes
ac_cv_func_pread64=yes
ac_cv_func_pread=yes
ac_cv_func_ptrace64=no
ac_cv_func_pwrite=yes
ac_cv_func_resize_term=no
ac_cv_func_sbrk=yes
ac_cv_func_setlocale=yes
ac_cv_func_setns=yes
ac_cv_func_setpgid=yes
ac_cv_func_setpgrp=yes
ac_cv_func_setpgrp_void=yes
ac_cv_func_setrlimit=yes
ac_cv_func_setsid=yes
ac_cv_func_sigaction=yes
ac_cv_func_sigaltstack=yes
ac_cv_func_sigprocmask=yes
ac_cv_func_sigsetmask=yes
ac_cv_func_socketpair=yes
ac_cv_func_syscall=yes
ac_cv_func_ttrace=no
ac_cv_func_vfork=yes
ac_cv_func_vfork_works=yes
ac_cv_func_waitpid=yes
ac_cv_func_wborder=no
ac_cv_func_wctype=yes
ac_cv_func_wresize=no
ac_cv_have_decl_ADDR_NO_RANDOMIZE=yes
ac_cv_have_decl_asprintf=yes
ac_cv_have_decl_basename_char_p_=yes
ac_cv_have_decl_ffs=yes
ac_cv_have_decl_free=yes
ac_cv_have_decl_malloc=yes
ac_cv_have_decl_perror=yes
ac_cv_have_decl_ptrace=yes
ac_cv_have_decl_realloc=yes
ac_cv_have_decl_snprintf=yes
ac_cv_have_decl_strerror=yes
ac_cv_have_decl_strstr=yes
ac_cv_have_decl_strtol=yes
ac_cv_have_decl_strtoll=yes
ac_cv_have_decl_strtoul=yes
ac_cv_have_decl_strtoull=yes
ac_cv_have_decl_strverscmp=yes
ac_cv_have_decl_vasprintf=yes
ac_cv_have_decl_vsnprintf=yes
ac_cv_have_x='have_x=yes	ac_x_includes='\'''\''	ac_x_libraries='\'''\'''
ac_cv_header_arpa_inet_h=yes
ac_cv_header_cursesX_h=no
ac_cv_header_curses_h=no
ac_cv_header_dlfcn_h=yes
ac_cv_header_elf_hp_h=no
ac_cv_header_fcntl_h=yes
ac_cv_header_inttypes_h=yes
ac_cv_header_libunwind_ia64_h=no
ac_cv_header_linux_elf_h=yes
ac_cv_header_linux_perf_event_h=yes
ac_cv_header_locale_h=yes
ac_cv_header_machine_reg_h=no
ac_cv_header_memory_h=yes
ac_cv_header_minix_config_h=no
ac_cv_header_ncurses_h=no
ac_cv_header_ncurses_ncurses_h=no
ac_cv_header_ncurses_term_h=no
ac_cv_header_netdb_h=yes
ac_cv_header_netinet_in_h=yes
ac_cv_header_netinet_tcp_h=yes
ac_cv_header_nlist_h=no
ac_cv_header_poll_h=yes
ac_cv_header_proc_service_h=no
ac_cv_header_pthread_h=yes
ac_cv_header_ptrace_h=no
ac_cv_header_sgtty_h=yes
ac_cv_header_signal_h=yes
ac_cv_header_stdc=yes
ac_cv_header_stdint_h=yes
ac_cv_header_stdlib_h=yes
ac_cv_header_string_h=yes
ac_cv_header_strings_h=yes
ac_cv_header_sys_debugreg_h=yes
ac_cv_header_sys_fault_h=no
ac_cv_header_sys_file_h=yes
ac_cv_header_sys_filio_h=no
ac_cv_header_sys_ioctl_h=yes
ac_cv_header_sys_param_h=yes
ac_cv_header_sys_poll_h=yes
ac_cv_header_sys_proc_h=no
ac_cv_header_sys_procfs_h=yes
ac_cv_header_sys_ptrace_h=yes
ac_cv_header_sys_reg_h=yes
ac_cv_header_sys_resource_h=yes
ac_cv_header_sys_select_h=yes
ac_cv_header_sys_socket_h=yes
ac_cv_header_sys_stat_h=yes
ac_cv_header_sys_syscall_h=yes
ac_cv_header_sys_types_h=yes
ac_cv_header_sys_un_h=yes
ac_cv_header_sys_user_h=yes
ac_cv_header_sys_wait_h=yes
ac_cv_header_term_h=no
ac_cv_header_termio_h=yes
ac_cv_header_termios_h=yes
ac_cv_header_thread_db_h=yes
ac_cv_header_unistd_h=yes
ac_cv_header_vfork_h=no
ac_cv_header_wait_h=yes
ac_cv_header_windows_h=no
ac_cv_host=x86_64-unknown-linux-gnu
ac_cv_lib_dl_dlopen=yes
ac_cv_lib_m_main=yes
ac_cv_libbabeltrace=no
ac_cv_libexpat=yes
ac_cv_libipt=no
ac_cv_liblzma=yes
ac_cv_member_struct_reg_r_fs=no
ac_cv_member_struct_reg_r_gs=no
ac_cv_member_struct_stat_st_blksize=yes
ac_cv_member_struct_stat_st_blocks=yes
ac_cv_member_struct_thread_td_pcb=no
ac_cv_member_struct_user_regs_struct_fs_base=yes
ac_cv_member_struct_user_regs_struct_gs_base=yes
ac_cv_objext=o
ac_cv_path_EGREP='/usr/bin/grep -E'
ac_cv_path_GREP=/usr/bin/grep
ac_cv_path_pkg_config_prog_path=/usr/bin/pkg-config
ac_cv_path_python_prog_path=/mnt/petrelfs/sunluoyi/anaconda3/envs/clap/bin/python
ac_cv_prog_AR=ar
ac_cv_prog_AWK=gawk
ac_cv_prog_CC=gcc
ac_cv_prog_CPP='gcc -E'
ac_cv_prog_DLLTOOL=dlltool
ac_cv_prog_MAKE=make
ac_cv_prog_RANLIB=ranlib
ac_cv_prog_WINDRES=windres
ac_cv_prog_YACC='bison -y'
ac_cv_prog_cc_c89=
ac_cv_prog_cc_g=yes
ac_cv_prog_cxx_g=yes
ac_cv_prog_make_make_set=yes
ac_cv_safe_to_define___extensions__=yes
ac_cv_search_dlopen=-ldl
ac_cv_search_gethostbyname='none required'
ac_cv_search_kinfo_getvmmap=no
ac_cv_search_socketpair='none required'
ac_cv_search_tgetent=no
ac_cv_search_waddstr=no
ac_cv_sizeof_long_long=8
ac_cv_sizeof_unsigned___int128=16
ac_cv_sizeof_unsigned_long=8
ac_cv_sizeof_unsigned_long_long=8
ac_cv_sys_file_offset_bits=no
ac_cv_sys_largefile_CC=no
ac_cv_target=x86_64-unknown-linux-gnu
ac_cv_type_Elf32_auxv_t=yes
ac_cv_type_Elf64_auxv_t=yes
ac_cv_type_long_long=yes
ac_cv_type_pid_t=yes
ac_cv_type_signal=void
ac_cv_type_socklen_t=yes
ac_cv_var__etext=yes
ac_cv_var_etext=yes
ac_cv_working_alloca_h=yes
acl_cv_hardcode_direct=no
acl_cv_hardcode_libdir_flag_spec='${wl}-rpath ${wl}$libdir'
acl_cv_hardcode_libdir_separator=
acl_cv_hardcode_minus_L=no
acl_cv_libext=a
acl_cv_path_LD=ld
acl_cv_prog_gnu_ld=yes
acl_cv_rpath=done
acl_cv_shlibext=so
acl_cv_wl=-Wl,
am_cv_CC_dependencies_compiler_type=gcc3
am_cv_build_libiconv_path=
am_cv_func_iconv=yes
am_cv_langinfo_codeset=yes
am_cv_lib_iconv=no
am_cv_prog_cc_stdc=
am_cv_proto_iconv='extern size_t iconv (iconv_t cd, char * *inbuf, size_t *inbytesleft, char * *outbuf, size_t *outbytesleft);'
am_cv_proto_iconv_arg1=
am_cv_use_build_libiconv=no
am_cv_val_LC_MESSAGES=yes
bfd_cv_have_sys_procfs_type_elf_fpregset_t=yes
bfd_cv_have_sys_procfs_type_fpregset_t=no
bfd_cv_have_sys_procfs_type_gregset_t=no
bfd_cv_have_sys_procfs_type_lwpid_t=yes
bfd_cv_have_sys_procfs_type_pr_sigaction64_t=no
bfd_cv_have_sys_procfs_type_pr_siginfo64_t=no
bfd_cv_have_sys_procfs_type_pr_sigset_t=no
bfd_cv_have_sys_procfs_type_prfpregset_t=yes
bfd_cv_have_sys_procfs_type_prgregset32_t=no
bfd_cv_have_sys_procfs_type_prgregset_t=yes
bfd_cv_have_sys_procfs_type_prsysent_t=no
bfd_cv_have_sys_procfs_type_psaddr_t=yes
gdb_cv_c_long_double=yes
gdb_cv_c_long_long=yes
gdb_cv_func_ptrace_args=int,int,long,long
gdb_cv_func_ptrace_ret=long
gdb_cv_func_sigsetjmp=yes
gdb_cv_have_gnu_regex=yes
gdb_cv_have_makeinfo_click=yes
gdb_cv_have_pt_getdbregs=no
gdb_cv_have_pt_getxmmregs=no
gdb_cv_have_ptrace_getfpxregs=yes
gdb_cv_have_ptrace_getregs=yes
gdb_cv_os_cygwin=no
gdb_cv_prfpregset_t_broken=no
gdb_cv_printf_has_decfloat=no
gdb_cv_printf_has_long_double=yes
gdb_cv_printf_has_long_long=yes
gdb_cv_scanf_has_long_double=yes
gdb_cv_struct_lwp=no
gdb_cv_struct_reg=no
gdb_cv_sys_syscall_h_has_tkill=yes
gdb_cv_thread_db_h_has_td_notalloc=yes
gdb_cv_thread_db_h_has_td_notls=yes
gdb_cv_thread_db_h_has_td_version=yes
gdb_cv_var_elf=yes
gdb_cv_var_macho=no
gdbsrv_cv_have_personality=true
gdbsrv_cv_have_ptrace_getfpxregs=yes
gdbsrv_cv_have_ptrace_getregs=yes
gdbsrv_cv_have_sync_builtins=yes
gdbsrv_cv_have_td_version=yes
gdbsrv_cv_have_visibility_hidden=yes

## ----------------- ##
## Output variables. ##
## ----------------- ##

ALLOCA=''
AR='ar'
CC='gcc'
CCDEPMODE='depmode=gcc3'
CFLAGS='-g -O2'
COMPILER='$(CC)'
CPP='gcc -E'
CPPFLAGS=''
CXX='g++'
CXXFLAGS='-g -O2'
DEFS='-DHAVE_CONFIG_H'
DEPDIR='.deps'
ECHO_C=''
ECHO_N='-n'
ECHO_T=''
EGREP='/usr/bin/grep -E'
EXEEXT=''
GDBSERVER_DEPFILES='amd64-linux.o amd64-avx-linux.o amd64-avx512-linux.o amd64-mpx-linux.o x32-linux.o x32-avx-linux.o x32-avx512-linux.o i386-linux.o i386-avx-linux.o i386-avx512-linux.o i386-mpx-linux.o i386-mmx-linux.o linux-low.o linux-osdata.o linux-procfs.o linux-ptrace.o linux-waitpid.o linux-personality.o linux-namespaces.o linux-x86-low.o x86-low.o x86-dregs.o i387-fp.o linux-btrace.o x86-linux.o x86-linux-dregs.o hostio-errno.o thread-db.o proc-service.o posix-strerror.o'
GDBSERVER_LIBS='-ldl'
GMAKE_FALSE='#'
GMAKE_TRUE=''
GNULIB_STDINT_H=''
GREP='/usr/bin/grep'
INSTALL_DATA='/usr/bin/install -c -m 644'
INSTALL_PROGRAM='/usr/bin/install -c'
INSTALL_SCRIPT='/usr/bin/install -c'
IPA_DEPFILES='amd64-linux-ipa.o linux-amd64-ipa.o'
LDFLAGS=' '
LIBOBJS=''
LIBS=''
LTLIBOBJS=''
MAINT='#'
MAINTAINER_MODE_FALSE=''
MAINTAINER_MODE_TRUE='#'
MAKE='make'
OBJEXT='o'
PACKAGE_BUGREPORT=''
PACKAGE_NAME=''
PACKAGE_STRING=''
PACKAGE_TARNAME=''
PACKAGE_URL=''
PACKAGE_VERSION=''
PATH_SEPARATOR=':'
PKGVERSION='(GDB) '
RANLIB='ranlib'
RDYNAMIC='-Wl,--dynamic-list=$(srcdir)/proc-service.list'
REPORT_BUGS_TEXI='@uref{http://www.gnu.org/software/gdb/bugs/}'
REPORT_BUGS_TO='<http://www.gnu.org/software/gdb/bugs/>'
SET_MAKE=''
SHELL='/bin/sh'
WARN_CFLAGS=' -Wall -Wpointer-arith -Wformat-nonliteral -Wno-char-subscripts -Wempty-body -Wdeclaration-after-statement'
WERROR_CFLAGS=''
ac_ct_CC=''
ac_ct_CXX=''
am__leading_dot='.'
bindir='${exec_prefix}/bin'
build='x86_64-unknown-linux-gnu'
build_alias='x86_64-unknown-linux-gnu'
build_cpu='x86_64'
build_os='linux-gnu'
build_vendor='unknown'
datadir='${datarootdir}'
datarootdir='${prefix}/share'
docdir='${datarootdir}/doc/${PACKAGE}'
dvidir='${docdir}'
exec_prefix='${prefix}'
extra_libraries=' libinproctrace.so'
host='x86_64-unknown-linux-gnu'
host_alias='x86_64-unknown-linux-gnu'
host_cpu='x86_64'
host_noncanonical='x86_64-unknown-linux-gnu'
host_os='linux-gnu'
host_vendor='unknown'
htmldir='${docdir}'
includedir='${prefix}/include'
infodir='${datarootdir}/info'
libdir='${exec_prefix}/lib'
libexecdir='${exec_prefix}/libexec'
localedir='${datarootdir}/locale'
localstatedir='${prefix}/var'
mandir='${datarootdir}/man'
oldincludedir='/usr/include'
pdfdir='${docdir}'
prefix='/mnt/petrelfs/sunluoyi/gdb'
program_transform_name='s,y,y,'
psdir='${docdir}'
sbindir='${exec_prefix}/sbin'
sharedstatedir='${prefix}/com'
srv_xmlbuiltin='xml-builtin.o'
srv_xmlfiles=' $(XML_DIR)/i386/i386-linux.xml $(XML_DIR)/i386/i386-avx-linux.xml $(XML_DIR)/i386/i386-avx512-linux.xml $(XML_DIR)/i386/i386-mmx-linux.xml $(XML_DIR)/i386/32bit-linux.xml $(XML_DIR)/i386/i386-mpx-linux.xml $(XML_DIR)/i386/32bit-core.xml $(XML_DIR)/i386/32bit-sse.xml $(XML_DIR)/i386/32bit-avx.xml $(XML_DIR)/i386/32bit-avx512.xml $(XML_DIR)/i386/32bit-mpx.xml $(XML_DIR)/i386/amd64-linux.xml $(XML_DIR)/i386/amd64-avx-linux.xml $(XML_DIR)/i386/amd64-avx512-linux.xml $(XML_DIR)/i386/64bit-linux.xml $(XML_DIR)/i386/amd64-mpx-linux.xml $(XML_DIR)/i386/x32-linux.xml $(XML_DIR)/i386/x32-avx-linux.xml $(XML_DIR)/i386/x32-avx512-linux.xml $(XML_DIR)/i386/64bit-core.xml $(XML_DIR)/i386/64bit-sse.xml $(XML_DIR)/i386/64bit-avx.xml $(XML_DIR)/i386/64bit-avx512.xml $(XML_DIR)/i386/x32-core.xml $(XML_DIR)/i386/64bit-mpx.xml'
sysconfdir='${prefix}/etc'
target='x86_64-unknown-linux-gnu'
target_alias='x86_64-unknown-linux-gnu'
target_cpu='x86_64'
target_noncanonical='x86_64-unknown-linux-gnu'
target_os='linux-gnu'
target_vendor='unknown'
ustinc=''
ustlibs=''

## ----------- ##
## confdefs.h. ##
## ----------- ##

/* confdefs.h */
#define PACKAGE_NAME ""
#define PACKAGE_TARNAME ""
#define PACKAGE_VERSION ""
#define PACKAGE_STRING ""
#define PACKAGE_BUGREPORT ""
#define PACKAGE_URL ""
#define STDC_HEADERS 1
#define HAVE_SYS_TYPES_H 1
#define HAVE_SYS_STAT_H 1
#define HAVE_STDLIB_H 1
#define HAVE_STRING_H 1
#define HAVE_MEMORY_H 1
#define HAVE_STRINGS_H 1
#define HAVE_INTTYPES_H 1
#define HAVE_STDINT_H 1
#define HAVE_UNISTD_H 1
#define __EXTENSIONS__ 1
#define _ALL_SOURCE 1
#define _GNU_SOURCE 1
#define _POSIX_PTHREAD_SEMANTICS 1
#define _TANDEM_SOURCE 1
#define STDC_HEADERS 1
#define HAVE_SGTTY_H 1
#define HAVE_TERMIO_H 1
#define HAVE_TERMIOS_H 1
#define HAVE_SYS_REG_H 1
#define HAVE_STRING_H 1
#define HAVE_SYS_PROCFS_H 1
#define HAVE_LINUX_ELF_H 1
#define HAVE_FCNTL_H 1
#define HAVE_SIGNAL_H 1
#define HAVE_SYS_FILE_H 1
#define HAVE_SYS_IOCTL_H 1
#define HAVE_NETINET_IN_H 1
#define HAVE_SYS_SOCKET_H 1
#define HAVE_NETDB_H 1
#define HAVE_NETINET_TCP_H 1
#define HAVE_ARPA_INET_H 1
#define HAVE_GETAUXVAL 1
#define HAVE_PREAD 1
#define HAVE_PWRITE 1
#define HAVE_PREAD64 1
#define HAVE_SETNS 1
#define STDC_HEADERS 1
#define HAVE_ALLOCA_H 1
#define HAVE_ALLOCA 1
#define HAVE_LANGINFO_CODESET 1
#define HAVE_LINUX_PERF_EVENT_H 1
#define HAVE_LOCALE_H 1
#define HAVE_MEMORY_H 1
#define HAVE_SIGNAL_H 1
#define HAVE_SYS_RESOURCE_H 1
#define HAVE_SYS_SOCKET_H 1
#define HAVE_SYS_SYSCALL_H 1
#define HAVE_SYS_UN_H 1
#define HAVE_SYS_WAIT_H 1
#define HAVE_THREAD_DB_H 1
#define HAVE_WAIT_H 1
#define HAVE_GETRLIMIT 1
#define HAVE_PIPE 1
#define HAVE_PIPE2 1
#define HAVE_SOCKETPAIR 1
#define HAVE_DECL_STRERROR 1
#define HAVE_DECL_STRSTR 1
#define HAVE_SIGSETJMP 1
#define HAVE_DLADDR 1
#define HAVE_LONG_LONG 1
#define SIZEOF_LONG_LONG 8
#define HAVE_DECL_BASENAME 1
#define HAVE_DECL_FFS 1
#define HAVE_DECL_ASPRINTF 1
#define HAVE_DECL_VASPRINTF 1
#define HAVE_DECL_SNPRINTF 1
#define HAVE_DECL_VSNPRINTF 1
#define HAVE_DECL_STRTOL 1
#define HAVE_DECL_STRTOUL 1
#define HAVE_DECL_STRTOLL 1
#define HAVE_DECL_STRTOULL 1
#define HAVE_DECL_STRVERSCMP 1
#define HAVE_DECL_STRERROR 1
#define HAVE_DECL_PERROR 1
#define HAVE_DECL_VASPRINTF 1
#define HAVE_DECL_VSNPRINTF 1
#define HAVE_STRUCT_STAT_ST_BLOCKS 1
#define HAVE_STRUCT_STAT_ST_BLKSIZE 1
#define HAVE_SOCKLEN_T 1
#define HAVE_ELF32_AUXV_T 1
#define HAVE_ELF64_AUXV_T 1
#define PKGVERSION "(GDB) "
#define REPORT_BUGS_TO "<http://www.gnu.org/software/gdb/bugs/>"
#define HAVE_LINUX_USRREGS 1
#define HAVE_LINUX_REGSETS 1
#define HAVE_PTRACE_GETREGS 1
#define HAVE_PTRACE_GETFPXREGS 1
#define HAVE_LINUX_BTRACE 1
#define HAVE_LWPID_T 1
#define HAVE_PSADDR_T 1
#define HAVE_PRGREGSET_T 1
#define HAVE_PRFPREGSET_T 1
#define HAVE_ELF_FPREGSET_T 1
#define HAVE_LIBDL 1
#define USE_THREAD_DB 1
#define HAVE_TD_VERSION 1
#define USE_XML 1
#define HAVE_SYNC_BUILTINS 1
#define HAVE_DECL_ADDR_NO_RANDOMIZE 1
#define HAVE_PERSONALITY 1

configure: exit 0

## ---------------------- ##
## Running config.status. ##
## ---------------------- ##

This file was extended by config.status, which was
generated by GNU Autoconf 2.64.  Invocation command line was

  CONFIG_FILES    = 
  CONFIG_HEADERS  = config.h:config.in
  CONFIG_LINKS    = 
  CONFIG_COMMANDS = 
  $ ./config.status 

on SH-IDC1-10-140-0-31

config.status:957: creating config.h
config.status:1123: config.h is unchanged
config.status:1137: executing depdir commands
config.status:1137: executing default commands
