This file contains any messages produced by compilers while
running configure, to aid debugging if configure makes a mistake.

It was created by configure, which was
generated by GNU Autoconf 2.64.  Invocation command line was

  $ /mnt/petrelfs/sunluoyi/autoacd/code/CLAP_distribute/src/laion_clap/evaluate/gdb-7.10.1/libiberty/configure --srcdir=.././libiberty --cache-file=./config.cache --prefix=/mnt/petrelfs/sunluoyi/gdb --program-transform-name=s,y,y, --disable-option-checking --build=x86_64-unknown-linux-gnu --host=x86_64-unknown-linux-gnu --target=x86_64-unknown-linux-gnu

## --------- ##
## Platform. ##
## --------- ##

hostname = SH-IDC1-10-140-0-31
uname -m = x86_64
uname -r = 3.10.0-957.el7.x86_64
uname -s = Linux
uname -v = #1 SMP Thu Nov 8 23:39:32 UTC 2018

/usr/bin/uname -p = x86_64
/bin/uname -X     = unknown

/bin/arch              = x86_64
/usr/bin/arch -k       = unknown
/usr/convex/getsysinfo = unknown
/usr/bin/hostinfo      = unknown
/bin/machine           = unknown
/usr/bin/oslevel       = unknown
/bin/universe          = unknown

PATH: /mnt/petrelfs/sunluoyi/anaconda3/envs/clap/bin
PATH: /mnt/petrelfs/sunluoyi/anaconda3/bin
PATH: /usr/local/sbin
PATH: /usr/local/bin
PATH: /usr/sbin
PATH: /usr/bin
PATH: /root/bin
PATH: /usr/local/fping/sbin
PATH: /usr/local/fping/sbin
PATH: /mnt/petrelfs/sunluoyi/.local/bin
PATH: /mnt/petrelfs/sunluoyi/bin


## ----------- ##
## Core tests. ##
## ----------- ##

configure:2334: loading cache ./config.cache
configure:2493: checking whether to enable maintainer-specific portions of Makefiles
configure:2503: result: no
configure:2518: checking for makeinfo
configure:2545: result: makeinfo --split-size=5000000
configure:2585: checking for perl
configure:2612: result: perl
configure:2631: checking build system type
configure:2645: result: x86_64-unknown-linux-gnu
configure:2665: checking host system type
configure:2678: result: x86_64-unknown-linux-gnu
configure:2703: checking for x86_64-unknown-linux-gnu-ar
configure:2730: result: ar
configure:2795: checking for x86_64-unknown-linux-gnu-ranlib
configure:2822: result: ranlib
configure:2907: checking whether to install libiberty headers and static library
configure:2930: result: no
configure:2932: target_header_dir = 
configure:2944: checking for x86_64-unknown-linux-gnu-gcc
configure:2971: result: gcc
configure:3240: checking for C compiler version
configure:3249: gcc --version >&5
gcc (GCC) 4.8.5 20150623 (Red Hat 4.8.5-44)
Copyright (C) 2015 Free Software Foundation, Inc.
This is free software; see the source for copying conditions.  There is NO
warranty; not even for MERCHANTABILITY or FITNESS FOR A PARTICULAR PURPOSE.

configure:3260: $? = 0
configure:3249: gcc -v >&5
Using built-in specs.
COLLECT_GCC=gcc
COLLECT_LTO_WRAPPER=/usr/libexec/gcc/x86_64-redhat-linux/4.8.5/lto-wrapper
Target: x86_64-redhat-linux
Configured with: ../configure --prefix=/usr --mandir=/usr/share/man --infodir=/usr/share/info --with-bugurl=http://bugzilla.redhat.com/bugzilla --enable-bootstrap --enable-shared --enable-threads=posix --enable-checking=release --with-system-zlib --enable-__cxa_atexit --disable-libunwind-exceptions --enable-gnu-unique-object --enable-linker-build-id --with-linker-hash-style=gnu --enable-languages=c,c++,objc,obj-c++,java,fortran,ada,go,lto --enable-plugin --enable-initfini-array --disable-libgcj --with-isl=/builddir/build/BUILD/gcc-4.8.5-20150702/obj-x86_64-redhat-linux/isl-install --with-cloog=/builddir/build/BUILD/gcc-4.8.5-20150702/obj-x86_64-redhat-linux/cloog-install --enable-gnu-indirect-function --with-tune=generic --with-arch_32=x86-64 --build=x86_64-redhat-linux
Thread model: posix
gcc version 4.8.5 20150623 (Red Hat 4.8.5-44) (GCC) 
configure:3260: $? = 0
configure:3249: gcc -V >&5
gcc: error: unrecognized command line option '-V'
gcc: fatal error: no input files
compilation terminated.
configure:3260: $? = 4
configure:3249: gcc -qversion >&5
gcc: error: unrecognized command line option '-qversion'
gcc: fatal error: no input files
compilation terminated.
configure:3260: $? = 4
configure:3276: gcc -o conftest -g -O2    conftest.c  >&5
configure:3279: $? = 0
configure:3308: checking for C compiler default output file name
configure:3330: gcc -g -O2    conftest.c  >&5
configure:3334: $? = 0
configure:3371: result: a.out
configure:3387: checking whether the C compiler works
configure:3396: ./a.out
configure:3400: $? = 0
configure:3415: result: yes
configure:3422: checking whether we are cross compiling
configure:3424: result: no
configure:3427: checking for suffix of executables
configure:3434: gcc -o conftest -g -O2    conftest.c  >&5
configure:3438: $? = 0
configure:3460: result: 
configure:3467: checking for suffix of object files
configure:3514: result: o
configure:3518: checking whether we are using the GNU C compiler
configure:3546: result: yes
configure:3555: checking whether gcc accepts -g
configure:3616: result: yes
configure:3633: checking for gcc option to accept ISO C89
configure:3710: result: none needed
configure:3736: checking how to run the C preprocessor
configure:3806: result: gcc -E
configure:3826: gcc -E  conftest.c
configure:3826: $? = 0
configure:3840: gcc -E  conftest.c
conftest.c:9:28: fatal error: ac_nonexistent.h: No such file or directory
 #include <ac_nonexistent.h>
                            ^
compilation terminated.
configure:3840: $? = 1
configure: failed program was:
| /* confdefs.h */
| #define PACKAGE_NAME ""
| #define PACKAGE_TARNAME ""
| #define PACKAGE_VERSION ""
| #define PACKAGE_STRING ""
| #define PACKAGE_BUGREPORT ""
| #define PACKAGE_URL ""
| /* end confdefs.h.  */
| #include <ac_nonexistent.h>
configure:3869: checking for grep that handles long lines and -e
configure:3927: result: /usr/bin/grep
configure:3932: checking for egrep
configure:3994: result: /usr/bin/grep -E
configure:3999: checking for ANSI C header files
configure:4103: result: yes
configure:4116: checking for sys/types.h
configure:4116: result: yes
configure:4116: checking for sys/stat.h
configure:4116: result: yes
configure:4116: checking for stdlib.h
configure:4116: result: yes
configure:4116: checking for string.h
configure:4116: result: yes
configure:4116: checking for memory.h
configure:4116: result: yes
configure:4116: checking for strings.h
configure:4116: result: yes
configure:4116: checking for inttypes.h
configure:4116: result: yes
configure:4116: checking for stdint.h
configure:4116: result: yes
configure:4116: checking for unistd.h
configure:4116: result: yes
configure:4130: checking for minix/config.h
configure:4130: result: no
configure:4151: checking whether it is safe to define __EXTENSIONS__
configure:4176: result: yes
configure:4198: checking for special C compiler options needed for large files
configure:4243: result: no
configure:4249: checking for _FILE_OFFSET_BITS value needed for large files
configure:4306: result: no
configure:4404: checking whether gcc supports -W
configure:4430: result: yes
configure:4404: checking whether gcc supports -Wall
configure:4430: result: yes
configure:4404: checking whether gcc supports -Wwrite-strings
configure:4430: result: yes
configure:4404: checking whether gcc supports -Wc++-compat
configure:4430: result: yes
configure:4404: checking whether gcc supports -Wstrict-prototypes
configure:4430: result: yes
configure:4441: checking whether gcc supports -pedantic 
configure:4467: result: yes
configure:4477: checking whether gcc and cc understand -c and -o together
configure:4577: result: yes
configure:4596: checking for an ANSI C-conforming const
configure:4668: result: yes
configure:4676: checking for inline
configure:4700: result: inline
configure:4718: checking whether byte ordering is bigendian
configure:4924: result: no
configure:4963: checking for a BSD-compatible install
configure:5031: result: /usr/bin/install -c
configure:5196: checking for sys/file.h
configure:5196: result: yes
configure:5196: checking for sys/param.h
configure:5196: result: yes
configure:5196: checking for limits.h
configure:5196: result: yes
configure:5196: checking for stdlib.h
configure:5196: result: yes
configure:5196: checking for malloc.h
configure:5196: result: yes
configure:5196: checking for string.h
configure:5196: result: yes
configure:5196: checking for unistd.h
configure:5196: result: yes
configure:5196: checking for strings.h
configure:5196: result: yes
configure:5196: checking for sys/time.h
configure:5196: result: yes
configure:5196: checking for time.h
configure:5196: result: yes
configure:5196: checking for sys/resource.h
configure:5196: result: yes
configure:5196: checking for sys/stat.h
configure:5196: result: yes
configure:5196: checking for sys/mman.h
configure:5196: result: yes
configure:5196: checking for fcntl.h
configure:5196: result: yes
configure:5196: checking for alloca.h
configure:5196: result: yes
configure:5196: checking for sys/pstat.h
configure:5196: result: no
configure:5196: checking for sys/sysmp.h
configure:5196: result: no
configure:5196: checking for sys/sysinfo.h
configure:5196: result: yes
configure:5196: checking for machine/hal_sysinfo.h
configure:5196: result: no
configure:5196: checking for sys/table.h
configure:5196: result: no
configure:5196: checking for sys/sysctl.h
configure:5196: result: yes
configure:5196: checking for sys/systemcfg.h
configure:5196: result: no
configure:5196: checking for stdint.h
configure:5196: result: yes
configure:5196: checking for stdio_ext.h
configure:5196: result: yes
configure:5196: checking for process.h
configure:5196: result: no
configure:5196: checking for sys/prctl.h
configure:5196: result: yes
configure:5206: checking for sys/wait.h that is POSIX.1 compatible
configure:5239: result: yes
configure:5247: checking whether time.h and sys/time.h may both be included
configure:5274: result: yes
configure:5283: checking whether errno must be declared
configure:5306: result: no
configure:5320: checking size of int
configure:5340: result: 4
configure:5354: checking size of long
configure:5374: result: 8
configure:5386: checking for long long
configure:5386: result: yes
configure:5394: checking size of long long
configure:5414: result: 8
configure:5428: checking for a 64-bit type
configure:5496: result: uint64_t
configure:5507: checking for intptr_t
configure:5507: result: yes
configure:5542: checking for uintptr_t
configure:5542: result: yes
configure:5577: checking for ssize_t
configure:5577: result: yes
configure:5596: checking for pid_t
configure:5596: result: yes
configure:6262: checking for library containing strerror
configure:6313: result: none required
configure:6324: checking for asprintf
configure:6324: result: yes
configure:6324: checking for atexit
configure:6324: result: yes
configure:6324: checking for basename
configure:6324: result: yes
configure:6324: checking for bcmp
configure:6324: result: yes
configure:6324: checking for bcopy
configure:6324: result: yes
configure:6324: checking for bsearch
configure:6324: result: yes
configure:6324: checking for bzero
configure:6324: result: yes
configure:6324: checking for calloc
configure:6324: result: yes
configure:6324: checking for clock
configure:6324: result: yes
configure:6324: checking for ffs
configure:6324: result: yes
configure:6324: checking for getcwd
configure:6324: result: yes
configure:6324: checking for getpagesize
configure:6324: result: yes
configure:6324: checking for gettimeofday
configure:6324: result: yes
configure:6324: checking for index
configure:6324: result: yes
configure:6324: checking for insque
configure:6324: result: yes
configure:6324: checking for memchr
configure:6324: result: yes
configure:6324: checking for memcmp
configure:6324: result: yes
configure:6324: checking for memcpy
configure:6324: result: yes
configure:6324: checking for memmem
configure:6324: result: yes
configure:6324: checking for memmove
configure:6324: result: yes
configure:6324: checking for mempcpy
configure:6324: result: yes
configure:6324: checking for memset
configure:6324: result: yes
configure:6324: checking for mkstemps
configure:6324: result: yes
configure:6324: checking for putenv
configure:6324: result: yes
configure:6324: checking for random
configure:6324: result: yes
configure:6324: checking for rename
configure:6324: result: yes
configure:6324: checking for rindex
configure:6324: result: yes
configure:6324: checking for setenv
configure:6324: result: yes
configure:6324: checking for snprintf
configure:6324: result: yes
configure:6324: checking for sigsetmask
configure:6324: result: yes
configure:6324: checking for stpcpy
configure:6324: result: yes
configure:6324: checking for stpncpy
configure:6324: result: yes
configure:6324: checking for strcasecmp
configure:6324: result: yes
configure:6324: checking for strchr
configure:6324: result: yes
configure:6324: checking for strdup
configure:6324: result: yes
configure:6324: checking for strncasecmp
configure:6324: result: yes
configure:6324: checking for strndup
configure:6324: result: yes
configure:6324: checking for strnlen
configure:6324: result: yes
configure:6324: checking for strrchr
configure:6324: result: yes
configure:6324: checking for strstr
configure:6324: result: yes
configure:6324: checking for strtod
configure:6324: result: yes
configure:6324: checking for strtol
configure:6324: result: yes
configure:6324: checking for strtoul
configure:6324: result: yes
configure:6324: checking for strtoll
configure:6324: result: yes
configure:6324: checking for strtoull
configure:6324: result: yes
configure:6324: checking for strverscmp
configure:6324: result: yes
configure:6324: checking for tmpnam
configure:6324: result: yes
configure:6324: checking for vasprintf
configure:6324: result: yes
configure:6324: checking for vfprintf
configure:6324: result: yes
configure:6324: checking for vprintf
configure:6324: result: yes
configure:6324: checking for vsnprintf
configure:6324: result: yes
configure:6324: checking for vsprintf
configure:6324: result: yes
configure:6324: checking for waitpid
configure:6324: result: yes
configure:6324: checking for setproctitle
configure:6324: result: no
configure:6342: checking whether alloca needs Cray hooks
configure:6365: result: no
configure:6383: checking stack direction for C alloca
configure:6420: result: -1
configure:6430: checking for vfork.h
configure:6430: result: no
configure:6442: checking for fork
configure:6442: result: yes
configure:6442: checking for vfork
configure:6442: result: yes
configure:6453: checking for working fork
configure:6485: result: yes
configure:6506: checking for working vfork
configure:6616: result: yes
configure:6675: checking for _doprnt
configure:6675: result: no
configure:6687: checking for sys_errlist
configure:6716: result: yes
configure:6687: checking for sys_nerr
configure:6716: result: yes
configure:6687: checking for sys_siglist
configure:6716: result: yes
configure:6731: checking for external symbol _system_configuration
configure:6744: gcc -c -g -O2  conftest.c >&5
conftest.c:115:27: fatal error: sys/systemcfg.h: No such file or directory
 #include <sys/systemcfg.h>
                           ^
compilation terminated.
configure:6744: $? = 1
configure: failed program was:
| /* confdefs.h */
| #define PACKAGE_NAME ""
| #define PACKAGE_TARNAME ""
| #define PACKAGE_VERSION ""
| #define PACKAGE_STRING ""
| #define PACKAGE_BUGREPORT ""
| #define PACKAGE_URL ""
| #define STDC_HEADERS 1
| #define HAVE_SYS_TYPES_H 1
| #define HAVE_SYS_STAT_H 1
| #define HAVE_STDLIB_H 1
| #define HAVE_STRING_H 1
| #define HAVE_MEMORY_H 1
| #define HAVE_STRINGS_H 1
| #define HAVE_INTTYPES_H 1
| #define HAVE_STDINT_H 1
| #define HAVE_UNISTD_H 1
| #define __EXTENSIONS__ 1
| #define _ALL_SOURCE 1
| #define _GNU_SOURCE 1
| #define _POSIX_PTHREAD_SEMANTICS 1
| #define _TANDEM_SOURCE 1
| #define HAVE_SYS_FILE_H 1
| #define HAVE_SYS_PARAM_H 1
| #define HAVE_LIMITS_H 1
| #define HAVE_STDLIB_H 1
| #define HAVE_MALLOC_H 1
| #define HAVE_STRING_H 1
| #define HAVE_UNISTD_H 1
| #define HAVE_STRINGS_H 1
| #define HAVE_SYS_TIME_H 1
| #define HAVE_TIME_H 1
| #define HAVE_SYS_RESOURCE_H 1
| #define HAVE_SYS_STAT_H 1
| #define HAVE_SYS_MMAN_H 1
| #define HAVE_FCNTL_H 1
| #define HAVE_ALLOCA_H 1
| #define HAVE_SYS_SYSINFO_H 1
| #define HAVE_SYS_SYSCTL_H 1
| #define HAVE_STDINT_H 1
| #define HAVE_STDIO_EXT_H 1
| #define HAVE_SYS_PRCTL_H 1
| #define HAVE_SYS_WAIT_H 1
| #define TIME_WITH_SYS_TIME 1
| #define SIZEOF_INT 4
| #define SIZEOF_LONG 8
| #define HAVE_LONG_LONG 1
| #define SIZEOF_LONG_LONG 8
| #define UNSIGNED_64BIT_TYPE uint64_t
| #define HAVE_INTPTR_T 1
| #define HAVE_UINTPTR_T 1
| #define HAVE_UINTPTR_T 1
| #define HAVE_ASPRINTF 1
| #define HAVE_ATEXIT 1
| #define HAVE_BASENAME 1
| #define HAVE_BCMP 1
| #define HAVE_BCOPY 1
| #define HAVE_BSEARCH 1
| #define HAVE_BZERO 1
| #define HAVE_CALLOC 1
| #define HAVE_CLOCK 1
| #define HAVE_FFS 1
| #define HAVE_GETCWD 1
| #define HAVE_GETPAGESIZE 1
| #define HAVE_GETTIMEOFDAY 1
| #define HAVE_INDEX 1
| #define HAVE_INSQUE 1
| #define HAVE_MEMCHR 1
| #define HAVE_MEMCMP 1
| #define HAVE_MEMCPY 1
| #define HAVE_MEMMEM 1
| #define HAVE_MEMMOVE 1
| #define HAVE_MEMPCPY 1
| #define HAVE_MEMSET 1
| #define HAVE_MKSTEMPS 1
| #define HAVE_PUTENV 1
| #define HAVE_RANDOM 1
| #define HAVE_RENAME 1
| #define HAVE_RINDEX 1
| #define HAVE_SETENV 1
| #define HAVE_SNPRINTF 1
| #define HAVE_SIGSETMASK 1
| #define HAVE_STPCPY 1
| #define HAVE_STPNCPY 1
| #define HAVE_STRCASECMP 1
| #define HAVE_STRCHR 1
| #define HAVE_STRDUP 1
| #define HAVE_STRNCASECMP 1
| #define HAVE_STRNDUP 1
| #define HAVE_STRNLEN 1
| #define HAVE_STRRCHR 1
| #define HAVE_STRSTR 1
| #define HAVE_STRTOD 1
| #define HAVE_STRTOL 1
| #define HAVE_STRTOUL 1
| #define HAVE_STRTOLL 1
| #define HAVE_STRTOULL 1
| #define HAVE_STRVERSCMP 1
| #define HAVE_TMPNAM 1
| #define HAVE_VASPRINTF 1
| #define HAVE_VFPRINTF 1
| #define HAVE_VPRINTF 1
| #define HAVE_VSNPRINTF 1
| #define HAVE_VSPRINTF 1
| #define HAVE_WAITPID 1
| #define STACK_DIRECTION -1
| #define HAVE_FORK 1
| #define HAVE_VFORK 1
| #define HAVE_WORKING_VFORK 1
| #define HAVE_WORKING_FORK 1
| #define HAVE_SYS_ERRLIST 1
| #define HAVE_SYS_NERR 1
| #define HAVE_SYS_SIGLIST 1
| /* end confdefs.h.  */
| #include <sys/systemcfg.h>
| int
| main ()
| {
| double x = _system_configuration.physmem;
|   ;
|   return 0;
| }
configure:6751: result: no
configure:6759: checking for __fsetlocking
configure:6759: result: yes
configure:6759: checking for canonicalize_file_name
configure:6759: result: yes
configure:6759: checking for dup3
configure:6759: result: yes
configure:6759: checking for getrlimit
configure:6759: result: yes
configure:6759: checking for getrusage
configure:6759: result: yes
configure:6759: checking for getsysinfo
configure:6759: result: no
configure:6759: checking for gettimeofday
configure:6759: result: yes
configure:6759: checking for on_exit
configure:6759: result: yes
configure:6759: checking for psignal
configure:6759: result: yes
configure:6759: checking for pstat_getdynamic
configure:6759: result: no
configure:6759: checking for pstat_getstatic
configure:6759: result: no
configure:6759: checking for realpath
configure:6759: result: yes
configure:6759: checking for setrlimit
configure:6759: result: yes
configure:6759: checking for sbrk
configure:6759: result: yes
configure:6759: checking for spawnve
configure:6759: result: no
configure:6759: checking for spawnvpe
configure:6759: result: no
configure:6759: checking for strerror
configure:6759: result: yes
configure:6759: checking for strsignal
configure:6759: result: yes
configure:6759: checking for sysconf
configure:6759: result: yes
configure:6759: checking for sysctl
configure:6759: result: yes
configure:6759: checking for sysmp
configure:6759: result: no
configure:6759: checking for table
configure:6759: result: no
configure:6759: checking for times
configure:6759: result: yes
configure:6759: checking for wait3
configure:6759: result: yes
configure:6759: checking for wait4
configure:6759: result: yes
configure:6769: checking whether basename is declared
configure:6769: result: yes
configure:6779: checking whether ffs is declared
configure:6779: result: yes
configure:6789: checking whether asprintf is declared
configure:6789: result: yes
configure:6799: checking whether vasprintf is declared
configure:6799: result: yes
configure:6809: checking whether snprintf is declared
configure:6809: result: yes
configure:6819: checking whether vsnprintf is declared
configure:6819: result: yes
configure:6830: checking whether calloc is declared
configure:6830: result: yes
configure:6840: checking whether getenv is declared
configure:6840: result: yes
configure:6850: checking whether getopt is declared
configure:6850: result: yes
configure:6860: checking whether malloc is declared
configure:6860: result: yes
configure:6870: checking whether realloc is declared
configure:6870: result: yes
configure:6880: checking whether sbrk is declared
configure:6880: result: yes
configure:6891: checking whether strtol is declared
configure:6891: result: yes
configure:6901: checking whether strtoul is declared
configure:6901: result: yes
configure:6911: checking whether strtoll is declared
configure:6911: result: yes
configure:6921: checking whether strtoull is declared
configure:6921: result: yes
configure:6932: checking whether strverscmp is declared
configure:6932: result: yes
configure:6943: checking whether canonicalize_file_name must be declared
configure:6982: result: no
configure:7010: checking for stdlib.h
configure:7010: result: yes
configure:7010: checking for unistd.h
configure:7010: result: yes
configure:7022: checking for getpagesize
configure:7022: result: yes
configure:7031: checking for working mmap
configure:7178: result: yes
configure:7189: checking for working strncmp
configure:7272: result: yes
configure:7415: creating ./config.status

## ---------------------- ##
## Running config.status. ##
## ---------------------- ##

This file was extended by config.status, which was
generated by GNU Autoconf 2.64.  Invocation command line was

  CONFIG_FILES    = 
  CONFIG_HEADERS  = 
  CONFIG_LINKS    = 
  CONFIG_COMMANDS = 
  $ ./config.status 

on SH-IDC1-10-140-0-31

config.status:1008: creating Makefile
config.status:1008: creating testsuite/Makefile
config.status:1008: creating config.h
config.status:1179: config.h is unchanged
config.status:1193: executing default commands

## ---------------- ##
## Cache variables. ##
## ---------------- ##

ac_cv_build=x86_64-unknown-linux-gnu
ac_cv_c_bigendian=no
ac_cv_c_compiler_gnu=yes
ac_cv_c_const=yes
ac_cv_c_inline=inline
ac_cv_c_stack_direction=-1
ac_cv_env_CC_set=set
ac_cv_env_CC_value=gcc
ac_cv_env_CFLAGS_set=set
ac_cv_env_CFLAGS_value='-g -O2'
ac_cv_env_CPPFLAGS_set=
ac_cv_env_CPPFLAGS_value=
ac_cv_env_CPP_set=
ac_cv_env_CPP_value=
ac_cv_env_LDFLAGS_set=set
ac_cv_env_LDFLAGS_value=' '
ac_cv_env_LIBS_set=
ac_cv_env_LIBS_value=
ac_cv_env_build_alias_set=set
ac_cv_env_build_alias_value=x86_64-unknown-linux-gnu
ac_cv_env_host_alias_set=set
ac_cv_env_host_alias_value=x86_64-unknown-linux-gnu
ac_cv_env_target_alias_set=set
ac_cv_env_target_alias_value=x86_64-unknown-linux-gnu
ac_cv_func___fsetlocking=yes
ac_cv_func__doprnt=no
ac_cv_func_asprintf=yes
ac_cv_func_atexit=yes
ac_cv_func_basename=yes
ac_cv_func_bcmp=yes
ac_cv_func_bcopy=yes
ac_cv_func_bsearch=yes
ac_cv_func_bzero=yes
ac_cv_func_calloc=yes
ac_cv_func_canonicalize_file_name=yes
ac_cv_func_clock=yes
ac_cv_func_dup3=yes
ac_cv_func_ffs=yes
ac_cv_func_fork=yes
ac_cv_func_fork_works=yes
ac_cv_func_getcwd=yes
ac_cv_func_getpagesize=yes
ac_cv_func_getrlimit=yes
ac_cv_func_getrusage=yes
ac_cv_func_getsysinfo=no
ac_cv_func_gettimeofday=yes
ac_cv_func_index=yes
ac_cv_func_insque=yes
ac_cv_func_memchr=yes
ac_cv_func_memcmp=yes
ac_cv_func_memcpy=yes
ac_cv_func_memmem=yes
ac_cv_func_memmove=yes
ac_cv_func_mempcpy=yes
ac_cv_func_memset=yes
ac_cv_func_mkstemps=yes
ac_cv_func_mmap_fixed_mapped=yes
ac_cv_func_on_exit=yes
ac_cv_func_psignal=yes
ac_cv_func_pstat_getdynamic=no
ac_cv_func_pstat_getstatic=no
ac_cv_func_putenv=yes
ac_cv_func_random=yes
ac_cv_func_realpath=yes
ac_cv_func_rename=yes
ac_cv_func_rindex=yes
ac_cv_func_sbrk=yes
ac_cv_func_setenv=yes
ac_cv_func_setproctitle=no
ac_cv_func_setrlimit=yes
ac_cv_func_sigsetmask=yes
ac_cv_func_snprintf=yes
ac_cv_func_spawnve=no
ac_cv_func_spawnvpe=no
ac_cv_func_stpcpy=yes
ac_cv_func_stpncpy=yes
ac_cv_func_strcasecmp=yes
ac_cv_func_strchr=yes
ac_cv_func_strdup=yes
ac_cv_func_strerror=yes
ac_cv_func_strncasecmp=yes
ac_cv_func_strncmp_works=yes
ac_cv_func_strndup=yes
ac_cv_func_strnlen=yes
ac_cv_func_strrchr=yes
ac_cv_func_strsignal=yes
ac_cv_func_strstr=yes
ac_cv_func_strtod=yes
ac_cv_func_strtol=yes
ac_cv_func_strtoll=yes
ac_cv_func_strtoul=yes
ac_cv_func_strtoull=yes
ac_cv_func_strverscmp=yes
ac_cv_func_sysconf=yes
ac_cv_func_sysctl=yes
ac_cv_func_sysmp=no
ac_cv_func_table=no
ac_cv_func_times=yes
ac_cv_func_tmpnam=yes
ac_cv_func_vasprintf=yes
ac_cv_func_vfork=yes
ac_cv_func_vfork_works=yes
ac_cv_func_vfprintf=yes
ac_cv_func_vprintf=yes
ac_cv_func_vsnprintf=yes
ac_cv_func_vsprintf=yes
ac_cv_func_wait3=yes
ac_cv_func_wait4=yes
ac_cv_func_waitpid=yes
ac_cv_have_decl_asprintf=yes
ac_cv_have_decl_basename_char_p_=yes
ac_cv_have_decl_calloc=yes
ac_cv_have_decl_ffs=yes
ac_cv_have_decl_getenv=yes
ac_cv_have_decl_getopt=yes
ac_cv_have_decl_malloc=yes
ac_cv_have_decl_realloc=yes
ac_cv_have_decl_sbrk=yes
ac_cv_have_decl_snprintf=yes
ac_cv_have_decl_strtol=yes
ac_cv_have_decl_strtoll=yes
ac_cv_have_decl_strtoul=yes
ac_cv_have_decl_strtoull=yes
ac_cv_have_decl_strverscmp=yes
ac_cv_have_decl_vasprintf=yes
ac_cv_have_decl_vsnprintf=yes
ac_cv_header_alloca_h=yes
ac_cv_header_fcntl_h=yes
ac_cv_header_inttypes_h=yes
ac_cv_header_limits_h=yes
ac_cv_header_machine_hal_sysinfo_h=no
ac_cv_header_malloc_h=yes
ac_cv_header_memory_h=yes
ac_cv_header_minix_config_h=no
ac_cv_header_process_h=no
ac_cv_header_stdc=yes
ac_cv_header_stdint_h=yes
ac_cv_header_stdio_ext_h=yes
ac_cv_header_stdlib_h=yes
ac_cv_header_string_h=yes
ac_cv_header_strings_h=yes
ac_cv_header_sys_file_h=yes
ac_cv_header_sys_mman_h=yes
ac_cv_header_sys_param_h=yes
ac_cv_header_sys_prctl_h=yes
ac_cv_header_sys_pstat_h=no
ac_cv_header_sys_resource_h=yes
ac_cv_header_sys_stat_h=yes
ac_cv_header_sys_sysctl_h=yes
ac_cv_header_sys_sysinfo_h=yes
ac_cv_header_sys_sysmp_h=no
ac_cv_header_sys_systemcfg_h=no
ac_cv_header_sys_table_h=no
ac_cv_header_sys_time_h=yes
ac_cv_header_sys_types_h=yes
ac_cv_header_sys_wait_h=yes
ac_cv_header_time=yes
ac_cv_header_time_h=yes
ac_cv_header_unistd_h=yes
ac_cv_header_vfork_h=no
ac_cv_host=x86_64-unknown-linux-gnu
ac_cv_objext=o
ac_cv_os_cray=no
ac_cv_path_EGREP='/usr/bin/grep -E'
ac_cv_path_GREP=/usr/bin/grep
ac_cv_prog_AR=ar
ac_cv_prog_CC=gcc
ac_cv_prog_CPP='gcc -E'
ac_cv_prog_MAKEINFO='makeinfo --split-size=5000000'
ac_cv_prog_PERL=perl
ac_cv_prog_RANLIB=ranlib
ac_cv_prog_cc_c89=
ac_cv_prog_cc_g=yes
ac_cv_prog_cc_gcc_c_o=yes
ac_cv_safe_to_define___extensions__=yes
ac_cv_search_strerror='none required'
ac_cv_sizeof_int=4
ac_cv_sizeof_long=8
ac_cv_sizeof_long_long=8
ac_cv_sys_file_offset_bits=no
ac_cv_sys_largefile_CC=no
ac_cv_type_intptr_t=yes
ac_cv_type_long_long=yes
ac_cv_type_pid_t=yes
ac_cv_type_ssize_t=yes
ac_cv_type_uintptr_t=yes
acx_cv_prog_cc_pedantic_=yes
acx_cv_prog_cc_warning__W=yes
acx_cv_prog_cc_warning__Wall=yes
acx_cv_prog_cc_warning__Wcpp_compat=yes
acx_cv_prog_cc_warning__Wstrict_prototypes=yes
acx_cv_prog_cc_warning__Wwrite_strings=yes
liberty_cv_uint64=uint64_t
libiberty_cv_decl_needed_canonicalize_file_name=no
libiberty_cv_declare_errno=no
libiberty_cv_var_sys_errlist=yes
libiberty_cv_var_sys_nerr=yes
libiberty_cv_var_sys_siglist=yes

## ----------------- ##
## Output variables. ##
## ----------------- ##

AR='ar'
BUILD_INFO='info'
CC='gcc'
CFLAGS='-g -O2'
CHECK='really-check'
CPP='gcc -E'
CPPFLAGS=''
DEFS='-DHAVE_CONFIG_H'
ECHO_C=''
ECHO_N='-n'
ECHO_T=''
EGREP='/usr/bin/grep -E'
EXEEXT=''
GREP='/usr/bin/grep'
HAVE_PERL=''
INSTALL_DATA='/usr/bin/install -c -m 644'
INSTALL_DEST='libdir'
INSTALL_PROGRAM='/usr/bin/install -c'
INSTALL_SCRIPT='/usr/bin/install -c'
LDFLAGS=' '
LIBOBJS=' ${LIBOBJDIR}./setproctitle$U.o'
LIBS=''
LTLIBOBJS=' ${LIBOBJDIR}./setproctitle$U.lo'
MAINT='#'
MAKEINFO='makeinfo --split-size=5000000'
NOASANFLAG=''
NOTMAINT=''
NO_MINUS_C_MINUS_O=''
OBJEXT='o'
OUTPUT_OPTION='-o $@'
PACKAGE_BUGREPORT=''
PACKAGE_NAME=''
PACKAGE_STRING=''
PACKAGE_TARNAME=''
PACKAGE_URL=''
PACKAGE_VERSION=''
PATH_SEPARATOR=':'
PERL='perl'
PICFLAG=''
RANLIB='ranlib'
SHELL='/bin/sh'
ac_ct_CC=''
ac_libiberty_warn_cflags='-W -Wall -Wwrite-strings -Wc++-compat -Wstrict-prototypes -pedantic '
bindir='${exec_prefix}/bin'
build='x86_64-unknown-linux-gnu'
build_alias='x86_64-unknown-linux-gnu'
build_cpu='x86_64'
build_os='linux-gnu'
build_vendor='unknown'
datadir='${datarootdir}'
datarootdir='${prefix}/share'
docdir='${datarootdir}/doc/${PACKAGE}'
dvidir='${docdir}'
exec_prefix='${prefix}'
host='x86_64-unknown-linux-gnu'
host_alias='x86_64-unknown-linux-gnu'
host_cpu='x86_64'
host_os='linux-gnu'
host_vendor='unknown'
htmldir='${docdir}'
includedir='${prefix}/include'
infodir='${datarootdir}/info'
libdir='${exec_prefix}/lib'
libexecdir='${exec_prefix}/libexec'
libiberty_topdir='./..'
localedir='${datarootdir}/locale'
localstatedir='${prefix}/var'
mandir='${datarootdir}/man'
oldincludedir='/usr/include'
pdfdir='${docdir}'
pexecute='pex-unix'
prefix='/mnt/petrelfs/sunluoyi/gdb'
program_transform_name='s,y,y,'
psdir='${docdir}'
sbindir='${exec_prefix}/sbin'
sharedstatedir='${prefix}/com'
sysconfdir='${prefix}/etc'
target_alias='x86_64-unknown-linux-gnu'
target_header_dir=''

## ------------------- ##
## File substitutions. ##
## ------------------- ##

host_makefile_frag='xhost-mkfrag'

## ----------- ##
## confdefs.h. ##
## ----------- ##

/* confdefs.h */
#define PACKAGE_NAME ""
#define PACKAGE_TARNAME ""
#define PACKAGE_VERSION ""
#define PACKAGE_STRING ""
#define PACKAGE_BUGREPORT ""
#define PACKAGE_URL ""
#define STDC_HEADERS 1
#define HAVE_SYS_TYPES_H 1
#define HAVE_SYS_STAT_H 1
#define HAVE_STDLIB_H 1
#define HAVE_STRING_H 1
#define HAVE_MEMORY_H 1
#define HAVE_STRINGS_H 1
#define HAVE_INTTYPES_H 1
#define HAVE_STDINT_H 1
#define HAVE_UNISTD_H 1
#define __EXTENSIONS__ 1
#define _ALL_SOURCE 1
#define _GNU_SOURCE 1
#define _POSIX_PTHREAD_SEMANTICS 1
#define _TANDEM_SOURCE 1
#define HAVE_SYS_FILE_H 1
#define HAVE_SYS_PARAM_H 1
#define HAVE_LIMITS_H 1
#define HAVE_STDLIB_H 1
#define HAVE_MALLOC_H 1
#define HAVE_STRING_H 1
#define HAVE_UNISTD_H 1
#define HAVE_STRINGS_H 1
#define HAVE_SYS_TIME_H 1
#define HAVE_TIME_H 1
#define HAVE_SYS_RESOURCE_H 1
#define HAVE_SYS_STAT_H 1
#define HAVE_SYS_MMAN_H 1
#define HAVE_FCNTL_H 1
#define HAVE_ALLOCA_H 1
#define HAVE_SYS_SYSINFO_H 1
#define HAVE_SYS_SYSCTL_H 1
#define HAVE_STDINT_H 1
#define HAVE_STDIO_EXT_H 1
#define HAVE_SYS_PRCTL_H 1
#define HAVE_SYS_WAIT_H 1
#define TIME_WITH_SYS_TIME 1
#define SIZEOF_INT 4
#define SIZEOF_LONG 8
#define HAVE_LONG_LONG 1
#define SIZEOF_LONG_LONG 8
#define UNSIGNED_64BIT_TYPE uint64_t
#define HAVE_INTPTR_T 1
#define HAVE_UINTPTR_T 1
#define HAVE_UINTPTR_T 1
#define HAVE_ASPRINTF 1
#define HAVE_ATEXIT 1
#define HAVE_BASENAME 1
#define HAVE_BCMP 1
#define HAVE_BCOPY 1
#define HAVE_BSEARCH 1
#define HAVE_BZERO 1
#define HAVE_CALLOC 1
#define HAVE_CLOCK 1
#define HAVE_FFS 1
#define HAVE_GETCWD 1
#define HAVE_GETPAGESIZE 1
#define HAVE_GETTIMEOFDAY 1
#define HAVE_INDEX 1
#define HAVE_INSQUE 1
#define HAVE_MEMCHR 1
#define HAVE_MEMCMP 1
#define HAVE_MEMCPY 1
#define HAVE_MEMMEM 1
#define HAVE_MEMMOVE 1
#define HAVE_MEMPCPY 1
#define HAVE_MEMSET 1
#define HAVE_MKSTEMPS 1
#define HAVE_PUTENV 1
#define HAVE_RANDOM 1
#define HAVE_RENAME 1
#define HAVE_RINDEX 1
#define HAVE_SETENV 1
#define HAVE_SNPRINTF 1
#define HAVE_SIGSETMASK 1
#define HAVE_STPCPY 1
#define HAVE_STPNCPY 1
#define HAVE_STRCASECMP 1
#define HAVE_STRCHR 1
#define HAVE_STRDUP 1
#define HAVE_STRNCASECMP 1
#define HAVE_STRNDUP 1
#define HAVE_STRNLEN 1
#define HAVE_STRRCHR 1
#define HAVE_STRSTR 1
#define HAVE_STRTOD 1
#define HAVE_STRTOL 1
#define HAVE_STRTOUL 1
#define HAVE_STRTOLL 1
#define HAVE_STRTOULL 1
#define HAVE_STRVERSCMP 1
#define HAVE_TMPNAM 1
#define HAVE_VASPRINTF 1
#define HAVE_VFPRINTF 1
#define HAVE_VPRINTF 1
#define HAVE_VSNPRINTF 1
#define HAVE_VSPRINTF 1
#define HAVE_WAITPID 1
#define STACK_DIRECTION -1
#define HAVE_FORK 1
#define HAVE_VFORK 1
#define HAVE_WORKING_VFORK 1
#define HAVE_WORKING_FORK 1
#define HAVE_SYS_ERRLIST 1
#define HAVE_SYS_NERR 1
#define HAVE_SYS_SIGLIST 1
#define HAVE___FSETLOCKING 1
#define HAVE_CANONICALIZE_FILE_NAME 1
#define HAVE_DUP3 1
#define HAVE_GETRLIMIT 1
#define HAVE_GETRUSAGE 1
#define HAVE_GETTIMEOFDAY 1
#define HAVE_ON_EXIT 1
#define HAVE_PSIGNAL 1
#define HAVE_REALPATH 1
#define HAVE_SETRLIMIT 1
#define HAVE_SBRK 1
#define HAVE_STRERROR 1
#define HAVE_STRSIGNAL 1
#define HAVE_SYSCONF 1
#define HAVE_SYSCTL 1
#define HAVE_TIMES 1
#define HAVE_WAIT3 1
#define HAVE_WAIT4 1
#define HAVE_DECL_BASENAME 1
#define HAVE_DECL_FFS 1
#define HAVE_DECL_ASPRINTF 1
#define HAVE_DECL_VASPRINTF 1
#define HAVE_DECL_SNPRINTF 1
#define HAVE_DECL_VSNPRINTF 1
#define HAVE_DECL_CALLOC 1
#define HAVE_DECL_GETENV 1
#define HAVE_DECL_GETOPT 1
#define HAVE_DECL_MALLOC 1
#define HAVE_DECL_REALLOC 1
#define HAVE_DECL_SBRK 1
#define HAVE_DECL_STRTOL 1
#define HAVE_DECL_STRTOUL 1
#define HAVE_DECL_STRTOLL 1
#define HAVE_DECL_STRTOULL 1
#define HAVE_DECL_STRVERSCMP 1
#define HAVE_STDLIB_H 1
#define HAVE_UNISTD_H 1
#define HAVE_GETPAGESIZE 1
#define HAVE_MMAP 1

configure: exit 0
