This file contains any messages produced by compilers while
running configure, to aid debugging if configure makes a mistake.

It was created by opcodes configure 2.25.51, which was
generated by GNU Autoconf 2.64.  Invocation command line was

  $ /mnt/petrelfs/sunluoyi/autoacd/code/CLAP_distribute/src/laion_clap/evaluate/gdb-7.10.1/opcodes/configure --srcdir=.././opcodes --cache-file=./config.cache --prefix=/mnt/petrelfs/sunluoyi/gdb --program-transform-name=s,y,y, --disable-option-checking --build=x86_64-unknown-linux-gnu --host=x86_64-unknown-linux-gnu --target=x86_64-unknown-linux-gnu

## --------- ##
## Platform. ##
## --------- ##

hostname = SH-IDC1-10-140-0-31
uname -m = x86_64
uname -r = 3.10.0-957.el7.x86_64
uname -s = Linux
uname -v = #1 SMP Thu Nov 8 23:39:32 UTC 2018

/usr/bin/uname -p = x86_64
/bin/uname -X     = unknown

/bin/arch              = x86_64
/usr/bin/arch -k       = unknown
/usr/convex/getsysinfo = unknown
/usr/bin/hostinfo      = unknown
/bin/machine           = unknown
/usr/bin/oslevel       = unknown
/bin/universe          = unknown

PATH: /mnt/petrelfs/sunluoyi/anaconda3/envs/clap/bin
PATH: /mnt/petrelfs/sunluoyi/anaconda3/bin
PATH: /usr/local/sbin
PATH: /usr/local/bin
PATH: /usr/sbin
PATH: /usr/bin
PATH: /root/bin
PATH: /usr/local/fping/sbin
PATH: /usr/local/fping/sbin
PATH: /mnt/petrelfs/sunluoyi/.local/bin
PATH: /mnt/petrelfs/sunluoyi/bin


## ----------- ##
## Core tests. ##
## ----------- ##

configure:2176: loading cache ./config.cache
configure:2289: checking build system type
configure:2303: result: x86_64-unknown-linux-gnu
configure:2323: checking host system type
configure:2336: result: x86_64-unknown-linux-gnu
configure:2356: checking target system type
configure:2369: result: x86_64-unknown-linux-gnu
configure:2403: checking for x86_64-unknown-linux-gnu-gcc
configure:2430: result: gcc
configure:2699: checking for C compiler version
configure:2708: gcc --version >&5
gcc (GCC) 4.8.5 20150623 (Red Hat 4.8.5-44)
Copyright (C) 2015 Free Software Foundation, Inc.
This is free software; see the source for copying conditions.  There is NO
warranty; not even for MERCHANTABILITY or FITNESS FOR A PARTICULAR PURPOSE.

configure:2719: $? = 0
configure:2708: gcc -v >&5
Using built-in specs.
COLLECT_GCC=gcc
COLLECT_LTO_WRAPPER=/usr/libexec/gcc/x86_64-redhat-linux/4.8.5/lto-wrapper
Target: x86_64-redhat-linux
Configured with: ../configure --prefix=/usr --mandir=/usr/share/man --infodir=/usr/share/info --with-bugurl=http://bugzilla.redhat.com/bugzilla --enable-bootstrap --enable-shared --enable-threads=posix --enable-checking=release --with-system-zlib --enable-__cxa_atexit --disable-libunwind-exceptions --enable-gnu-unique-object --enable-linker-build-id --with-linker-hash-style=gnu --enable-languages=c,c++,objc,obj-c++,java,fortran,ada,go,lto --enable-plugin --enable-initfini-array --disable-libgcj --with-isl=/builddir/build/BUILD/gcc-4.8.5-20150702/obj-x86_64-redhat-linux/isl-install --with-cloog=/builddir/build/BUILD/gcc-4.8.5-20150702/obj-x86_64-redhat-linux/cloog-install --enable-gnu-indirect-function --with-tune=generic --with-arch_32=x86-64 --build=x86_64-redhat-linux
Thread model: posix
gcc version 4.8.5 20150623 (Red Hat 4.8.5-44) (GCC) 
configure:2719: $? = 0
configure:2708: gcc -V >&5
gcc: error: unrecognized command line option '-V'
gcc: fatal error: no input files
compilation terminated.
configure:2719: $? = 4
configure:2708: gcc -qversion >&5
gcc: error: unrecognized command line option '-qversion'
gcc: fatal error: no input files
compilation terminated.
configure:2719: $? = 4
configure:2739: checking for C compiler default output file name
configure:2761: gcc -g -O2    conftest.c  >&5
configure:2765: $? = 0
configure:2802: result: a.out
configure:2818: checking whether the C compiler works
configure:2827: ./a.out
configure:2831: $? = 0
configure:2846: result: yes
configure:2853: checking whether we are cross compiling
configure:2855: result: no
configure:2858: checking for suffix of executables
configure:2865: gcc -o conftest -g -O2    conftest.c  >&5
configure:2869: $? = 0
configure:2891: result: 
configure:2897: checking for suffix of object files
configure:2944: result: o
configure:2948: checking whether we are using the GNU C compiler
configure:2976: result: yes
configure:2985: checking whether gcc accepts -g
configure:3046: result: yes
configure:3063: checking for gcc option to accept ISO C89
configure:3140: result: none needed
configure:3161: checking for library containing strerror
configure:3209: result: none required
configure:3234: checking for a BSD-compatible install
configure:3302: result: /usr/bin/install -c
configure:3313: checking whether build environment is sane
configure:3363: result: yes
configure:3504: checking for a thread-safe mkdir -p
configure:3543: result: /usr/bin/mkdir -p
configure:3556: checking for gawk
configure:3583: result: gawk
configure:3594: checking whether make sets $(MAKE)
configure:3616: result: yes
configure:3646: checking for style of include used by make
configure:3674: result: GNU
configure:3759: checking dependency style of gcc
configure:3869: result: gcc3
configure:3894: checking for x86_64-unknown-linux-gnu-gcc
configure:3921: result: gcc
configure:4190: checking for C compiler version
configure:4199: gcc --version >&5
gcc (GCC) 4.8.5 20150623 (Red Hat 4.8.5-44)
Copyright (C) 2015 Free Software Foundation, Inc.
This is free software; see the source for copying conditions.  There is NO
warranty; not even for MERCHANTABILITY or FITNESS FOR A PARTICULAR PURPOSE.

configure:4210: $? = 0
configure:4199: gcc -v >&5
Using built-in specs.
COLLECT_GCC=gcc
COLLECT_LTO_WRAPPER=/usr/libexec/gcc/x86_64-redhat-linux/4.8.5/lto-wrapper
Target: x86_64-redhat-linux
Configured with: ../configure --prefix=/usr --mandir=/usr/share/man --infodir=/usr/share/info --with-bugurl=http://bugzilla.redhat.com/bugzilla --enable-bootstrap --enable-shared --enable-threads=posix --enable-checking=release --with-system-zlib --enable-__cxa_atexit --disable-libunwind-exceptions --enable-gnu-unique-object --enable-linker-build-id --with-linker-hash-style=gnu --enable-languages=c,c++,objc,obj-c++,java,fortran,ada,go,lto --enable-plugin --enable-initfini-array --disable-libgcj --with-isl=/builddir/build/BUILD/gcc-4.8.5-20150702/obj-x86_64-redhat-linux/isl-install --with-cloog=/builddir/build/BUILD/gcc-4.8.5-20150702/obj-x86_64-redhat-linux/cloog-install --enable-gnu-indirect-function --with-tune=generic --with-arch_32=x86-64 --build=x86_64-redhat-linux
Thread model: posix
gcc version 4.8.5 20150623 (Red Hat 4.8.5-44) (GCC) 
configure:4210: $? = 0
configure:4199: gcc -V >&5
gcc: error: unrecognized command line option '-V'
gcc: fatal error: no input files
compilation terminated.
configure:4210: $? = 4
configure:4199: gcc -qversion >&5
gcc: error: unrecognized command line option '-qversion'
gcc: fatal error: no input files
compilation terminated.
configure:4210: $? = 4
configure:4214: checking whether we are using the GNU C compiler
configure:4242: result: yes
configure:4251: checking whether gcc accepts -g
configure:4312: result: yes
configure:4329: checking for gcc option to accept ISO C89
configure:4406: result: none needed
configure:4431: checking how to run the C preprocessor
configure:4501: result: gcc -E
configure:4521: gcc -E  conftest.c
configure:4521: $? = 0
configure:4535: gcc -E  conftest.c
conftest.c:11:28: fatal error: ac_nonexistent.h: No such file or directory
 #include <ac_nonexistent.h>
                            ^
compilation terminated.
configure:4535: $? = 1
configure: failed program was:
| /* confdefs.h */
| #define PACKAGE_NAME "opcodes"
| #define PACKAGE_TARNAME "opcodes"
| #define PACKAGE_VERSION "2.25.51"
| #define PACKAGE_STRING "opcodes 2.25.51"
| #define PACKAGE_BUGREPORT ""
| #define PACKAGE_URL ""
| #define PACKAGE "opcodes"
| #define VERSION "2.25.51"
| /* end confdefs.h.  */
| #include <ac_nonexistent.h>
configure:4564: checking for grep that handles long lines and -e
configure:4622: result: /usr/bin/grep
configure:4627: checking for egrep
configure:4689: result: /usr/bin/grep -E
configure:4694: checking for ANSI C header files
configure:4798: result: yes
configure:4811: checking for sys/types.h
configure:4811: result: yes
configure:4811: checking for sys/stat.h
configure:4811: result: yes
configure:4811: checking for stdlib.h
configure:4811: result: yes
configure:4811: checking for string.h
configure:4811: result: yes
configure:4811: checking for memory.h
configure:4811: result: yes
configure:4811: checking for strings.h
configure:4811: result: yes
configure:4811: checking for inttypes.h
configure:4811: result: yes
configure:4811: checking for stdint.h
configure:4811: result: yes
configure:4811: checking for unistd.h
configure:4811: result: yes
configure:4825: checking for minix/config.h
configure:4825: result: no
configure:4846: checking whether it is safe to define __EXTENSIONS__
configure:4871: result: yes
configure:4891: checking for x86_64-unknown-linux-gnu-ar
configure:4918: result: ar
configure:4983: checking for x86_64-unknown-linux-gnu-ranlib
configure:5010: result: ranlib
configure:5151: checking how to print strings
configure:5178: result: printf
configure:5199: checking for a sed that does not truncate output
configure:5263: result: /usr/bin/sed
configure:5281: checking for fgrep
configure:5343: result: /usr/bin/grep -F
configure:5378: checking for ld used by gcc
configure:5445: result: ld
configure:5452: checking if the linker (ld) is GNU ld
configure:5467: result: yes
configure:5479: checking for BSD- or MS-compatible name lister (nm)
configure:5528: result: nm
configure:5658: checking the name lister (nm) interface
configure:5678: result: BSD nm
configure:5681: checking whether ln -s works
configure:5685: result: yes
configure:5693: checking the maximum length of command line arguments
configure:5818: result: 1572864
configure:5835: checking whether the shell understands some XSI constructs
configure:5845: result: yes
configure:5849: checking whether the shell understands "+="
configure:5855: result: yes
configure:5890: checking for ld option to reload object files
configure:5897: result: -r
configure:5926: checking for x86_64-unknown-linux-gnu-objdump
configure:5953: result: objdump
configure:6025: checking how to recognize dependent libraries
configure:6226: result: pass_all
configure:6246: checking for x86_64-unknown-linux-gnu-ar
configure:6273: result: ar
configure:6351: checking for x86_64-unknown-linux-gnu-strip
configure:6381: result: no
configure:6391: checking for strip
configure:6418: result: strip
configure:6450: checking for x86_64-unknown-linux-gnu-ranlib
configure:6477: result: ranlib
configure:6619: checking command to parse nm output from gcc object
configure:6842: result: ok
configure:6937: gcc -c -g -O2  conftest.c >&5
configure:6940: $? = 0
configure:7690: checking for dlfcn.h
configure:7690: result: yes
configure:7847: checking for objdir
configure:7862: result: .libs
configure:8133: checking if gcc supports -fno-rtti -fno-exceptions
configure:8168: result: no
configure:8188: checking for gcc option to produce PIC
configure:8474: result: -fPIC -DPIC
configure:8486: checking if gcc PIC flag -fPIC -DPIC works
configure:8521: result: yes
configure:8545: checking if gcc static flag -static works
configure:8573: result: no
configure:8588: checking if gcc supports -c -o file.o
configure:8635: result: yes
configure:8643: checking if gcc supports -c -o file.o
configure:8690: result: yes
configure:8723: checking whether the gcc linker (ld -m elf_x86_64) supports shared libraries
configure:9794: result: yes
configure:10039: checking dynamic linker characteristics
configure:10712: result: GNU/Linux ld.so
configure:10819: checking how to hardcode library paths into programs
configure:10844: result: immediate
configure:11384: checking whether stripping libraries is possible
configure:11389: result: yes
configure:11424: checking if libtool supports shared libraries
configure:11426: result: yes
configure:11429: checking whether to build shared libraries
configure:11450: result: no
configure:11453: checking whether to build static libraries
configure:11457: result: yes
configure:11590: checking whether gcc supports -Wmissing-field-initializers
configure:11616: result: yes
configure:11636: checking whether to enable maintainer-specific portions of Makefiles
configure:11645: result: no
configure:11673: checking whether to install libbfd
configure:11686: result: yes
configure:11732: checking whether NLS is requested
configure:11738: result: yes
configure:11744: checking for catalogs to be installed
configure:11776: result:  da de es fi fr ga id it nl pt_BR ro sv tr uk vi zh_CN da de es fi fr ga id it nl pt_BR ro sv tr uk vi zh_CN
configure:11803: checking whether NLS is requested
configure:11812: result: yes
configure:11850: checking for msgfmt
configure:11881: result: /usr/bin/msgfmt
configure:11890: checking for gmsgfmt
configure:11921: result: /usr/bin/msgfmt
configure:11961: checking for xgettext
configure:11992: result: /usr/bin/xgettext
configure:12032: checking for msgmerge
configure:12062: result: /usr/bin/msgmerge
configure:12144: checking for string.h
configure:12144: result: yes
configure:12144: checking for strings.h
configure:12144: result: yes
configure:12144: checking for stdlib.h
configure:12144: result: yes
configure:12144: checking for limits.h
configure:12144: result: yes
configure:12155: checking whether string.h and strings.h may both be included
configure:12179: result: yes
configure:12188: checking whether basename is declared
configure:12188: result: yes
configure:12198: checking whether stpcpy is declared
configure:12198: result: yes
configure:12212: checking for sigsetjmp
configure:12230: gcc -c -g -O2  conftest.c >&5
configure:12230: $? = 0
configure:12237: result: 
configure:12275: checking linker --as-needed support
configure:12286: result: yes
configure:12377: checking for cos in -lm
configure:12411: result: yes
configure:12811: creating ./config.status

## ---------------------- ##
## Running config.status. ##
## ---------------------- ##

This file was extended by opcodes config.status 2.25.51, which was
generated by GNU Autoconf 2.64.  Invocation command line was

  CONFIG_FILES    = 
  CONFIG_HEADERS  = 
  CONFIG_LINKS    = 
  CONFIG_COMMANDS = 
  $ ./config.status 

on SH-IDC1-10-140-0-31

config.status:1130: creating Makefile
config.status:1130: creating po/Makefile.in
config.status:1130: creating config.h
config.status:1302: config.h is unchanged
config.status:1350: executing depfiles commands
config.status:1350: executing libtool commands
config.status:1350: executing default-1 commands

## ---------------- ##
## Cache variables. ##
## ---------------- ##

ac_cv_build=x86_64-unknown-linux-gnu
ac_cv_c_compiler_gnu=yes
ac_cv_env_CC_set=set
ac_cv_env_CC_value=gcc
ac_cv_env_CFLAGS_set=set
ac_cv_env_CFLAGS_value='-g -O2'
ac_cv_env_CPPFLAGS_set=
ac_cv_env_CPPFLAGS_value=
ac_cv_env_CPP_set=
ac_cv_env_CPP_value=
ac_cv_env_LDFLAGS_set=set
ac_cv_env_LDFLAGS_value=' '
ac_cv_env_LIBS_set=
ac_cv_env_LIBS_value=
ac_cv_env_build_alias_set=set
ac_cv_env_build_alias_value=x86_64-unknown-linux-gnu
ac_cv_env_host_alias_set=set
ac_cv_env_host_alias_value=x86_64-unknown-linux-gnu
ac_cv_env_target_alias_set=set
ac_cv_env_target_alias_value=x86_64-unknown-linux-gnu
ac_cv_have_decl_basename=yes
ac_cv_have_decl_stpcpy=yes
ac_cv_header_dlfcn_h=yes
ac_cv_header_inttypes_h=yes
ac_cv_header_limits_h=yes
ac_cv_header_memory_h=yes
ac_cv_header_minix_config_h=no
ac_cv_header_stdc=yes
ac_cv_header_stdint_h=yes
ac_cv_header_stdlib_h=yes
ac_cv_header_string_h=yes
ac_cv_header_strings_h=yes
ac_cv_header_sys_stat_h=yes
ac_cv_header_sys_types_h=yes
ac_cv_header_unistd_h=yes
ac_cv_host=x86_64-unknown-linux-gnu
ac_cv_lib_m_cos=yes
ac_cv_objext=o
ac_cv_path_EGREP='/usr/bin/grep -E'
ac_cv_path_FGREP='/usr/bin/grep -F'
ac_cv_path_GMSGFMT=/usr/bin/msgfmt
ac_cv_path_GREP=/usr/bin/grep
ac_cv_path_MSGFMT=/usr/bin/msgfmt
ac_cv_path_MSGMERGE=/usr/bin/msgmerge
ac_cv_path_SED=/usr/bin/sed
ac_cv_path_XGETTEXT=/usr/bin/xgettext
ac_cv_path_mkdir=/usr/bin/mkdir
ac_cv_prog_AR=ar
ac_cv_prog_AWK=gawk
ac_cv_prog_CC=gcc
ac_cv_prog_CPP='gcc -E'
ac_cv_prog_OBJDUMP=objdump
ac_cv_prog_RANLIB=ranlib
ac_cv_prog_ac_ct_STRIP=strip
ac_cv_prog_cc_c89=
ac_cv_prog_cc_g=yes
ac_cv_prog_make_make_set=yes
ac_cv_safe_to_define___extensions__=yes
ac_cv_search_strerror='none required'
ac_cv_target=x86_64-unknown-linux-gnu
acx_cv_prog_cc_warning__Wmissing_field_initializers=yes
am_cv_CC_dependencies_compiler_type=gcc3
bfd_cv_func_sigsetjmp=yes
bfd_cv_ld_as_needed=yes
gcc_cv_header_string=yes
lt_cv_deplibs_check_method=pass_all
lt_cv_file_magic_cmd='$MAGIC_CMD'
lt_cv_file_magic_test_file=
lt_cv_ld_reload_flag=-r
lt_cv_nm_interface='BSD nm'
lt_cv_objdir=.libs
lt_cv_path_LD=ld
lt_cv_path_NM=nm
lt_cv_prog_compiler_c_o=yes
lt_cv_prog_compiler_pic_works=yes
lt_cv_prog_compiler_rtti_exceptions=no
lt_cv_prog_compiler_static_works=no
lt_cv_prog_gnu_ld=yes
lt_cv_shlibpath_overrides_runpath=no
lt_cv_sys_global_symbol_pipe='sed -n -e '\''s/^.*[	 ]\([ABCDGIRSTW][ABCDGIRSTW]*\)[	 ][	 ]*\([_A-Za-z][_A-Za-z0-9]*\)$/\1 \2 \2/p'\'''
lt_cv_sys_global_symbol_to_c_name_address='sed -n -e '\''s/^: \([^ ]*\) $/  {\"\1\", (void *) 0},/p'\'' -e '\''s/^[ABCDGIRSTW]* \([^ ]*\) \([^ ]*\)$/  {"\2", (void *) \&\2},/p'\'''
lt_cv_sys_global_symbol_to_c_name_address_lib_prefix='sed -n -e '\''s/^: \([^ ]*\) $/  {\"\1\", (void *) 0},/p'\'' -e '\''s/^[ABCDGIRSTW]* \([^ ]*\) \(lib[^ ]*\)$/  {"\2", (void *) \&\2},/p'\'' -e '\''s/^[ABCDGIRSTW]* \([^ ]*\) \([^ ]*\)$/  {"lib\2", (void *) \&\2},/p'\'''
lt_cv_sys_global_symbol_to_cdecl='sed -n -e '\''s/^T .* \(.*\)$/extern int \1();/p'\'' -e '\''s/^[ABCDGIRSTW]* .* \(.*\)$/extern char \1;/p'\'''
lt_cv_sys_max_cmd_len=1572864

## ----------------- ##
## Output variables. ##
## ----------------- ##

ACLOCAL='${SHELL} /mnt/petrelfs/sunluoyi/autoacd/code/CLAP_distribute/src/laion_clap/evaluate/gdb-7.10.1/missing --run aclocal-1.11'
AMDEPBACKSLASH='\'
AMDEP_FALSE='#'
AMDEP_TRUE=''
AMTAR='${SHELL} /mnt/petrelfs/sunluoyi/autoacd/code/CLAP_distribute/src/laion_clap/evaluate/gdb-7.10.1/missing --run tar'
AR='ar'
AUTOCONF='${SHELL} /mnt/petrelfs/sunluoyi/autoacd/code/CLAP_distribute/src/laion_clap/evaluate/gdb-7.10.1/missing --run autoconf'
AUTOHEADER='${SHELL} /mnt/petrelfs/sunluoyi/autoacd/code/CLAP_distribute/src/laion_clap/evaluate/gdb-7.10.1/missing --run autoheader'
AUTOMAKE='${SHELL} /mnt/petrelfs/sunluoyi/autoacd/code/CLAP_distribute/src/laion_clap/evaluate/gdb-7.10.1/missing --run automake-1.11'
AWK='gawk'
BFD_MACHINES=' i386-dis.lo i386-opc.lo'
BUILD_LIBS='../libiberty/libiberty.a '
BUILD_LIB_DEPS='../libiberty/libiberty.a '
CATALOGS=' da.gmo de.gmo es.gmo fi.gmo fr.gmo ga.gmo id.gmo it.gmo nl.gmo pt_BR.gmo ro.gmo sv.gmo tr.gmo uk.gmo vi.gmo zh_CN.gmo da.gmo de.gmo es.gmo fi.gmo fr.gmo ga.gmo id.gmo it.gmo nl.gmo pt_BR.gmo ro.gmo sv.gmo tr.gmo uk.gmo vi.gmo zh_CN.gmo'
CATOBJEXT='.gmo'
CC='gcc'
CCDEPMODE='depmode=gcc3'
CC_FOR_BUILD='gcc'
CFLAGS='-g -O2'
CGEN_MAINT_FALSE=''
CGEN_MAINT_TRUE='#'
CPP='gcc -E'
CPPFLAGS=''
CYGPATH_W='echo'
DATADIRNAME='share'
DEFS='-DHAVE_CONFIG_H'
DEPDIR='.deps'
DSYMUTIL=''
DUMPBIN=''
ECHO_C=''
ECHO_N='-n'
ECHO_T=''
EGREP='/usr/bin/grep -E'
EXEEXT=''
EXEEXT_FOR_BUILD='$(EXEEXT)'
FGREP='/usr/bin/grep -F'
GENCAT='gencat'
GMSGFMT='/usr/bin/msgfmt'
GREP='/usr/bin/grep'
HDEFINES=''
INCINTL=''
INSTALL_DATA='/usr/bin/install -c -m 644'
INSTALL_LIBBFD_FALSE='#'
INSTALL_LIBBFD_TRUE=''
INSTALL_PROGRAM='/usr/bin/install -c'
INSTALL_SCRIPT='/usr/bin/install -c'
INSTALL_STRIP_PROGRAM='$(install_sh) -c -s'
INSTOBJEXT='.mo'
LD='ld -m elf_x86_64'
LDFLAGS=' '
LIBINTL=''
LIBINTL_DEP=''
LIBM='-lm'
LIBOBJS=''
LIBS=''
LIBTOOL='$(SHELL) $(top_builddir)/libtool'
LIPO=''
LN_S='ln -s'
LTLIBOBJS=''
MAINT='#'
MAINTAINER_MODE_FALSE=''
MAINTAINER_MODE_TRUE='#'
MAKEINFO='makeinfo --split-size=5000000'
MKDIR_P='/usr/bin/mkdir -p'
MKINSTALLDIRS='$(top_builddir)/./../mkinstalldirs'
MSGFMT='/usr/bin/msgfmt'
MSGMERGE='/usr/bin/msgmerge'
NM='nm'
NMEDIT=''
NO_WERROR=''
NO_WMISSING_FIELD_INITIALIZERS='-Wno-missing-field-initializers'
OBJDUMP='objdump'
OBJEXT='o'
OTOOL64=''
OTOOL=''
PACKAGE='opcodes'
PACKAGE_BUGREPORT=''
PACKAGE_NAME='opcodes'
PACKAGE_STRING='opcodes 2.25.51'
PACKAGE_TARNAME='opcodes'
PACKAGE_URL=''
PACKAGE_VERSION='2.25.51'
PATH_SEPARATOR=':'
POSUB='po'
RANLIB='ranlib'
SED='/usr/bin/sed'
SET_MAKE=''
SHARED_DEPENDENCIES=''
SHARED_LDFLAGS=''
SHARED_LIBADD=''
SHELL='/bin/sh'
STRIP='strip'
USE_NLS='yes'
VERSION='2.25.51'
WARN_CFLAGS='-W -Wall -Wstrict-prototypes -Wmissing-prototypes -Wshadow'
XGETTEXT='/usr/bin/xgettext'
ac_ct_CC=''
ac_ct_DUMPBIN=''
am__EXEEXT_FALSE=''
am__EXEEXT_TRUE='#'
am__fastdepCC_FALSE='#'
am__fastdepCC_TRUE=''
am__include='include'
am__isrc=''
am__leading_dot='.'
am__quote=''
am__tar='${AMTAR} chof - "$$tardir"'
am__untar='${AMTAR} xf -'
archdefs=' -DARCH_i386 -DARCH_iamcu -DARCH_l1om -DARCH_k1om'
bfdincludedir='$(includedir)'
bfdlibdir='$(libdir)'
bindir='${exec_prefix}/bin'
build='x86_64-unknown-linux-gnu'
build_alias='x86_64-unknown-linux-gnu'
build_cpu='x86_64'
build_os='linux-gnu'
build_vendor='unknown'
cgendir='$(srcdir)/../cgen'
datadir='${datarootdir}'
datarootdir='${prefix}/share'
docdir='${datarootdir}/doc/${PACKAGE_TARNAME}'
dvidir='${docdir}'
exec_prefix='${prefix}'
host='x86_64-unknown-linux-gnu'
host_alias='x86_64-unknown-linux-gnu'
host_cpu='x86_64'
host_noncanonical='x86_64-unknown-linux-gnu'
host_os='linux-gnu'
host_vendor='unknown'
htmldir='${docdir}'
includedir='${prefix}/include'
infodir='${datarootdir}/info'
install_sh='${SHELL} /mnt/petrelfs/sunluoyi/autoacd/code/CLAP_distribute/src/laion_clap/evaluate/gdb-7.10.1/install-sh'
libdir='${exec_prefix}/lib'
libexecdir='${exec_prefix}/libexec'
localedir='${datarootdir}/locale'
localstatedir='${prefix}/var'
mandir='${datarootdir}/man'
mkdir_p='/usr/bin/mkdir -p'
oldincludedir='/usr/include'
pdfdir='${docdir}'
prefix='/mnt/petrelfs/sunluoyi/gdb'
program_transform_name='s,y,y,'
psdir='${docdir}'
sbindir='${exec_prefix}/sbin'
sharedstatedir='${prefix}/com'
sysconfdir='${prefix}/etc'
target='x86_64-unknown-linux-gnu'
target_alias='x86_64-unknown-linux-gnu'
target_cpu='x86_64'
target_noncanonical='x86_64-unknown-linux-gnu'
target_os='linux-gnu'
target_vendor='unknown'

## ----------- ##
## confdefs.h. ##
## ----------- ##

/* confdefs.h */
#define PACKAGE_NAME "opcodes"
#define PACKAGE_TARNAME "opcodes"
#define PACKAGE_VERSION "2.25.51"
#define PACKAGE_STRING "opcodes 2.25.51"
#define PACKAGE_BUGREPORT ""
#define PACKAGE_URL ""
#define PACKAGE "opcodes"
#define VERSION "2.25.51"
#define STDC_HEADERS 1
#define HAVE_SYS_TYPES_H 1
#define HAVE_SYS_STAT_H 1
#define HAVE_STDLIB_H 1
#define HAVE_STRING_H 1
#define HAVE_MEMORY_H 1
#define HAVE_STRINGS_H 1
#define HAVE_INTTYPES_H 1
#define HAVE_STDINT_H 1
#define HAVE_UNISTD_H 1
#define __EXTENSIONS__ 1
#define _ALL_SOURCE 1
#define _GNU_SOURCE 1
#define _POSIX_PTHREAD_SEMANTICS 1
#define _TANDEM_SOURCE 1
#define HAVE_DLFCN_H 1
#define LT_OBJDIR ".libs/"
#define ENABLE_NLS 1
#define HAVE_STRING_H 1
#define HAVE_STRINGS_H 1
#define HAVE_STDLIB_H 1
#define HAVE_LIMITS_H 1
#define STRING_WITH_STRINGS 1
#define HAVE_DECL_BASENAME 1
#define HAVE_DECL_STPCPY 1
#define HAVE_SIGSETJMP 1

configure: exit 0
