This file contains any messages produced by compilers while
running configure, to aid debugging if configure makes a mistake.

It was created by configure, which was
generated by GNU Autoconf 2.64.  Invocation command line was

  $ /mnt/petrelfs/sunluoyi/autoacd/code/CLAP_distribute/src/laion_clap/evaluate/gdb-7.10.1/sim/configure --srcdir=.././sim --cache-file=./config.cache --prefix=/mnt/petrelfs/sunluoyi/gdb --program-transform-name=s,y,y, --disable-option-checking --build=x86_64-unknown-linux-gnu --host=x86_64-unknown-linux-gnu --target=x86_64-unknown-linux-gnu

## --------- ##
## Platform. ##
## --------- ##

hostname = SH-IDC1-10-140-0-31
uname -m = x86_64
uname -r = 3.10.0-957.el7.x86_64
uname -s = Linux
uname -v = #1 SMP Thu Nov 8 23:39:32 UTC 2018

/usr/bin/uname -p = x86_64
/bin/uname -X     = unknown

/bin/arch              = x86_64
/usr/bin/arch -k       = unknown
/usr/convex/getsysinfo = unknown
/usr/bin/hostinfo      = unknown
/bin/machine           = unknown
/usr/bin/oslevel       = unknown
/bin/universe          = unknown

PATH: /mnt/petrelfs/sunluoyi/anaconda3/envs/clap/bin
PATH: /mnt/petrelfs/sunluoyi/anaconda3/bin
PATH: /usr/local/sbin
PATH: /usr/local/bin
PATH: /usr/sbin
PATH: /usr/bin
PATH: /root/bin
PATH: /usr/local/fping/sbin
PATH: /usr/local/fping/sbin
PATH: /mnt/petrelfs/sunluoyi/.local/bin
PATH: /mnt/petrelfs/sunluoyi/bin


## ----------- ##
## Core tests. ##
## ----------- ##

configure:1682: loading cache ./config.cache
configure:1775: checking for x86_64-unknown-linux-gnu-gcc
configure:1802: result: gcc
configure:2071: checking for C compiler version
configure:2080: gcc --version >&5
gcc (GCC) 4.8.5 20150623 (Red Hat 4.8.5-44)
Copyright (C) 2015 Free Software Foundation, Inc.
This is free software; see the source for copying conditions.  There is NO
warranty; not even for MERCHANTABILITY or FITNESS FOR A PARTICULAR PURPOSE.

configure:2091: $? = 0
configure:2080: gcc -v >&5
Using built-in specs.
COLLECT_GCC=gcc
COLLECT_LTO_WRAPPER=/usr/libexec/gcc/x86_64-redhat-linux/4.8.5/lto-wrapper
Target: x86_64-redhat-linux
Configured with: ../configure --prefix=/usr --mandir=/usr/share/man --infodir=/usr/share/info --with-bugurl=http://bugzilla.redhat.com/bugzilla --enable-bootstrap --enable-shared --enable-threads=posix --enable-checking=release --with-system-zlib --enable-__cxa_atexit --disable-libunwind-exceptions --enable-gnu-unique-object --enable-linker-build-id --with-linker-hash-style=gnu --enable-languages=c,c++,objc,obj-c++,java,fortran,ada,go,lto --enable-plugin --enable-initfini-array --disable-libgcj --with-isl=/builddir/build/BUILD/gcc-4.8.5-20150702/obj-x86_64-redhat-linux/isl-install --with-cloog=/builddir/build/BUILD/gcc-4.8.5-20150702/obj-x86_64-redhat-linux/cloog-install --enable-gnu-indirect-function --with-tune=generic --with-arch_32=x86-64 --build=x86_64-redhat-linux
Thread model: posix
gcc version 4.8.5 20150623 (Red Hat 4.8.5-44) (GCC) 
configure:2091: $? = 0
configure:2080: gcc -V >&5
gcc: error: unrecognized command line option '-V'
gcc: fatal error: no input files
compilation terminated.
configure:2091: $? = 4
configure:2080: gcc -qversion >&5
gcc: error: unrecognized command line option '-qversion'
gcc: fatal error: no input files
compilation terminated.
configure:2091: $? = 4
configure:2111: checking for C compiler default output file name
configure:2133: gcc -g -O2    conftest.c  >&5
configure:2137: $? = 0
configure:2174: result: a.out
configure:2190: checking whether the C compiler works
configure:2199: ./a.out
configure:2203: $? = 0
configure:2218: result: yes
configure:2225: checking whether we are cross compiling
configure:2227: result: no
configure:2230: checking for suffix of executables
configure:2237: gcc -o conftest -g -O2    conftest.c  >&5
configure:2241: $? = 0
configure:2263: result: 
configure:2269: checking for suffix of object files
configure:2316: result: o
configure:2320: checking whether we are using the GNU C compiler
configure:2348: result: yes
configure:2357: checking whether gcc accepts -g
configure:2418: result: yes
configure:2435: checking for gcc option to accept ISO C89
configure:2512: result: none needed
configure:2569: checking for a BSD-compatible install
configure:2637: result: /usr/bin/install -c
configure:2651: checking for x86_64-unknown-linux-gnu-ar
configure:2678: result: ar
configure:2743: checking for x86_64-unknown-linux-gnu-ranlib
configure:2770: result: ranlib
configure:2837: checking build system type
configure:2851: result: x86_64-unknown-linux-gnu
configure:2871: checking host system type
configure:2884: result: x86_64-unknown-linux-gnu
configure:2904: checking target system type
configure:2917: result: x86_64-unknown-linux-gnu
configure:2962: checking for x86_64-unknown-linux-gnu-gcc
configure:2989: result: gcc
configure:3258: checking for C compiler version
configure:3267: gcc --version >&5
gcc (GCC) 4.8.5 20150623 (Red Hat 4.8.5-44)
Copyright (C) 2015 Free Software Foundation, Inc.
This is free software; see the source for copying conditions.  There is NO
warranty; not even for MERCHANTABILITY or FITNESS FOR A PARTICULAR PURPOSE.

configure:3278: $? = 0
configure:3267: gcc -v >&5
Using built-in specs.
COLLECT_GCC=gcc
COLLECT_LTO_WRAPPER=/usr/libexec/gcc/x86_64-redhat-linux/4.8.5/lto-wrapper
Target: x86_64-redhat-linux
Configured with: ../configure --prefix=/usr --mandir=/usr/share/man --infodir=/usr/share/info --with-bugurl=http://bugzilla.redhat.com/bugzilla --enable-bootstrap --enable-shared --enable-threads=posix --enable-checking=release --with-system-zlib --enable-__cxa_atexit --disable-libunwind-exceptions --enable-gnu-unique-object --enable-linker-build-id --with-linker-hash-style=gnu --enable-languages=c,c++,objc,obj-c++,java,fortran,ada,go,lto --enable-plugin --enable-initfini-array --disable-libgcj --with-isl=/builddir/build/BUILD/gcc-4.8.5-20150702/obj-x86_64-redhat-linux/isl-install --with-cloog=/builddir/build/BUILD/gcc-4.8.5-20150702/obj-x86_64-redhat-linux/cloog-install --enable-gnu-indirect-function --with-tune=generic --with-arch_32=x86-64 --build=x86_64-redhat-linux
Thread model: posix
gcc version 4.8.5 20150623 (Red Hat 4.8.5-44) (GCC) 
configure:3278: $? = 0
configure:3267: gcc -V >&5
gcc: error: unrecognized command line option '-V'
gcc: fatal error: no input files
compilation terminated.
configure:3278: $? = 4
configure:3267: gcc -qversion >&5
gcc: error: unrecognized command line option '-qversion'
gcc: fatal error: no input files
compilation terminated.
configure:3278: $? = 4
configure:3282: checking whether we are using the GNU C compiler
configure:3310: result: yes
configure:3319: checking whether gcc accepts -g
configure:3380: result: yes
configure:3397: checking for gcc option to accept ISO C89
configure:3474: result: none needed
configure:3501: checking for x86_64-unknown-linux-gnu-ranlib
configure:3528: result: ranlib
configure:3981: creating ./config.status

## ---------------------- ##
## Running config.status. ##
## ---------------------- ##

This file was extended by config.status, which was
generated by GNU Autoconf 2.64.  Invocation command line was

  CONFIG_FILES    = 
  CONFIG_HEADERS  = 
  CONFIG_LINKS    = 
  CONFIG_COMMANDS = 
  $ ./config.status 

on SH-IDC1-10-140-0-31

config.status:740: creating Makefile
configure:5048: === configuring in testsuite (/mnt/petrelfs/sunluoyi/autoacd/code/CLAP_distribute/src/laion_clap/evaluate/gdb-7.10.1/sim/testsuite)
configure:5111: running /bin/sh ./configure --disable-option-checking '--prefix=/mnt/petrelfs/sunluoyi/gdb'  '--program-transform-name=s,y,y,' '--build=x86_64-unknown-linux-gnu' '--host=x86_64-unknown-linux-gnu' '--target=x86_64-unknown-linux-gnu' 'build_alias=x86_64-unknown-linux-gnu' 'host_alias=x86_64-unknown-linux-gnu' 'target_alias=x86_64-unknown-linux-gnu' 'CC=gcc' 'CFLAGS=-g -O2' 'LDFLAGS= ' --cache-file=.././config.cache --srcdir=.

## ---------------- ##
## Cache variables. ##
## ---------------- ##

ac_cv_build=x86_64-unknown-linux-gnu
ac_cv_c_compiler_gnu=yes
ac_cv_env_CC_set=set
ac_cv_env_CC_value=gcc
ac_cv_env_CFLAGS_set=set
ac_cv_env_CFLAGS_value='-g -O2'
ac_cv_env_CPPFLAGS_set=
ac_cv_env_CPPFLAGS_value=
ac_cv_env_LDFLAGS_set=set
ac_cv_env_LDFLAGS_value=' '
ac_cv_env_LIBS_set=
ac_cv_env_LIBS_value=
ac_cv_env_build_alias_set=set
ac_cv_env_build_alias_value=x86_64-unknown-linux-gnu
ac_cv_env_host_alias_set=set
ac_cv_env_host_alias_value=x86_64-unknown-linux-gnu
ac_cv_env_target_alias_set=set
ac_cv_env_target_alias_value=x86_64-unknown-linux-gnu
ac_cv_host=x86_64-unknown-linux-gnu
ac_cv_objext=o
ac_cv_prog_AR=ar
ac_cv_prog_CC=gcc
ac_cv_prog_RANLIB=ranlib
ac_cv_prog_cc_c89=
ac_cv_prog_cc_g=yes
ac_cv_target=x86_64-unknown-linux-gnu

## ----------------- ##
## Output variables. ##
## ----------------- ##

AR='ar'
CC='gcc'
CC_FOR_BUILD='$(CC)'
CFLAGS='-g -O2'
CFLAGS_FOR_BUILD='-g -O2'
CPPFLAGS=''
DEFS='-DPACKAGE_NAME=\"\" -DPACKAGE_TARNAME=\"\" -DPACKAGE_VERSION=\"\" -DPACKAGE_STRING=\"\" -DPACKAGE_BUGREPORT=\"\" -DPACKAGE_URL=\"\"'
ECHO_C=''
ECHO_N='-n'
ECHO_T=''
EXEEXT=''
HDEFINES=''
INSTALL_DATA='/usr/bin/install -c -m 644'
INSTALL_PROGRAM='/usr/bin/install -c'
INSTALL_SCRIPT='/usr/bin/install -c'
LDFLAGS=' '
LIBOBJS=''
LIBS=''
LTLIBOBJS=''
OBJEXT='o'
PACKAGE_BUGREPORT=''
PACKAGE_NAME=''
PACKAGE_STRING=''
PACKAGE_TARNAME=''
PACKAGE_URL=''
PACKAGE_VERSION=''
PATH_SEPARATOR=':'
RANLIB='ranlib'
SHELL='/bin/sh'
ac_ct_CC=''
bindir='${exec_prefix}/bin'
build='x86_64-unknown-linux-gnu'
build_alias='x86_64-unknown-linux-gnu'
build_cpu='x86_64'
build_os='linux-gnu'
build_vendor='unknown'
datadir='${datarootdir}'
datarootdir='${prefix}/share'
docdir='${datarootdir}/doc/${PACKAGE}'
dvidir='${docdir}'
exec_prefix='${prefix}'
host='x86_64-unknown-linux-gnu'
host_alias='x86_64-unknown-linux-gnu'
host_cpu='x86_64'
host_os='linux-gnu'
host_vendor='unknown'
htmldir='${docdir}'
includedir='${prefix}/include'
infodir='${datarootdir}/info'
libdir='${exec_prefix}/lib'
libexecdir='${exec_prefix}/libexec'
localedir='${datarootdir}/locale'
localstatedir='${prefix}/var'
mandir='${datarootdir}/man'
oldincludedir='/usr/include'
pdfdir='${docdir}'
prefix='/mnt/petrelfs/sunluoyi/gdb'
program_transform_name='s,y,y,'
psdir='${docdir}'
sbindir='${exec_prefix}/sbin'
sharedstatedir='${prefix}/com'
sim_arch=''
subdirs=' testsuite'
sysconfdir='${prefix}/etc'
target='x86_64-unknown-linux-gnu'
target_alias='x86_64-unknown-linux-gnu'
target_cpu='x86_64'
target_os='linux-gnu'
target_vendor='unknown'

## ----------- ##
## confdefs.h. ##
## ----------- ##

/* confdefs.h */
#define PACKAGE_NAME ""
#define PACKAGE_TARNAME ""
#define PACKAGE_VERSION ""
#define PACKAGE_STRING ""
#define PACKAGE_BUGREPORT ""
#define PACKAGE_URL ""

configure: exit 0
