This file contains any messages produced by compilers while
running configure, to aid debugging if configure makes a mistake.

It was created by configure, which was
generated by GNU Autoconf 2.64.  Invocation command line was

  $ /mnt/petrelfs/sunluoyi/autoacd/code/CLAP_distribute/src/laion_clap/evaluate/gdb-7.10.1/gdb/configure --srcdir=.././gdb --cache-file=./config.cache --prefix=/mnt/petrelfs/sunluoyi/gdb --program-transform-name=s,y,y, --disable-option-checking --build=x86_64-unknown-linux-gnu --host=x86_64-unknown-linux-gnu --target=x86_64-unknown-linux-gnu

## --------- ##
## Platform. ##
## --------- ##

hostname = SH-IDC1-10-140-0-31
uname -m = x86_64
uname -r = 3.10.0-957.el7.x86_64
uname -s = Linux
uname -v = #1 SMP Thu Nov 8 23:39:32 UTC 2018

/usr/bin/uname -p = x86_64
/bin/uname -X     = unknown

/bin/arch              = x86_64
/usr/bin/arch -k       = unknown
/usr/convex/getsysinfo = unknown
/usr/bin/hostinfo      = unknown
/bin/machine           = unknown
/usr/bin/oslevel       = unknown
/bin/universe          = unknown

PATH: /mnt/petrelfs/sunluoyi/anaconda3/envs/clap/bin
PATH: /mnt/petrelfs/sunluoyi/anaconda3/bin
PATH: /usr/local/sbin
PATH: /usr/local/bin
PATH: /usr/sbin
PATH: /usr/bin
PATH: /root/bin
PATH: /usr/local/fping/sbin
PATH: /usr/local/fping/sbin
PATH: /mnt/petrelfs/sunluoyi/.local/bin
PATH: /mnt/petrelfs/sunluoyi/bin


## ----------- ##
## Core tests. ##
## ----------- ##

configure:2671: loading cache ./config.cache
configure:2758: checking whether to enable maintainer-specific portions of Makefiles
configure:2767: result: no
configure:2792: checking for x86_64-unknown-linux-gnu-gcc
configure:2819: result: gcc
configure:3088: checking for C compiler version
configure:3097: gcc --version >&5
gcc (GCC) 4.8.5 20150623 (Red Hat 4.8.5-44)
Copyright (C) 2015 Free Software Foundation, Inc.
This is free software; see the source for copying conditions.  There is NO
warranty; not even for MERCHANTABILITY or FITNESS FOR A PARTICULAR PURPOSE.

configure:3108: $? = 0
configure:3097: gcc -v >&5
Using built-in specs.
COLLECT_GCC=gcc
COLLECT_LTO_WRAPPER=/usr/libexec/gcc/x86_64-redhat-linux/4.8.5/lto-wrapper
Target: x86_64-redhat-linux
Configured with: ../configure --prefix=/usr --mandir=/usr/share/man --infodir=/usr/share/info --with-bugurl=http://bugzilla.redhat.com/bugzilla --enable-bootstrap --enable-shared --enable-threads=posix --enable-checking=release --with-system-zlib --enable-__cxa_atexit --disable-libunwind-exceptions --enable-gnu-unique-object --enable-linker-build-id --with-linker-hash-style=gnu --enable-languages=c,c++,objc,obj-c++,java,fortran,ada,go,lto --enable-plugin --enable-initfini-array --disable-libgcj --with-isl=/builddir/build/BUILD/gcc-4.8.5-20150702/obj-x86_64-redhat-linux/isl-install --with-cloog=/builddir/build/BUILD/gcc-4.8.5-20150702/obj-x86_64-redhat-linux/cloog-install --enable-gnu-indirect-function --with-tune=generic --with-arch_32=x86-64 --build=x86_64-redhat-linux
Thread model: posix
gcc version 4.8.5 20150623 (Red Hat 4.8.5-44) (GCC) 
configure:3108: $? = 0
configure:3097: gcc -V >&5
gcc: error: unrecognized command line option '-V'
gcc: fatal error: no input files
compilation terminated.
configure:3108: $? = 4
configure:3097: gcc -qversion >&5
gcc: error: unrecognized command line option '-qversion'
gcc: fatal error: no input files
compilation terminated.
configure:3108: $? = 4
configure:3128: checking for C compiler default output file name
configure:3150: gcc -g -O2    conftest.c  >&5
configure:3154: $? = 0
configure:3191: result: a.out
configure:3207: checking whether the C compiler works
configure:3216: ./a.out
configure:3220: $? = 0
configure:3235: result: yes
configure:3242: checking whether we are cross compiling
configure:3244: result: no
configure:3247: checking for suffix of executables
configure:3254: gcc -o conftest -g -O2    conftest.c  >&5
configure:3258: $? = 0
configure:3280: result: 
configure:3286: checking for suffix of object files
configure:3333: result: o
configure:3337: checking whether we are using the GNU C compiler
configure:3365: result: yes
configure:3374: checking whether gcc accepts -g
configure:3435: result: yes
configure:3452: checking for gcc option to accept ISO C89
configure:3529: result: none needed
configure:3661: checking for C++ compiler version
configure:3670: g++ --version >&5
g++ (GCC) 4.8.5 20150623 (Red Hat 4.8.5-44)
Copyright (C) 2015 Free Software Foundation, Inc.
This is free software; see the source for copying conditions.  There is NO
warranty; not even for MERCHANTABILITY or FITNESS FOR A PARTICULAR PURPOSE.

configure:3681: $? = 0
configure:3670: g++ -v >&5
Using built-in specs.
COLLECT_GCC=g++
COLLECT_LTO_WRAPPER=/usr/libexec/gcc/x86_64-redhat-linux/4.8.5/lto-wrapper
Target: x86_64-redhat-linux
Configured with: ../configure --prefix=/usr --mandir=/usr/share/man --infodir=/usr/share/info --with-bugurl=http://bugzilla.redhat.com/bugzilla --enable-bootstrap --enable-shared --enable-threads=posix --enable-checking=release --with-system-zlib --enable-__cxa_atexit --disable-libunwind-exceptions --enable-gnu-unique-object --enable-linker-build-id --with-linker-hash-style=gnu --enable-languages=c,c++,objc,obj-c++,java,fortran,ada,go,lto --enable-plugin --enable-initfini-array --disable-libgcj --with-isl=/builddir/build/BUILD/gcc-4.8.5-20150702/obj-x86_64-redhat-linux/isl-install --with-cloog=/builddir/build/BUILD/gcc-4.8.5-20150702/obj-x86_64-redhat-linux/cloog-install --enable-gnu-indirect-function --with-tune=generic --with-arch_32=x86-64 --build=x86_64-redhat-linux
Thread model: posix
gcc version 4.8.5 20150623 (Red Hat 4.8.5-44) (GCC) 
configure:3681: $? = 0
configure:3670: g++ -V >&5
g++: error: unrecognized command line option '-V'
g++: fatal error: no input files
compilation terminated.
configure:3681: $? = 4
configure:3670: g++ -qversion >&5
g++: error: unrecognized command line option '-qversion'
g++: fatal error: no input files
compilation terminated.
configure:3681: $? = 4
configure:3685: checking whether we are using the GNU C++ compiler
configure:3713: result: yes
configure:3722: checking whether g++ accepts -g
configure:3783: result: yes
configure:3813: checking how to run the C preprocessor
configure:3883: result: gcc -E
configure:3903: gcc -E  conftest.c
configure:3903: $? = 0
configure:3917: gcc -E  conftest.c
conftest.c:9:28: fatal error: ac_nonexistent.h: No such file or directory
 #include <ac_nonexistent.h>
                            ^
compilation terminated.
configure:3917: $? = 1
configure: failed program was:
| /* confdefs.h */
| #define PACKAGE_NAME ""
| #define PACKAGE_TARNAME ""
| #define PACKAGE_VERSION ""
| #define PACKAGE_STRING ""
| #define PACKAGE_BUGREPORT ""
| #define PACKAGE_URL ""
| /* end confdefs.h.  */
| #include <ac_nonexistent.h>
configure:3946: checking for grep that handles long lines and -e
configure:4004: result: /usr/bin/grep
configure:4009: checking for egrep
configure:4071: result: /usr/bin/grep -E
configure:4076: checking for ANSI C header files
configure:4180: result: yes
configure:4193: checking for sys/types.h
configure:4193: result: yes
configure:4193: checking for sys/stat.h
configure:4193: result: yes
configure:4193: checking for stdlib.h
configure:4193: result: yes
configure:4193: checking for string.h
configure:4193: result: yes
configure:4193: checking for memory.h
configure:4193: result: yes
configure:4193: checking for strings.h
configure:4193: result: yes
configure:4193: checking for inttypes.h
configure:4193: result: yes
configure:4193: checking for stdint.h
configure:4193: result: yes
configure:4193: checking for unistd.h
configure:4193: result: yes
configure:4207: checking for minix/config.h
configure:4207: result: no
configure:4228: checking whether it is safe to define __EXTENSIONS__
configure:4253: result: yes
configure:4294: checking build system type
configure:4308: result: x86_64-unknown-linux-gnu
configure:4328: checking host system type
configure:4341: result: x86_64-unknown-linux-gnu
configure:4361: checking target system type
configure:4374: result: x86_64-unknown-linux-gnu
configure:4413: checking for dlfcn.h
configure:4413: result: yes
configure:4426: checking for windows.h
configure:4426: result: no
configure:4453: checking for library containing dlopen
configure:4501: result: -ldl
configure:4532: checking for special C compiler options needed for large files
configure:4577: result: no
configure:4583: checking for _FILE_OFFSET_BITS value needed for large files
configure:4640: result: no
configure:4727: checking for gcc option to accept ANSI C
configure:4795: result: none needed
configure:4996: checking dependency style of gcc
configure:5081: result: gcc3
configure:5095: checking for make
configure:5122: result: make
configure:5147: checking whether make sets $(MAKE)
configure:5169: result: yes
configure:5255: === configuring in build-gnulib (/mnt/petrelfs/sunluoyi/autoacd/code/CLAP_distribute/src/laion_clap/evaluate/gdb-7.10.1/gdb/build-gnulib)
configure:5282: running /bin/sh .././gnulib/configure --disable-option-checking '--prefix=/mnt/petrelfs/sunluoyi/gdb'  '--program-transform-name=s,y,y,' '--build=x86_64-unknown-linux-gnu' '--host=x86_64-unknown-linux-gnu' '--target=x86_64-unknown-linux-gnu' 'build_alias=x86_64-unknown-linux-gnu' 'host_alias=x86_64-unknown-linux-gnu' 'target_alias=x86_64-unknown-linux-gnu' 'CC=gcc' 'CFLAGS=-g -O2' 'LDFLAGS= ' 'CXX=g++' 'CXXFLAGS=-g -O2' 'MAKEINFO=makeinfo --split-size=5000000' 'YACC=bison -y' --cache-file=./config.cache --srcdir=.././gnulib
configure:5316: checking whether NLS is requested
configure:5322: result: yes
configure:5328: checking for catalogs to be installed
configure:5360: result: 
configure:5407: checking whether makeinfo --split-size=5000000 supports @click
configure:5419: result: yes
configure:5559: checking for default auto-load directory
configure:5581: result: $debugdir:$datadir/auto-load
configure:5584: checking for default auto-load safe-path
configure:5608: result: $debugdir:$datadir/auto-load
configure:5906: checking for libunwind-ia64.h
configure:5906: result: no
configure:5974: checking for monstartup
configure:5974: result: yes
configure:5974: checking for _mcleanup
configure:5974: result: yes
configure:5984: checking for _etext
configure:6010: result: yes
configure:6017: checking for etext
configure:6043: result: yes
configure:6155: checking for gawk
configure:6182: result: gawk
configure:6207: checking for a BSD-compatible install
configure:6275: result: /usr/bin/install -c
configure:6286: checking whether ln -s works
configure:6290: result: yes
configure:6300: checking for x86_64-unknown-linux-gnu-ranlib
configure:6327: result: ranlib
configure:6393: checking for bison
configure:6420: result: bison -y
configure:6436: checking for x86_64-unknown-linux-gnu-ar
configure:6463: result: ar
configure:6528: checking for x86_64-unknown-linux-gnu-dlltool
configure:6555: result: dlltool
configure:6620: checking for x86_64-unknown-linux-gnu-windres
configure:6647: result: windres
configure:6816: checking for main in -lm
configure:6844: result: yes
configure:6860: checking for wctype
configure:6860: result: yes
configure:6913: checking for library containing gethostbyname
configure:6961: result: none required
configure:6971: checking for library containing socketpair
configure:7019: result: none required
configure:7048: checking for library containing kinfo_getvmmap
configure:7096: result: no
configure:7124: checking for iconv
configure:7231: result: yes
configure:7255: checking for iconv declaration
configure:7295: result: install-shextern size_t iconv (iconv_t cd, char * *inbuf, size_t *inbytesleft, char * *outbuf, size_t *outbytesleft);
configure:7371: checking for library containing waddstr
configure:7419: result: no
configure:7446: WARNING: no enhanced curses library found; disabling TUI
configure:7469: checking for library containing tgetent
configure:7517: result: no
configure:7562: checking size of unsigned long long
configure:7582: result: 8
configure:7596: checking size of unsigned long
configure:7616: result: 8
configure:7630: checking size of unsigned __int128
configure:7650: result: 16
configure:7675: checking for library containing dlopen
configure:7723: result: -ldl
configure:7787: checking whether to use expat
configure:7789: result: auto
configure:7837: checking for ld used by GCC
configure:7900: result: ld
configure:7907: checking if the linker (ld) is GNU ld
configure:7919: result: yes
configure:7925: checking for shared library run path origin
configure:7938: result: done
configure:8365: checking for libexpat
configure:8394: result: yes
configure:8401: checking how to link with libexpat
configure:8403: result: -lexpat
configure:8429: checking for XML_StopParser
configure:8429: result: yes
configure:8458: checking whether to use python
configure:8460: result: auto
configure:8509: checking for python
configure:8540: result: /mnt/petrelfs/sunluoyi/anaconda3/envs/clap/bin/python
configure:8678: checking for python3.10
configure:8696: gcc -o conftest -g -O2   -I/mnt/petrelfs/sunluoyi/anaconda3/envs/clap/include/python3.10 -I/mnt/petrelfs/sunluoyi/anaconda3/envs/clap/include/python3.10   conftest.c -ldl -lm -ldl    -L/mnt/petrelfs/sunluoyi/anaconda3/envs/clap/lib/python3.10/config-3.10-x86_64-linux-gnu -lcrypt -lpthread -ldl -lutil -lm -lm -lpython3.10 -Xlinker -export-dynamic >&5
/usr/bin/ld: cannot find -lpython3.10
collect2: error: ld returned 1 exit status
configure:8696: $? = 1
configure: failed program was:
| /* confdefs.h */
| #define PACKAGE_NAME ""
| #define PACKAGE_TARNAME ""
| #define PACKAGE_VERSION ""
| #define PACKAGE_STRING ""
| #define PACKAGE_BUGREPORT ""
| #define PACKAGE_URL ""
| #define STDC_HEADERS 1
| #define HAVE_SYS_TYPES_H 1
| #define HAVE_SYS_STAT_H 1
| #define HAVE_STDLIB_H 1
| #define HAVE_STRING_H 1
| #define HAVE_MEMORY_H 1
| #define HAVE_STRINGS_H 1
| #define HAVE_INTTYPES_H 1
| #define HAVE_STDINT_H 1
| #define HAVE_UNISTD_H 1
| #define __EXTENSIONS__ 1
| #define _ALL_SOURCE 1
| #define _GNU_SOURCE 1
| #define _POSIX_PTHREAD_SEMANTICS 1
| #define _TANDEM_SOURCE 1
| #define HAVE_DLFCN_H 1
| #define ENABLE_NLS 1
| #define PACKAGE "gdb"
| #define DEBUGDIR "/mnt/petrelfs/sunluoyi/gdb/lib/debug"
| #define DEBUGDIR_RELOCATABLE 1
| #define BINDIR "/mnt/petrelfs/sunluoyi/gdb/bin"
| #define GDB_DATADIR "/mnt/petrelfs/sunluoyi/gdb/share/gdb"
| #define GDB_DATADIR_RELOCATABLE 1
| #define AUTO_LOAD_DIR "$debugdir:$datadir/auto-load"
| #define AUTO_LOAD_SAFE_PATH "$debugdir:$datadir/auto-load"
| #define DEFAULT_BFD_ARCH bfd_i386_arch
| #define DEFAULT_BFD_VEC x86_64_elf64_vec
| #define HAVE_MONSTARTUP 1
| #define HAVE__MCLEANUP 1
| #define HAVE__ETEXT 1
| #define HAVE_ETEXT 1
| #define PKGVERSION "(GDB) "
| #define REPORT_BUGS_TO "<http://www.gnu.org/software/gdb/bugs/>"
| #define HAVE_LIBM 1
| #define HAVE_ICONV 1
| #define ICONV_CONST 
| #define SIZEOF_UNSIGNED_LONG_LONG 8
| #define SIZEOF_UNSIGNED_LONG 8
| #define SIZEOF_UNSIGNED___INT128 16
| #define JIT_READER_DIR "/mnt/petrelfs/sunluoyi/gdb/lib/gdb"
| #define JIT_READER_DIR_RELOCATABLE 1
| #define HAVE_LIBEXPAT 1
| #define HAVE_XML_STOPPARSER 1
| /* end confdefs.h.  */
| #include "Python.h"
| int
| main ()
| {
| Py_Initialize ();
|   ;
|   return 0;
| }
configure:8706: result: no
configure:8892: WARNING: python is missing or unusable; some features may be unavailable.
configure:9057: checking whether to use guile
configure:9059: result: auto
configure:9064: checking for pkg-config
configure:9095: result: /usr/bin/pkg-config
configure:9122: checking for usable guile from /usr/bin/pkg-config
configure:9191: result: no
configure:9680: checking whether to use intel pt
configure:9682: result: auto
configure:10100: checking for libipt
configure:10129: result: no
configure:10156: WARNING: libipt is missing or unusable; some features may be unavailable.
configure:10166: checking for ANSI C header files
configure:10270: result: yes
configure:10290: checking for nlist.h
configure:10290: result: no
configure:10290: checking for machine/reg.h
configure:10290: result: no
configure:10290: checking for poll.h
configure:10290: result: yes
configure:10290: checking for sys/poll.h
configure:10290: result: yes
configure:10290: checking for proc_service.h
configure:10290: result: no
configure:10290: checking for thread_db.h
configure:10290: result: yes
configure:10290: checking for sys/fault.h
configure:10290: result: no
configure:10290: checking for sys/file.h
configure:10290: result: yes
configure:10290: checking for sys/filio.h
configure:10290: result: no
configure:10290: checking for sys/ioctl.h
configure:10290: result: yes
configure:10290: checking for sys/param.h
configure:10290: result: yes
configure:10290: checking for sys/resource.h
configure:10290: result: yes
configure:10290: checking for sys/procfs.h
configure:10290: result: yes
configure:10290: checking for sys/ptrace.h
configure:10290: result: yes
configure:10290: checking for ptrace.h
configure:10290: result: no
configure:10290: checking for sys/reg.h
configure:10290: result: yes
configure:10290: checking for sys/debugreg.h
configure:10290: result: yes
configure:10290: checking for sys/select.h
configure:10290: result: yes
configure:10290: checking for sys/syscall.h
configure:10290: result: yes
configure:10290: checking for termios.h
configure:10290: result: yes
configure:10290: checking for termio.h
configure:10290: result: yes
configure:10290: checking for sgtty.h
configure:10290: result: yes
configure:10290: checking for elf_hp.h
configure:10290: result: no
configure:10290: checking for dlfcn.h
configure:10290: result: yes
configure:10303: checking for sys/proc.h
configure:10303: result: no
configure:10319: checking for sys/user.h
configure:10319: result: yes
configure:10348: checking for curses.h
configure:10348: result: no
configure:10348: checking for cursesX.h
configure:10348: result: no
configure:10348: checking for ncurses.h
configure:10348: result: no
configure:10348: checking for ncurses/ncurses.h
configure:10348: result: no
configure:10348: checking for ncurses/term.h
configure:10348: result: no
configure:10361: checking for term.h
configure:10361: result: no
configure:10382: checking for long long
configure:10382: result: yes
configure:10393: checking size of long long
configure:10413: result: 8
configure:10426: checking whether basename is declared
configure:10426: result: yes
configure:10436: checking whether ffs is declared
configure:10436: result: yes
configure:10446: checking whether asprintf is declared
configure:10446: result: yes
configure:10456: checking whether vasprintf is declared
configure:10456: result: yes
configure:10466: checking whether snprintf is declared
configure:10466: result: yes
configure:10476: checking whether vsnprintf is declared
configure:10476: result: yes
configure:10487: checking whether strtol is declared
configure:10487: result: yes
configure:10497: checking whether strtoul is declared
configure:10497: result: yes
configure:10507: checking whether strtoll is declared
configure:10507: result: yes
configure:10517: checking whether strtoull is declared
configure:10517: result: yes
configure:10528: checking whether strverscmp is declared
configure:10528: result: yes
configure:10541: checking whether free is declared
configure:10541: result: yes
configure:10551: checking whether malloc is declared
configure:10551: result: yes
configure:10561: checking whether realloc is declared
configure:10561: result: yes
configure:10571: checking whether snprintf is declared
configure:10571: result: yes
configure:10583: checking for LC_MESSAGES
configure:10607: result: yes
configure:10620: checking for struct stat.st_blocks
configure:10620: result: yes
configure:10629: checking for struct stat.st_blksize
configure:10629: result: yes
configure:10644: checking return type of signal handlers
configure:10669: result: void
configure:10677: checking for socklen_t
configure:10677: result: yes
configure:10695: checking for an ANSI C-conforming const
configure:10767: result: yes
configure:10775: checking for inline
configure:10799: result: inline
configure:10817: checking whether byte ordering is bigendian
configure:11023: result: no
configure:11049: checking for stdlib.h
configure:11049: result: yes
configure:11049: checking for unistd.h
configure:11049: result: yes
configure:11062: checking for getpagesize
configure:11062: result: yes
configure:11071: checking for working mmap
configure:11218: result: yes
configure:11227: checking for pid_t
configure:11227: result: yes
configure:11240: checking for vfork.h
configure:11240: result: no
configure:11253: checking for fork
configure:11253: result: yes
configure:11253: checking for vfork
configure:11253: result: yes
configure:11264: checking for working fork
configure:11296: result: yes
configure:11317: checking for working vfork
configure:11427: result: yes
configure:11461: checking for getauxval
configure:11461: result: yes
configure:11461: checking for getrusage
configure:11461: result: yes
configure:11461: checking for getuid
configure:11461: result: yes
configure:11461: checking for getgid
configure:11461: result: yes
configure:11461: checking for pipe
configure:11461: result: yes
configure:11461: checking for poll
configure:11461: result: yes
configure:11461: checking for pread
configure:11461: result: yes
configure:11461: checking for pread64
configure:11461: result: yes
configure:11461: checking for pwrite
configure:11461: result: yes
configure:11461: checking for resize_term
configure:11461: result: no
configure:11461: checking for sbrk
configure:11461: result: yes
configure:11461: checking for setpgid
configure:11461: result: yes
configure:11461: checking for setpgrp
configure:11461: result: yes
configure:11461: checking for setsid
configure:11461: result: yes
configure:11461: checking for sigaction
configure:11461: result: yes
configure:11461: checking for sigprocmask
configure:11461: result: yes
configure:11461: checking for sigsetmask
configure:11461: result: yes
configure:11461: checking for socketpair
configure:11461: result: yes
configure:11461: checking for ttrace
configure:11461: result: no
configure:11461: checking for wborder
configure:11461: result: no
configure:11461: checking for wresize
configure:11461: result: no
configure:11461: checking for setlocale
configure:11461: result: yes
configure:11461: checking for iconvlist
configure:11461: result: no
configure:11461: checking for libiconvlist
configure:11461: result: no
configure:11461: checking for btowc
configure:11461: result: yes
configure:11461: checking for setrlimit
configure:11461: result: yes
configure:11461: checking for getrlimit
configure:11461: result: yes
configure:11461: checking for posix_madvise
configure:11461: result: yes
configure:11461: checking for waitpid
configure:11461: result: yes
configure:11461: checking for ptrace64
configure:11461: result: no
configure:11461: checking for sigaltstack
configure:11461: result: yes
configure:11461: checking for mkdtemp
configure:11461: result: yes
configure:11461: checking for setns
configure:11461: result: yes
configure:11472: checking for nl_langinfo and CODESET
configure:11497: result: yes
configure:11506: checking for ANSI C header files
configure:11610: result: yes
configure:11620: checking for working alloca.h
configure:11645: result: yes
configure:11653: checking for alloca
configure:11698: result: yes
configure:11810: checking for nl_langinfo and CODESET
configure:11835: result: yes
configure:11847: checking for linux/perf_event.h
configure:11847: result: yes
configure:11847: checking for locale.h
configure:11847: result: yes
configure:11847: checking for memory.h
configure:11847: result: yes
configure:11847: checking for signal.h
configure:11847: result: yes
configure:11847: checking for sys/resource.h
configure:11847: result: yes
configure:11847: checking for sys/socket.h
configure:11847: result: yes
configure:11847: checking for sys/syscall.h
configure:11847: result: yes
configure:11847: checking for sys/un.h
configure:11847: result: yes
configure:11847: checking for sys/wait.h
configure:11847: result: yes
configure:11847: checking for thread_db.h
configure:11847: result: yes
configure:11847: checking for wait.h
configure:11847: result: yes
configure:11862: checking for fdwalk
configure:11862: result: no
configure:11862: checking for getrlimit
configure:11862: result: yes
configure:11862: checking for pipe
configure:11862: result: yes
configure:11862: checking for pipe2
configure:11862: result: yes
configure:11862: checking for socketpair
configure:11862: result: yes
configure:11873: checking whether strerror is declared
configure:11873: result: yes
configure:11883: checking whether strstr is declared
configure:11883: result: yes
configure:11895: checking for sigsetjmp
configure:11920: result: yes
configure:11941: checking whether ptrace is declared
configure:11941: result: yes
configure:11963: checking return type of ptrace
configure:12002: result: long
configure:12010: checking types of arguments for ptrace
configure:12086: result: int,int,long,long
configure:12111: checking whether setpgrp takes no argument
configure:12143: result: yes
configure:12195: checking for GNU regex
configure:12221: result: yes
configure:12242: checking for struct thread.td_pcb
configure:12242: result: no
configure:12257: checking for struct lwp
configure:12281: result: no
configure:12290: checking for struct reg in machine/reg.h
configure:12314: result: no
configure:12324: checking for struct reg.r_fs
configure:12324: result: no
configure:12334: checking for struct reg.r_gs
configure:12334: result: no
configure:12349: checking for struct user_regs_struct.fs_base
configure:12349: result: yes
configure:12359: checking for struct user_regs_struct.gs_base
configure:12359: result: yes
configure:12372: checking for PTRACE_GETREGS
configure:12396: result: yes
configure:12405: checking for PTRACE_GETFPXREGS
configure:12429: result: yes
configure:12438: checking for PT_GETDBREGS
configure:12463: result: no
configure:12472: checking for PT_GETXMMREGS
configure:12497: result: no
configure:12529: checking for gregset_t in sys/procfs.h
configure:12563: result: no
configure:12566: checking for fpregset_t in sys/procfs.h
configure:12600: result: no
configure:12603: checking for prgregset_t in sys/procfs.h
configure:12637: result: yes
configure:12640: checking for prfpregset_t in sys/procfs.h
configure:12674: result: yes
configure:12677: checking for prgregset32_t in sys/procfs.h
configure:12711: result: no
configure:12714: checking for lwpid_t in sys/procfs.h
configure:12748: result: yes
configure:12751: checking for psaddr_t in sys/procfs.h
configure:12785: result: yes
configure:12788: checking for prsysent_t in sys/procfs.h
configure:12822: result: no
configure:12825: checking for pr_sigset_t in sys/procfs.h
configure:12859: result: no
configure:12862: checking for pr_sigaction64_t in sys/procfs.h
configure:12896: result: no
configure:12899: checking for pr_siginfo64_t in sys/procfs.h
configure:12933: result: no
configure:12941: checking whether prfpregset_t type is broken
configure:12970: result: no
configure:12982: checking for long long support in compiler
configure:13005: result: yes
configure:13014: checking for long long support in printf
configure:13050: result: yes
configure:13060: checking for decfloat support in printf
configure:13094: result: no
configure:13107: checking for long double support in compiler
configure:13123: result: yes
configure:13133: checking for long double support in printf
configure:13165: result: yes
configure:13175: checking for long double support in scanf
configure:13207: result: yes
configure:13258: checking for the dynamic export flag
configure:13281: gcc -o conftest -g -O2     -Wl,--dynamic-list=./proc-service.list conftest.c -ldl -lm -ldl    >&5
configure:13281: $? = 0
configure:13333: result: -Wl,--dynamic-list
configure:13500: checking whether <thread_db.h> has TD_NOTALLOC
configure:13525: result: yes
configure:13527: checking whether <thread_db.h> has TD_VERSION
configure:13552: result: yes
configure:13554: checking whether <thread_db.h> has TD_NOTLS
configure:13579: result: yes
configure:13599: checking whether <sys/syscall.h> has __NR_tkill
configure:13624: result: yes
configure:13628: checking for syscall
configure:13628: result: yes
configure:13638: checking whether ADDR_NO_RANDOMIZE is declared
configure:13638: result: yes
configure:13696: gcc -o conftest -g -O2     conftest.c -ldl -lm -ldl    >&5
configure:13696: $? = 0
configure:13696: ./conftest
configure:13696: $? = 0
configure:13915: checking compiler warning flags
configure:13940: gcc -c -g -O2 -Wall   conftest.c >&5
configure:13940: $? = 0
configure:13940: gcc -c -g -O2 -Wpointer-arith   conftest.c >&5
configure:13940: $? = 0
configure:13940: gcc -c -g -O2 -Wno-unused   conftest.c >&5
configure:13940: $? = 0
configure:13940: gcc -c -g -O2 -Wunused-value   conftest.c >&5
configure:13940: $? = 0
configure:13940: gcc -c -g -O2 -Wunused-function   conftest.c >&5
configure:13940: $? = 0
configure:13940: gcc -c -g -O2 -Wno-switch   conftest.c >&5
configure:13940: $? = 0
configure:13940: gcc -c -g -O2 -Wno-char-subscripts   conftest.c >&5
configure:13940: $? = 0
configure:13940: gcc -c -g -O2 -Wempty-body   conftest.c >&5
configure:13940: $? = 0
configure:13940: gcc -c -g -O2 -Wpointer-sign   conftest.c >&5
configure:13940: $? = 0
configure:13940: gcc -c -g -O2 -Wmissing-prototypes   conftest.c >&5
configure:13940: $? = 0
configure:13940: gcc -c -g -O2 -Wdeclaration-after-statement   conftest.c >&5
configure:13940: $? = 0
configure:13940: gcc -c -g -O2 -Wmissing-parameter-type   conftest.c >&5
configure:13940: $? = 0
configure:13940: gcc -c -g -O2 -Wold-style-declaration   conftest.c >&5
configure:13940: $? = 0
configure:13940: gcc -c -g -O2 -Wold-style-definition   conftest.c >&5
conftest.c: In function 'main':
conftest.c:180:1: warning: old-style function definition [-Wold-style-definition]
 main ()
 ^
configure:13940: $? = 0
configure:13940: gcc -c -g -O2 -Wformat-nonliteral   conftest.c >&5
cc1: warning: -Wformat-nonliteral ignored without -Wformat [-Wformat-nonliteral]
configure:13940: $? = 0
configure:13948: result:  -Wall -Wpointer-arith -Wno-unused -Wunused-value -Wunused-function -Wno-switch -Wno-char-subscripts -Wempty-body -Wpointer-sign -Wmissing-prototypes -Wdeclaration-after-statement -Wmissing-parameter-type -Wold-style-declaration -Wold-style-definition -Wformat-nonliteral 
configure:13964: checking for cygwin
configure:13985: result: no
configure:14031: checking for ELF support in BFD
configure:14058: result: yes
configure:14070: checking for library containing dlopen
configure:14118: result: -ldl
configure:14142: checking for Mach-O support in BFD
configure:14169: result: no
configure:14191: checking whether to use lzma
configure:14193: result: auto
configure:14607: checking for liblzma
configure:14638: result: yes
configure:14645: checking how to link with liblzma
configure:14647: result: -llzma
configure:15194: checking for X
configure:15383: result: libraries , headers 
configure:15522: checking whether gdbserver is supported on this host
configure:15525: result: yes
configure:15551: checking whether to use babeltrace
configure:15553: result: auto
configure:15978: checking for libbabeltrace
configure:16017: result: no
configure:16046: WARNING: babeltrace is missing or unusable; GDB is unable to read CTF data.
configure:16232: creating ./config.status

## ---------------------- ##
## Running config.status. ##
## ---------------------- ##

This file was extended by config.status, which was
generated by GNU Autoconf 2.64.  Invocation command line was

  CONFIG_FILES    = 
  CONFIG_HEADERS  = 
  CONFIG_LINKS    = 
  CONFIG_COMMANDS = 
  $ ./config.status 

on SH-IDC1-10-140-0-31

config.status:1175: creating jit-reader.h
config.status:1175: creating gcore
config.status:1175: creating Makefile
config.status:1175: creating gdb-gdb.gdb
config.status:1175: creating doc/Makefile
config.status:1175: creating data-directory/Makefile
config.status:1175: creating config.h
config.status:1372: linking config/nm-linux.h to nm.h
config.status:1391: executing depdir commands
config.status:1391: executing default commands
configure:17560: === configuring in testsuite (/mnt/petrelfs/sunluoyi/autoacd/code/CLAP_distribute/src/laion_clap/evaluate/gdb-7.10.1/gdb/testsuite)
configure:17623: running /bin/sh ./configure --disable-option-checking '--prefix=/mnt/petrelfs/sunluoyi/gdb'  '--program-transform-name=s,y,y,' '--build=x86_64-unknown-linux-gnu' '--host=x86_64-unknown-linux-gnu' '--target=x86_64-unknown-linux-gnu' 'build_alias=x86_64-unknown-linux-gnu' 'host_alias=x86_64-unknown-linux-gnu' 'target_alias=x86_64-unknown-linux-gnu' 'CC=gcc' 'CFLAGS=-g -O2' 'LDFLAGS= ' 'CXX=g++' 'CXXFLAGS=-g -O2' 'MAKEINFO=makeinfo --split-size=5000000' 'YACC=bison -y' --cache-file=.././config.cache --srcdir=.
configure:17560: === configuring in gdbserver (/mnt/petrelfs/sunluoyi/autoacd/code/CLAP_distribute/src/laion_clap/evaluate/gdb-7.10.1/gdb/gdbserver)
configure:17623: running /bin/sh ./configure --disable-option-checking '--prefix=/mnt/petrelfs/sunluoyi/gdb'  '--program-transform-name=s,y,y,' '--build=x86_64-unknown-linux-gnu' '--host=x86_64-unknown-linux-gnu' '--target=x86_64-unknown-linux-gnu' 'build_alias=x86_64-unknown-linux-gnu' 'host_alias=x86_64-unknown-linux-gnu' 'target_alias=x86_64-unknown-linux-gnu' 'CC=gcc' 'CFLAGS=-g -O2' 'LDFLAGS= ' 'CXX=g++' 'CXXFLAGS=-g -O2' 'MAKEINFO=makeinfo --split-size=5000000' 'YACC=bison -y' --cache-file=.././config.cache --srcdir=.

## ---------------- ##
## Cache variables. ##
## ---------------- ##

ac_cv_build=x86_64-unknown-linux-gnu
ac_cv_c_bigendian=no
ac_cv_c_compiler_gnu=yes
ac_cv_c_const=yes
ac_cv_c_inline=inline
ac_cv_cxx_compiler_gnu=yes
ac_cv_env_CCC_set=
ac_cv_env_CCC_value=
ac_cv_env_CC_set=set
ac_cv_env_CC_value=gcc
ac_cv_env_CFLAGS_set=set
ac_cv_env_CFLAGS_value='-g -O2'
ac_cv_env_CPPFLAGS_set=
ac_cv_env_CPPFLAGS_value=
ac_cv_env_CPP_set=
ac_cv_env_CPP_value=
ac_cv_env_CXXFLAGS_set=set
ac_cv_env_CXXFLAGS_value='-g -O2'
ac_cv_env_CXX_set=set
ac_cv_env_CXX_value=g++
ac_cv_env_LDFLAGS_set=set
ac_cv_env_LDFLAGS_value=' '
ac_cv_env_LIBS_set=
ac_cv_env_LIBS_value=
ac_cv_env_MAKEINFOFLAGS_set=
ac_cv_env_MAKEINFOFLAGS_value=
ac_cv_env_MAKEINFO_set=set
ac_cv_env_MAKEINFO_value='makeinfo --split-size=5000000'
ac_cv_env_XMKMF_set=
ac_cv_env_XMKMF_value=
ac_cv_env_YACC_set=set
ac_cv_env_YACC_value='bison -y'
ac_cv_env_YFLAGS_set=
ac_cv_env_YFLAGS_value=
ac_cv_env_build_alias_set=set
ac_cv_env_build_alias_value=x86_64-unknown-linux-gnu
ac_cv_env_host_alias_set=set
ac_cv_env_host_alias_value=x86_64-unknown-linux-gnu
ac_cv_env_target_alias_set=set
ac_cv_env_target_alias_value=x86_64-unknown-linux-gnu
ac_cv_func_XML_StopParser=yes
ac_cv_func__mcleanup=yes
ac_cv_func_alloca_works=yes
ac_cv_func_btowc=yes
ac_cv_func_dladdr=yes
ac_cv_func_fdwalk=no
ac_cv_func_fork=yes
ac_cv_func_fork_works=yes
ac_cv_func_getauxval=yes
ac_cv_func_getgid=yes
ac_cv_func_getpagesize=yes
ac_cv_func_getrlimit=yes
ac_cv_func_getrusage=yes
ac_cv_func_getuid=yes
ac_cv_func_iconvlist=no
ac_cv_func_libiconvlist=no
ac_cv_func_mkdtemp=yes
ac_cv_func_mmap_fixed_mapped=yes
ac_cv_func_monstartup=yes
ac_cv_func_pipe2=yes
ac_cv_func_pipe=yes
ac_cv_func_poll=yes
ac_cv_func_posix_madvise=yes
ac_cv_func_pread64=yes
ac_cv_func_pread=yes
ac_cv_func_ptrace64=no
ac_cv_func_pwrite=yes
ac_cv_func_resize_term=no
ac_cv_func_sbrk=yes
ac_cv_func_setlocale=yes
ac_cv_func_setns=yes
ac_cv_func_setpgid=yes
ac_cv_func_setpgrp=yes
ac_cv_func_setpgrp_void=yes
ac_cv_func_setrlimit=yes
ac_cv_func_setsid=yes
ac_cv_func_sigaction=yes
ac_cv_func_sigaltstack=yes
ac_cv_func_sigprocmask=yes
ac_cv_func_sigsetmask=yes
ac_cv_func_socketpair=yes
ac_cv_func_syscall=yes
ac_cv_func_ttrace=no
ac_cv_func_vfork=yes
ac_cv_func_vfork_works=yes
ac_cv_func_waitpid=yes
ac_cv_func_wborder=no
ac_cv_func_wctype=yes
ac_cv_func_wresize=no
ac_cv_have_decl_ADDR_NO_RANDOMIZE=yes
ac_cv_have_decl_asprintf=yes
ac_cv_have_decl_basename_char_p_=yes
ac_cv_have_decl_ffs=yes
ac_cv_have_decl_free=yes
ac_cv_have_decl_malloc=yes
ac_cv_have_decl_perror=yes
ac_cv_have_decl_ptrace=yes
ac_cv_have_decl_realloc=yes
ac_cv_have_decl_snprintf=yes
ac_cv_have_decl_strerror=yes
ac_cv_have_decl_strstr=yes
ac_cv_have_decl_strtol=yes
ac_cv_have_decl_strtoll=yes
ac_cv_have_decl_strtoul=yes
ac_cv_have_decl_strtoull=yes
ac_cv_have_decl_strverscmp=yes
ac_cv_have_decl_vasprintf=yes
ac_cv_have_decl_vsnprintf=yes
ac_cv_have_x='have_x=yes	ac_x_includes='\'''\''	ac_x_libraries='\'''\'''
ac_cv_header_arpa_inet_h=yes
ac_cv_header_cursesX_h=no
ac_cv_header_curses_h=no
ac_cv_header_dlfcn_h=yes
ac_cv_header_elf_hp_h=no
ac_cv_header_fcntl_h=yes
ac_cv_header_inttypes_h=yes
ac_cv_header_libunwind_ia64_h=no
ac_cv_header_linux_elf_h=yes
ac_cv_header_linux_perf_event_h=yes
ac_cv_header_locale_h=yes
ac_cv_header_machine_reg_h=no
ac_cv_header_memory_h=yes
ac_cv_header_minix_config_h=no
ac_cv_header_ncurses_h=no
ac_cv_header_ncurses_ncurses_h=no
ac_cv_header_ncurses_term_h=no
ac_cv_header_netdb_h=yes
ac_cv_header_netinet_in_h=yes
ac_cv_header_netinet_tcp_h=yes
ac_cv_header_nlist_h=no
ac_cv_header_poll_h=yes
ac_cv_header_proc_service_h=no
ac_cv_header_pthread_h=yes
ac_cv_header_ptrace_h=no
ac_cv_header_sgtty_h=yes
ac_cv_header_signal_h=yes
ac_cv_header_stdc=yes
ac_cv_header_stdint_h=yes
ac_cv_header_stdlib_h=yes
ac_cv_header_string_h=yes
ac_cv_header_strings_h=yes
ac_cv_header_sys_debugreg_h=yes
ac_cv_header_sys_fault_h=no
ac_cv_header_sys_file_h=yes
ac_cv_header_sys_filio_h=no
ac_cv_header_sys_ioctl_h=yes
ac_cv_header_sys_param_h=yes
ac_cv_header_sys_poll_h=yes
ac_cv_header_sys_proc_h=no
ac_cv_header_sys_procfs_h=yes
ac_cv_header_sys_ptrace_h=yes
ac_cv_header_sys_reg_h=yes
ac_cv_header_sys_resource_h=yes
ac_cv_header_sys_select_h=yes
ac_cv_header_sys_socket_h=yes
ac_cv_header_sys_stat_h=yes
ac_cv_header_sys_syscall_h=yes
ac_cv_header_sys_types_h=yes
ac_cv_header_sys_un_h=yes
ac_cv_header_sys_user_h=yes
ac_cv_header_sys_wait_h=yes
ac_cv_header_term_h=no
ac_cv_header_termio_h=yes
ac_cv_header_termios_h=yes
ac_cv_header_thread_db_h=yes
ac_cv_header_unistd_h=yes
ac_cv_header_vfork_h=no
ac_cv_header_wait_h=yes
ac_cv_header_windows_h=no
ac_cv_host=x86_64-unknown-linux-gnu
ac_cv_lib_dl_dlopen=yes
ac_cv_lib_m_main=yes
ac_cv_libbabeltrace=no
ac_cv_libexpat=yes
ac_cv_libipt=no
ac_cv_liblzma=yes
ac_cv_member_struct_reg_r_fs=no
ac_cv_member_struct_reg_r_gs=no
ac_cv_member_struct_stat_st_blksize=yes
ac_cv_member_struct_stat_st_blocks=yes
ac_cv_member_struct_thread_td_pcb=no
ac_cv_member_struct_user_regs_struct_fs_base=yes
ac_cv_member_struct_user_regs_struct_gs_base=yes
ac_cv_objext=o
ac_cv_path_EGREP='/usr/bin/grep -E'
ac_cv_path_GREP=/usr/bin/grep
ac_cv_path_pkg_config_prog_path=/usr/bin/pkg-config
ac_cv_path_python_prog_path=/mnt/petrelfs/sunluoyi/anaconda3/envs/clap/bin/python
ac_cv_prog_AR=ar
ac_cv_prog_AWK=gawk
ac_cv_prog_CC=gcc
ac_cv_prog_CPP='gcc -E'
ac_cv_prog_DLLTOOL=dlltool
ac_cv_prog_MAKE=make
ac_cv_prog_RANLIB=ranlib
ac_cv_prog_WINDRES=windres
ac_cv_prog_YACC='bison -y'
ac_cv_prog_cc_c89=
ac_cv_prog_cc_g=yes
ac_cv_prog_cxx_g=yes
ac_cv_prog_make_make_set=yes
ac_cv_safe_to_define___extensions__=yes
ac_cv_search_dlopen=-ldl
ac_cv_search_gethostbyname='none required'
ac_cv_search_kinfo_getvmmap=no
ac_cv_search_socketpair='none required'
ac_cv_search_tgetent=no
ac_cv_search_waddstr=no
ac_cv_sizeof_long_long=8
ac_cv_sizeof_unsigned___int128=16
ac_cv_sizeof_unsigned_long=8
ac_cv_sizeof_unsigned_long_long=8
ac_cv_sys_file_offset_bits=no
ac_cv_sys_largefile_CC=no
ac_cv_target=x86_64-unknown-linux-gnu
ac_cv_type_Elf32_auxv_t=yes
ac_cv_type_Elf64_auxv_t=yes
ac_cv_type_long_long=yes
ac_cv_type_pid_t=yes
ac_cv_type_signal=void
ac_cv_type_socklen_t=yes
ac_cv_var__etext=yes
ac_cv_var_etext=yes
ac_cv_working_alloca_h=yes
acl_cv_hardcode_direct=no
acl_cv_hardcode_libdir_flag_spec='${wl}-rpath ${wl}$libdir'
acl_cv_hardcode_libdir_separator=
acl_cv_hardcode_minus_L=no
acl_cv_libext=a
acl_cv_path_LD=ld
acl_cv_prog_gnu_ld=yes
acl_cv_rpath=done
acl_cv_shlibext=so
acl_cv_wl=-Wl,
am_cv_CC_dependencies_compiler_type=gcc3
am_cv_build_libiconv_path=
am_cv_func_iconv=yes
am_cv_langinfo_codeset=yes
am_cv_lib_iconv=no
am_cv_prog_cc_stdc=
am_cv_proto_iconv='extern size_t iconv (iconv_t cd, char * *inbuf, size_t *inbytesleft, char * *outbuf, size_t *outbytesleft);'
am_cv_proto_iconv_arg1=
am_cv_use_build_libiconv=no
am_cv_val_LC_MESSAGES=yes
bfd_cv_have_sys_procfs_type_elf_fpregset_t=yes
bfd_cv_have_sys_procfs_type_fpregset_t=no
bfd_cv_have_sys_procfs_type_gregset_t=no
bfd_cv_have_sys_procfs_type_lwpid_t=yes
bfd_cv_have_sys_procfs_type_pr_sigaction64_t=no
bfd_cv_have_sys_procfs_type_pr_siginfo64_t=no
bfd_cv_have_sys_procfs_type_pr_sigset_t=no
bfd_cv_have_sys_procfs_type_prfpregset_t=yes
bfd_cv_have_sys_procfs_type_prgregset32_t=no
bfd_cv_have_sys_procfs_type_prgregset_t=yes
bfd_cv_have_sys_procfs_type_prsysent_t=no
bfd_cv_have_sys_procfs_type_psaddr_t=yes
gdb_cv_c_long_double=yes
gdb_cv_c_long_long=yes
gdb_cv_func_ptrace_args=int,int,long,long
gdb_cv_func_ptrace_ret=long
gdb_cv_func_sigsetjmp=yes
gdb_cv_have_gnu_regex=yes
gdb_cv_have_makeinfo_click=yes
gdb_cv_have_pt_getdbregs=no
gdb_cv_have_pt_getxmmregs=no
gdb_cv_have_ptrace_getfpxregs=yes
gdb_cv_have_ptrace_getregs=yes
gdb_cv_os_cygwin=no
gdb_cv_prfpregset_t_broken=no
gdb_cv_printf_has_decfloat=no
gdb_cv_printf_has_long_double=yes
gdb_cv_printf_has_long_long=yes
gdb_cv_scanf_has_long_double=yes
gdb_cv_struct_lwp=no
gdb_cv_struct_reg=no
gdb_cv_sys_syscall_h_has_tkill=yes
gdb_cv_thread_db_h_has_td_notalloc=yes
gdb_cv_thread_db_h_has_td_notls=yes
gdb_cv_thread_db_h_has_td_version=yes
gdb_cv_var_elf=yes
gdb_cv_var_macho=no
gdbsrv_cv_have_personality=true
gdbsrv_cv_have_ptrace_getfpxregs=yes
gdbsrv_cv_have_ptrace_getregs=yes
gdbsrv_cv_have_sync_builtins=yes
gdbsrv_cv_have_td_version=yes
gdbsrv_cv_have_visibility_hidden=yes

## ----------------- ##
## Output variables. ##
## ----------------- ##

ALLOCA=''
AR='ar'
AWK='gawk'
CATALOGS=''
CATOBJEXT='.gmo'
CC='gcc'
CCDEPMODE='depmode=gcc3'
CFLAGS='-g -O2'
COMPILER='$(CC)'
CONFIG_ALL=' all-po'
CONFIG_CLEAN=' clean-po'
CONFIG_DEPS=' $(SUBDIR_CLI_DEPS) $(SUBDIR_MI_DEPS)'
CONFIG_INSTALL=' install-po'
CONFIG_LDFLAGS=''
CONFIG_OBS=' $(SUBDIR_CLI_OBS) $(SUBDIR_MI_OBS) stub-termcap.o python.o guile.o elfread.o stap-probe.o dtrace-probe.o posix-hdep.o posix-strerror.o'
CONFIG_SRCS=' $(SUBDIR_CLI_SRCS) $(SUBDIR_MI_SRCS) python/python.c guile/guile.c'
CONFIG_UNINSTALL=' uninstall-po'
CPP='gcc -E'
CPPFLAGS=' '
CXX='g++'
CXXFLAGS='-g -O2'
DATADIRNAME='share'
DEBUGDIR='${exec_prefix}/lib/debug'
DEFS='-DHAVE_CONFIG_H'
DEPDIR='.deps'
DLLTOOL='dlltool'
ECHO_C=''
ECHO_N='-n'
ECHO_T=''
EGREP='/usr/bin/grep -E'
ENABLE_CFLAGS=' $(SUBDIR_CLI_CFLAGS) $(SUBDIR_MI_CFLAGS)'
EXEEXT=''
GCORE_TRANSFORM_NAME='gcore'
GDBTKLIBS=''
GDBTK_CFLAGS=''
GDBTK_SRC_DIR=''
GDB_DATADIR='${datarootdir}/gdb'
GDB_NM_FILE='config/nm-linux.h'
GDB_TRANSFORM_NAME='gdb'
GENCAT='gencat'
GMAKE_FALSE='#'
GMAKE_TRUE=''
GMSGFMT='/usr/bin/msgfmt'
GNULIB_STDINT_H=''
GREP='/usr/bin/grep'
GUILD=''
GUILD_TARGET_FLAG=''
GUILE_CPPFLAGS=''
GUILE_LIBS=''
GUI_CFLAGS_X='-I./../libgui/src'
HAVE_GUILE_FALSE=''
HAVE_GUILE_TRUE='#'
HAVE_LIBBABELTRACE='no'
HAVE_LIBEXPAT='yes'
HAVE_LIBIPT='no'
HAVE_LIBLZMA='yes'
HAVE_NATIVE_GCORE_TARGET='1'
HAVE_PYTHON_FALSE=''
HAVE_PYTHON_TRUE='#'
INCINTL=''
INSTALL_DATA='/usr/bin/install -c -m 644'
INSTALL_PROGRAM='/usr/bin/install -c'
INSTALL_SCRIPT='/usr/bin/install -c'
INSTALL_STRIP_PROGRAM='$(install_sh) -c -s'
INSTOBJEXT='.mo'
JIT_READER_DIR='${exec_prefix}/lib/gdb'
LDFLAGS=' '
LIBBABELTRACE=''
LIBEXPAT='-lexpat'
LIBGUI='../libgui/src/libgui.a'
LIBINTL=''
LIBINTL_DEP=''
LIBIPT=''
LIBLZMA='-llzma'
LIBOBJS=''
LIBS='-ldl -ldl -lm -ldl   '
LN_S='ln -s'
LTLIBBABELTRACE=''
LTLIBEXPAT='-lexpat'
LTLIBIPT=''
LTLIBLZMA='-llzma'
LTLIBOBJS=''
MAINT='#'
MAINTAINER_MODE_FALSE=''
MAINTAINER_MODE_TRUE='#'
MAKE='make'
MAKEINFO='makeinfo --split-size=5000000'
MAKEINFOFLAGS=''
MAKEINFO_EXTRA_FLAGS=' -DHAVE_MAKEINFO_CLICK'
MIG=''
OBJEXT='o'
PACKAGE='gdb'
PACKAGE_BUGREPORT=''
PACKAGE_NAME=''
PACKAGE_STRING=''
PACKAGE_TARNAME=''
PACKAGE_URL=''
PACKAGE_VERSION=''
PATH_SEPARATOR=':'
PKGVERSION='(GDB) '
POSUB='po'
PROFILE_CFLAGS=''
PYTHON_CFLAGS=''
PYTHON_CPPFLAGS=''
PYTHON_LIBS=''
RANLIB='ranlib'
RDYNAMIC='-Wl,--dynamic-list=$(srcdir)/proc-service.list'
READLINE='$(READLINE_DIR)/libreadline.a'
READLINE_CFLAGS='-I$(READLINE_SRC)/..'
READLINE_DEPS='$(READLINE)'
READLINE_TEXI_INCFLAG='-I $(READLINE_DIR)'
REPORT_BUGS_TEXI='@uref{http://www.gnu.org/software/gdb/bugs/}'
REPORT_BUGS_TO='<http://www.gnu.org/software/gdb/bugs/>'
SER_HARDWIRE='ser-base.o ser-unix.o ser-pipe.o ser-tcp.o'
SET_MAKE=''
SHELL='/bin/sh'
SIM=''
SIM_OBS=''
STRIP=''
SYSTEM_GDBINIT=''
TARGET_OBS=' amd64-tdep.o amd64-linux-tdep.o i386-tdep.o i387-tdep.o i386-linux-tdep.o glibc-tdep.o solib-svr4.o symfile-mem.o linux-tdep.o linux-record.o'
TARGET_PTR='unsigned long'
TARGET_SYSTEM_ROOT=''
TCL_BIN_DIR=''
TCL_DEPS=''
TCL_INCLUDE=''
TCL_LIBRARY=''
TCL_LIB_FILE=''
TCL_LIB_FLAG=''
TCL_LIB_SPEC=''
TCL_PATCH_LEVEL=''
TCL_SRC_DIR=''
TCL_STUB_LIB_FILE=''
TCL_STUB_LIB_FLAG=''
TCL_STUB_LIB_SPEC=''
TCL_VERSION=''
TK_BIN_DIR=''
TK_DEPS=''
TK_INCLUDE=''
TK_LIBRARY=''
TK_LIB_FILE=''
TK_LIB_FLAG=''
TK_LIB_SPEC=''
TK_SRC_DIR=''
TK_STUB_LIB_FILE=''
TK_STUB_LIB_FLAG=''
TK_STUB_LIB_SPEC=''
TK_VERSION=''
TK_XINCLUDES=''
USE_NLS='yes'
WARN_CFLAGS=' -Wall -Wpointer-arith -Wno-unused -Wunused-value -Wunused-function -Wno-switch -Wno-char-subscripts -Wempty-body -Wpointer-sign -Wmissing-prototypes -Wdeclaration-after-statement -Wmissing-parameter-type -Wold-style-declaration -Wold-style-definition -Wformat-nonliteral'
WERROR_CFLAGS=''
WIN32LDAPP=''
WIN32LIBS=''
WINDRES='windres'
XGETTEXT='/usr/bin/xgettext'
XMKMF=''
X_CFLAGS=''
X_LDFLAGS=''
X_LIBS=''
YACC='bison -y'
YFLAGS=''
ac_ct_CC=''
ac_ct_CXX=''
am__leading_dot='.'
bindir='${exec_prefix}/bin'
build='x86_64-unknown-linux-gnu'
build_alias='x86_64-unknown-linux-gnu'
build_cpu='x86_64'
build_os='linux-gnu'
build_vendor='unknown'
datadir='${datarootdir}'
datarootdir='${prefix}/share'
docdir='${datarootdir}/doc/${PACKAGE}'
dvidir='${docdir}'
exec_prefix='${prefix}'
frags=' ./config/i386/linux64.mh'
host='x86_64-unknown-linux-gnu'
host_alias='x86_64-unknown-linux-gnu'
host_cpu='x86_64'
host_os='linux-gnu'
host_vendor='unknown'
htmldir='${docdir}'
includedir='${prefix}/include'
infodir='${datarootdir}/info'
install_sh='${SHELL} /mnt/petrelfs/sunluoyi/autoacd/code/CLAP_distribute/src/laion_clap/evaluate/gdb-7.10.1/install-sh'
libdir='${exec_prefix}/lib'
libexecdir='${exec_prefix}/libexec'
localedir='${datadir}/locale'
localstatedir='${prefix}/var'
mandir='${datarootdir}/man'
oldincludedir='/usr/include'
pdfdir='${docdir}'
pkg_config_prog_path='/usr/bin/pkg-config'
prefix='/mnt/petrelfs/sunluoyi/gdb'
program_transform_name='s,y,y,'
psdir='${docdir}'
python_prog_path='/mnt/petrelfs/sunluoyi/anaconda3/envs/clap/bin/python'
sbindir='${exec_prefix}/sbin'
sharedstatedir='${prefix}/com'
subdirs=' testsuite gdbserver'
sysconfdir='${prefix}/etc'
target='x86_64-unknown-linux-gnu'
target_alias='x86_64-unknown-linux-gnu'
target_cpu='x86_64'
target_os='linux-gnu'
target_subdir=''
target_vendor='unknown'
zlibdir='-L$(top_builddir)/../zlib'
zlibinc='-I$(top_srcdir)/../zlib'

## ------------------- ##
## File substitutions. ##
## ------------------- ##

host_makefile_frag='./config/i386/linux64.mh'

## ----------- ##
## confdefs.h. ##
## ----------- ##

/* confdefs.h */
#define PACKAGE_NAME ""
#define PACKAGE_TARNAME ""
#define PACKAGE_VERSION ""
#define PACKAGE_STRING ""
#define PACKAGE_BUGREPORT ""
#define PACKAGE_URL ""
#define STDC_HEADERS 1
#define HAVE_SYS_TYPES_H 1
#define HAVE_SYS_STAT_H 1
#define HAVE_STDLIB_H 1
#define HAVE_STRING_H 1
#define HAVE_MEMORY_H 1
#define HAVE_STRINGS_H 1
#define HAVE_INTTYPES_H 1
#define HAVE_STDINT_H 1
#define HAVE_UNISTD_H 1
#define __EXTENSIONS__ 1
#define _ALL_SOURCE 1
#define _GNU_SOURCE 1
#define _POSIX_PTHREAD_SEMANTICS 1
#define _TANDEM_SOURCE 1
#define HAVE_DLFCN_H 1
#define ENABLE_NLS 1
#define PACKAGE "gdb"
#define DEBUGDIR "/mnt/petrelfs/sunluoyi/gdb/lib/debug"
#define DEBUGDIR_RELOCATABLE 1
#define BINDIR "/mnt/petrelfs/sunluoyi/gdb/bin"
#define GDB_DATADIR "/mnt/petrelfs/sunluoyi/gdb/share/gdb"
#define GDB_DATADIR_RELOCATABLE 1
#define AUTO_LOAD_DIR "$debugdir:$datadir/auto-load"
#define AUTO_LOAD_SAFE_PATH "$debugdir:$datadir/auto-load"
#define DEFAULT_BFD_ARCH bfd_i386_arch
#define DEFAULT_BFD_VEC x86_64_elf64_vec
#define HAVE_MONSTARTUP 1
#define HAVE__MCLEANUP 1
#define HAVE__ETEXT 1
#define HAVE_ETEXT 1
#define PKGVERSION "(GDB) "
#define REPORT_BUGS_TO "<http://www.gnu.org/software/gdb/bugs/>"
#define HAVE_LIBM 1
#define HAVE_ICONV 1
#define ICONV_CONST 
#define SIZEOF_UNSIGNED_LONG_LONG 8
#define SIZEOF_UNSIGNED_LONG 8
#define SIZEOF_UNSIGNED___INT128 16
#define JIT_READER_DIR "/mnt/petrelfs/sunluoyi/gdb/lib/gdb"
#define JIT_READER_DIR_RELOCATABLE 1
#define HAVE_LIBEXPAT 1
#define HAVE_XML_STOPPARSER 1
#define STDC_HEADERS 1
#define HAVE_POLL_H 1
#define HAVE_SYS_POLL_H 1
#define HAVE_THREAD_DB_H 1
#define HAVE_SYS_FILE_H 1
#define HAVE_SYS_IOCTL_H 1
#define HAVE_SYS_PARAM_H 1
#define HAVE_SYS_RESOURCE_H 1
#define HAVE_SYS_PROCFS_H 1
#define HAVE_SYS_PTRACE_H 1
#define HAVE_SYS_REG_H 1
#define HAVE_SYS_DEBUGREG_H 1
#define HAVE_SYS_SELECT_H 1
#define HAVE_SYS_SYSCALL_H 1
#define HAVE_TERMIOS_H 1
#define HAVE_TERMIO_H 1
#define HAVE_SGTTY_H 1
#define HAVE_DLFCN_H 1
#define HAVE_SYS_USER_H 1
#define HAVE_LONG_LONG 1
#define SIZEOF_LONG_LONG 8
#define HAVE_DECL_BASENAME 1
#define HAVE_DECL_FFS 1
#define HAVE_DECL_ASPRINTF 1
#define HAVE_DECL_VASPRINTF 1
#define HAVE_DECL_SNPRINTF 1
#define HAVE_DECL_VSNPRINTF 1
#define HAVE_DECL_STRTOL 1
#define HAVE_DECL_STRTOUL 1
#define HAVE_DECL_STRTOLL 1
#define HAVE_DECL_STRTOULL 1
#define HAVE_DECL_STRVERSCMP 1
#define HAVE_DECL_FREE 1
#define HAVE_DECL_MALLOC 1
#define HAVE_DECL_REALLOC 1
#define HAVE_DECL_SNPRINTF 1
#define HAVE_LC_MESSAGES 1
#define HAVE_STRUCT_STAT_ST_BLOCKS 1
#define HAVE_STRUCT_STAT_ST_BLKSIZE 1
#define RETSIGTYPE void
#define HAVE_SOCKLEN_T 1
#define HAVE_STDLIB_H 1
#define HAVE_UNISTD_H 1
#define HAVE_GETPAGESIZE 1
#define HAVE_MMAP 1
#define HAVE_FORK 1
#define HAVE_VFORK 1
#define HAVE_WORKING_VFORK 1
#define HAVE_WORKING_FORK 1
#define HAVE_GETAUXVAL 1
#define HAVE_GETRUSAGE 1
#define HAVE_GETUID 1
#define HAVE_GETGID 1
#define HAVE_PIPE 1
#define HAVE_POLL 1
#define HAVE_PREAD 1
#define HAVE_PREAD64 1
#define HAVE_PWRITE 1
#define HAVE_SBRK 1
#define HAVE_SETPGID 1
#define HAVE_SETPGRP 1
#define HAVE_SETSID 1
#define HAVE_SIGACTION 1
#define HAVE_SIGPROCMASK 1
#define HAVE_SIGSETMASK 1
#define HAVE_SOCKETPAIR 1
#define HAVE_SETLOCALE 1
#define HAVE_BTOWC 1
#define HAVE_SETRLIMIT 1
#define HAVE_GETRLIMIT 1
#define HAVE_POSIX_MADVISE 1
#define HAVE_WAITPID 1
#define HAVE_SIGALTSTACK 1
#define HAVE_MKDTEMP 1
#define HAVE_SETNS 1
#define HAVE_LANGINFO_CODESET 1
#define STDC_HEADERS 1
#define HAVE_ALLOCA_H 1
#define HAVE_ALLOCA 1
#define HAVE_LANGINFO_CODESET 1
#define HAVE_LINUX_PERF_EVENT_H 1
#define HAVE_LOCALE_H 1
#define HAVE_MEMORY_H 1
#define HAVE_SIGNAL_H 1
#define HAVE_SYS_RESOURCE_H 1
#define HAVE_SYS_SOCKET_H 1
#define HAVE_SYS_SYSCALL_H 1
#define HAVE_SYS_UN_H 1
#define HAVE_SYS_WAIT_H 1
#define HAVE_THREAD_DB_H 1
#define HAVE_WAIT_H 1
#define HAVE_GETRLIMIT 1
#define HAVE_PIPE 1
#define HAVE_PIPE2 1
#define HAVE_SOCKETPAIR 1
#define HAVE_DECL_STRERROR 1
#define HAVE_DECL_STRSTR 1
#define HAVE_SIGSETJMP 1
#define HAVE_DECL_PTRACE 1
#define PTRACE_TYPE_RET long
#define PTRACE_TYPE_ARG3 long
#define PTRACE_TYPE_ARG4 long
#define SETPGRP_VOID 1
#define HAVE_STRUCT_USER_REGS_STRUCT_FS_BASE 1
#define HAVE_STRUCT_USER_REGS_STRUCT_GS_BASE 1
#define HAVE_PTRACE_GETREGS 1
#define HAVE_PTRACE_GETFPXREGS 1
#define HAVE_PRGREGSET_T 1
#define HAVE_PRFPREGSET_T 1
#define HAVE_LWPID_T 1
#define HAVE_PSADDR_T 1
#define PRINTF_HAS_LONG_LONG 1
#define HAVE_LONG_DOUBLE 1
#define PRINTF_HAS_LONG_DOUBLE 1
#define SCANF_HAS_LONG_DOUBLE 1
#define THREAD_DB_HAS_TD_NOTALLOC 1
#define THREAD_DB_HAS_TD_VERSION 1
#define THREAD_DB_HAS_TD_NOTLS 1
#define HAVE_TKILL_SYSCALL 1
#define HAVE_DECL_ADDR_NO_RANDOMIZE 1
#define HAVE_PERSONALITY 1
#define GDBINIT ".gdbinit"
#define TARGET_SYSTEM_ROOT ""
#define TARGET_SYSTEM_ROOT_RELOCATABLE 0
#define SYSTEM_GDBINIT ""
#define SYSTEM_GDBINIT_RELOCATABLE 0
#define HAVE_ELF 1
#define HAVE_LIBLZMA 1
#define GDB_HOST_FLOAT_FORMAT 0
#define GDB_HOST_DOUBLE_FORMAT 0
#define GDB_HOST_LONG_DOUBLE_FORMAT 0
#define GDB_OSABI_DEFAULT GDB_OSABI_LINUX
#define GDB_NM_FILE "config/nm-linux.h"
#define GDB_DEFAULT_HOST_CHARSET "UTF-8"

configure: exit 0

## ---------------------- ##
## Running config.status. ##
## ---------------------- ##

This file was extended by config.status, which was
generated by GNU Autoconf 2.64.  Invocation command line was

  CONFIG_FILES    = 
  CONFIG_HEADERS  = config.h:config.in
  CONFIG_LINKS    = 
  CONFIG_COMMANDS = default depdir
  $ config.status 

on SH-IDC1-10-140-0-31

config.status:1175: creating config.h
config.status:1346: config.h is unchanged
config.status:1391: executing default commands
config.status:1391: executing depdir commands
